GUN2:: Condition 1
GUN1:: Condition 1
GUN2:: Condition 1
GUN1:: Condition 1
GUN2:: Condition 1
GUN1:: Condition 1
GUN2:: Condition 1
GUN1:: Condition 3
GUN2:: Condition 2
GUN1:: Condition 3
GUN2:: Condition 2
GUN1:: Condition 3
GUN2:: Condition 2
GUN1:: Condition 3
GUN2:: Condition 2
GUN1:: Condition 3
GUN2:: Condition 2
GUN1:: Condition 3
GUN2:: Condition 2
GUN1:: Condition 3
GUN2:: Condition 2
GUN1:: Condition 3
GUN2:: Condition 2
GUN1:: Condition 3
GUN2:: Condition 2
GUN1:: Condition 3
GUN2:: Condition 2
GUN1:: Condition 3
GUN2:: Condition 2
GUN1:: Condition 3
GUN2:: Condition 2
GUN1:: Condition 3
GUN2:: Condition 2
GUN1:: Condition 3
GUN2:: Condition 2
GUN1:: Condition 3
GUN2:: Condition 2
GUN1:: Condition 3
GUN2:: Condition 2
GUN1:: Condition 3
GUN2:: Condition 2
GUN1:: Condition 3
GUN2:: Condition 2
GUN1:: Condition 3
GUN2:: Condition 2
GUN1:: Condition 3
GUN2:: Condition 2
GUN1:: Condition 3
GUN2:: Condition 2
GUN1:: Condition 3
GUN2:: Condition 2
GUN1:: Condition 3
GUN2:: Condition 2
GUN1:: Condition 3
GUN2:: Condition 2
GUN1:: Condition 3
GUN2:: Condition 2
GUN1:: Condition 3
GUN2:: Condition 2
GUN1:: Condition 3
GUN2:: Condition 2
GUN1:: Condition 3
GUN2:: Condition 2
GUN1:: Condition 3
GUN2:: Condition 2
GUN1:: Condition 3
GUN2:: Condition 2
GUN1:: Condition 3
GUN2:: Condition 2

GUN1:: Condition 3
GUN2:: Condition 2
GUN1:: Condition 3
GUN2:: Condition 2
GUN1:: Condition 3
GUN2:: Condition 2
GUN1:: Condition 3
GUN2:: Condition 2
GUN1:: Condition 3
GUN2:: Condition 2
GUN1:: Condition 3
GUN2:: Condition 2
GUN1:: Condition 3
GUN2:: Condition 2
GUN1:: Condition 3
GUN2:: Condition 2
GUN1:: Condition 3
GUN2:: Condition 2
GUN1:: Condition 3
GUN2:: Condition 2
GUN1:: Condition 3
GUN2:: Condition 2
GUN1:: Condition 3
GUN2:: Condition 2
GUN1:: Condition 3
GUN2:: Condition 2
GUN1:: Condition 3
GUN2:: Condition 2
GUN1:: Condition 3
GUN2:: Condition 2
GUN1:: Condition 3
GUN2:: Condition 2
GUN1:: Condition 3
GUN2:: Condition 2
GUN1:: Condition 3
GUN2:: Condition 2
GUN1:: Condition 3
GUN2:: Condition 2
GUN1:: Condition 3
GUN2:: Condition 2
GUN1:: Condition 3
GUN2:: Condition 2
GUN1:: Condition 3
GUN2:: Condition 2
GUN1:: Condition 3
GUN2:: Condition 2
GUN1:: Condition 3
GUN2:: Condition 2
GUN1:: Condition 3
GUN2:: Condition 2
GUN1:: Condition 3
GUN2:: Condition 2
GUN1:: Condition 3
GUN2:: Condition 2
GUN1:: Condition 3
GUN2:: Condition 2
GUN1:: Condition 3
GUN2:: Condition 2
GUN1:: Condition 3
GUN2:: Condition 2
GUN1:: Condition 3
GUN2:: Condition 2
GUN1:: Condition 3
GUN2:: Condition 2
GUN1:: Condition 3
GUN2:: Condition 2
GUN1:: Condition 3
GUN2:: Condition 2
GUN1:: Condition 3
GUN2:: Condition 2
GUN1:: Condition 3
GUN2:: Condition 2
GUN1:: Condition 3
GUN2:: Condition 2
GUN1:: Condition 3
GUN2:: Condition 2
GUN1:: Condition 3
GUN2:: Condition 2
GUN1:: Condition 3
GUN2:: Condition 2
GUN1:: Condition 3
GUN2:: Condition 2
GUN1:: Condition 3
GUN2:: Condition 2
GUN1:: Condition 3
GUN2:: Condition 2
GUN1:: Condition 3
GUN2:: Condition 2
GUN1:: Condition 3
GUN2:: Condition 2
GUN1:: Condition 3
GUN2:: Condition 2
GUN1:: Condition 3
GUN2:: Condition 2
GUN1:: Condition 3
GUN2:: Condition 2
GUN1:: Condition 3
GUN2:: Condition 2
GUN1:: Condition 3
GUN2:: Condition 2
GUN1:: Condition 3
GUN2:: Condition 2
GUN1:: Condition 3
GUN2:: Condition 2
GUN1:: Condition 3
GUN2:: Condition 2
GUN1:: Condition 3
GUN2:: Condition 2
GUN1:: Condition 3
GUN2:: Condition 2
GUN1:: Condition 3
GUN2:: Condition 2
GUN1:: Condition 3
GUN2:: Condition 2
GUN1:: Condition 3
GUN2:: Condition 2
GUN1:: Condition 3
GUN2:: Condition 2
GUN1:: Condition 3
GUN2:: Condition 2
GUN1:: Condition 3
GUN2:: Condition 2
GUN1:: Condition 3
GUN2:: Condition 2
GUN1:: Condition 5
GUN1:: Cable Check
GUN1:: Condition 5
GUN1:: Cable Check
GUN1:: GUN1:: Condition 8
Gun1: Power Limit Set to: 30.0 kW power1: 184, 11, current1: 232, 3
GUN1:: GUN1:: Condition 8
GUN1:: GUN1:: Condition 8
GUN1:: GUN1:: Condition 8
GUN1:: GUN1:: Condition 8
GUN1:: GUN1:: Condition 8
GUN1:: GUN1:: Condition 8
GUN1:: GUN1:: Condition 8
GUN1:: GUN1:: Condition 8
GUN1:: GUN1:: Condition 8
GUN1:: GUN1:: Condition 8
GUN1:: GUN1:: Condition 8
GUN1:: GUN1:: Condition 8
GUN1:: GUN1:: Condition 8
GUN1:: GUN1:: Condition 8
GUN1:: GUN1:: Condition 8
GUN1:: GUN1:: Condition 8
GUN1:: GUN1:: Condition 8
GUN1:: GUN1:: Condition 8
GUN1:: GUN1:: Condition 8
GUN1:: GUN1:: Condition 8
GUN1:: GUN1:: Condition 8
GUN1:: Condition 11
GUN1:: Condition 11-1
Gun1: Power Limit Set to: 25.0 kW power1: 196, 9, current1: 232, 3
Gun1 :: LP: 25000, RP: 558, DP: 0, Diff: 24442, ChangeRequest: False
GUN2:: Condition 2
Gun2: Power Limit Set to: 120.0 kW power1: 224, 46, current1: 196, 9
GUN1:: Condition 11
GUN1:: Condition 11-1
Gun1: Power Limit Set to: 25.0 kW power1: 196, 9, current1: 232, 3
Gun1 :: LP: 25000, RP: 598, DP: 0, Diff: 24402, ChangeRequest: False
GUN2:: Condition 2
Gun2: Power Limit Set to: 120.0 kW power1: 224, 46, current1: 196, 9
GUN1:: Condition 11
GUN1:: Condition 11-1
Gun1: Power Limit Set to: 25.0 kW power1: 196, 9, current1: 232, 3
Gun1 :: LP: 25000, RP: 518, DP: 0, Diff: 24482, ChangeRequest: False
GUN2:: Condition 2
Gun2: Power Limit Set to: 120.0 kW power1: 224, 46, current1: 196, 9
GUN1:: Condition 11
GUN1:: Condition 11-1
Gun1: Power Limit Set to: 25.0 kW power1: 196, 9, current1: 232, 3
Gun1 :: LP: 25000, RP: 438, DP: 0, Diff: 24562, ChangeRequest: False
GUN2:: Condition 2
Gun2: Power Limit Set to: 120.0 kW power1: 224, 46, current1: 196, 9
GUN1:: Condition 11
GUN1:: Condition 11-1
Gun1: Power Limit Set to: 25.0 kW power1: 196, 9, current1: 232, 3
Gun1 :: LP: 25000, RP: 358, DP: 0, Diff: 24642, ChangeRequest: False
GUN2:: Condition 2
Gun2: Power Limit Set to: 120.0 kW power1: 224, 46, current1: 196, 9
GUN1:: Condition 11
GUN1:: Condition 11-1
Gun1: Power Limit Set to: 25.0 kW power1: 196, 9, current1: 232, 3
Gun1 :: LP: 25000, RP: 318, DP: 0, Diff: 24682, ChangeRequest: False
GUN2:: Condition 2
Gun2: Power Limit Set to: 120.0 kW power1: 224, 46, current1: 196, 9
GUN1:: Condition 11
GUN1:: Condition 11-1
Gun1: Power Limit Set to: 25.0 kW power1: 196, 9, current1: 232, 3
Gun1 :: LP: 25000, RP: 279, DP: 0, Diff: 24721, ChangeRequest: False
GUN2:: Condition 2
Gun2: Power Limit Set to: 120.0 kW power1: 224, 46, current1: 196, 9
GUN1:: Condition 11
GUN1:: Condition 11-1
Gun1: Power Limit Set to: 25.0 kW power1: 196, 9, current1: 232, 3
Gun1 :: LP: 25000, RP: 279, DP: 0, Diff: 24721, ChangeRequest: False
GUN2:: Condition 2
Gun2: Power Limit Set to: 120.0 kW power1: 224, 46, current1: 196, 9
GUN1:: Condition 11
GUN1:: Condition 11-1
Gun1: Power Limit Set to: 25.0 kW power1: 196, 9, current1: 232, 3
Gun1 :: LP: 25000, RP: 239, DP: 0, Diff: 24761, ChangeRequest: False
GUN2:: Condition 2
Gun2: Power Limit Set to: 120.0 kW power1: 224, 46, current1: 196, 9
GUN1:: Condition 11
GUN1:: Condition 11-1
Gun1: Power Limit Set to: 25.0 kW power1: 196, 9, current1: 232, 3
Gun1 :: LP: 25000, RP: 239, DP: 0, Diff: 24761, ChangeRequest: False
GUN2:: Condition 2
Gun2: Power Limit Set to: 120.0 kW power1: 224, 46, current1: 196, 9
GUN1:: Condition 11
GUN1:: Condition 11-1
Gun1: Power Limit Set to: 25.0 kW power1: 196, 9, current1: 232, 3
Gun1 :: LP: 25000, RP: 199, DP: 0, Diff: 24801, ChangeRequest: False
GUN2:: Condition 2
Gun2: Power Limit Set to: 120.0 kW power1: 224, 46, current1: 196, 9
GUN1:: Condition 11
GUN1:: Condition 11-1
Gun1: Power Limit Set to: 25.0 kW power1: 196, 9, current1: 232, 3
Gun1 :: LP: 25000, RP: 199, DP: 0, Diff: 24801, ChangeRequest: False
GUN2:: Condition 2
Gun2: Power Limit Set to: 120.0 kW power1: 224, 46, current1: 196, 9
GUN1:: Condition 11
GUN1:: Condition 11-1
Gun1: Power Limit Set to: 25.0 kW power1: 196, 9, current1: 232, 3
Gun1 :: LP: 25000, RP: 199, DP: 0, Diff: 24801, ChangeRequest: False
GUN2:: Condition 2
Gun2: Power Limit Set to: 120.0 kW power1: 224, 46, current1: 196, 9
GUN1:: Condition 11
GUN1:: Condition 11-1
Gun1: Power Limit Set to: 25.0 kW power1: 196, 9, current1: 232, 3
Gun1 :: LP: 25000, RP: 199, DP: 0, Diff: 24801, ChangeRequest: False
GUN2:: Condition 2
Gun2: Power Limit Set to: 120.0 kW power1: 224, 46, current1: 196, 9
GUN1:: Condition 11
GUN1:: Condition 11-1
Gun1: Power Limit Set to: 25.0 kW power1: 196, 9, current1: 232, 3
Gun1 :: LP: 25000, RP: 199, DP: 0, Diff: 24801, ChangeRequest: False
GUN2:: Condition 2
Gun2: Power Limit Set to: 120.0 kW power1: 224, 46, current1: 196, 9
GUN1:: Condition 11
GUN1:: Condition 11-1
Gun1: Power Limit Set to: 25.0 kW power1: 196, 9, current1: 232, 3
Gun1 :: LP: 25000, RP: 199, DP: 0, Diff: 24801, ChangeRequest: False
GUN2:: Condition 2
Gun2: Power Limit Set to: 120.0 kW power1: 224, 46, current1: 196, 9
GUN1:: Condition 11
GUN1:: Condition 11-1
Gun1: Power Limit Set to: 25.0 kW power1: 196, 9, current1: 232, 3
Gun1 :: LP: 25000, RP: 199, DP: 0, Diff: 24801, ChangeRequest: False
GUN2:: Condition 2
Gun2: Power Limit Set to: 120.0 kW power1: 224, 46, current1: 196, 9
GUN1:: Condition 11
GUN1:: Condition 11-1
Gun1: Power Limit Set to: 25.0 kW power1: 196, 9, current1: 232, 3
Gun1 :: LP: 25000, RP: 199, DP: 0, Diff: 24801, ChangeRequest: False
GUN2:: Condition 2
Gun2: Power Limit Set to: 120.0 kW power1: 224, 46, current1: 196, 9
GUN1:: Condition 11
GUN1:: Condition 11-1
Gun1: Power Limit Set to: 25.0 kW power1: 196, 9, current1: 232, 3
Gun1 :: LP: 25000, RP: 199, DP: 939, Diff: 24801, ChangeRequest: False
GUN2:: Condition 2
Gun2: Power Limit Set to: 120.0 kW power1: 224, 46, current1: 196, 9
GUN1:: Condition 11
GUN1:: Condition 11-1
Gun1: Power Limit Set to: 25.0 kW power1: 196, 9, current1: 232, 3
Gun1 :: LP: 25000, RP: 199, DP: 2860, Diff: 24801, ChangeRequest: False
GUN2:: Condition 2
Gun2: Power Limit Set to: 120.0 kW power1: 224, 46, current1: 196, 9
GUN1:: Condition 11
GUN1:: Condition 11-1
Gun1: Power Limit Set to: 25.0 kW power1: 196, 9, current1: 232, 3
Gun1 :: LP: 25000, RP: 319, DP: 2860, Diff: 24681, ChangeRequest: False
GUN2:: Condition 2
Gun2: Power Limit Set to: 120.0 kW power1: 224, 46, current1: 196, 9
GUN1:: Condition 11
GUN1:: Condition 11-1
Gun1: Power Limit Set to: 25.0 kW power1: 196, 9, current1: 232, 3
Gun1 :: LP: 25000, RP: 798, DP: 4658, Diff: 24202, ChangeRequest: False
GUN2:: Condition 2
Gun2: Power Limit Set to: 120.0 kW power1: 224, 46, current1: 196, 9
GUN1:: Condition 11
GUN1:: Condition 11-1
Gun1: Power Limit Set to: 25.0 kW power1: 196, 9, current1: 232, 3
Gun1 :: LP: 25000, RP: 1277, DP: 4658, Diff: 23723, ChangeRequest: False
GUN2:: Condition 2
Gun2: Power Limit Set to: 120.0 kW power1: 224, 46, current1: 196, 9
GUN1:: Condition 11
GUN1:: Condition 11-1
Gun1: Power Limit Set to: 25.0 kW power1: 196, 9, current1: 232, 3
Gun1 :: LP: 25000, RP: 1957, DP: 6545, Diff: 23043, ChangeRequest: False
GUN2:: Condition 2
Gun2: Power Limit Set to: 120.0 kW power1: 224, 46, current1: 196, 9
GUN1:: Condition 11
GUN1:: Condition 11-1
Gun1: Power Limit Set to: 25.0 kW power1: 196, 9, current1: 232, 3
Gun1 :: LP: 25000, RP: 2556, DP: 6545, Diff: 22444, ChangeRequest: False
GUN2:: Condition 2
Gun2: Power Limit Set to: 120.0 kW power1: 224, 46, current1: 196, 9
GUN1:: Condition 11
GUN1:: Condition 11-1
Gun1: Power Limit Set to: 25.0 kW power1: 196, 9, current1: 232, 3
Gun1 :: LP: 25000, RP: 3359, DP: 8312, Diff: 21641, ChangeRequest: False
GUN2:: Condition 2
Gun2: Power Limit Set to: 120.0 kW power1: 224, 46, current1: 196, 9
GUN1:: Condition 11
GUN1:: Condition 11-1
Gun1: Power Limit Set to: 25.0 kW power1: 196, 9, current1: 232, 3
Gun1 :: LP: 25000, RP: 4118, DP: 8312, Diff: 20882, ChangeRequest: False
GUN2:: Condition 2
Gun2: Power Limit Set to: 120.0 kW power1: 224, 46, current1: 196, 9
GUN1:: Condition 11
GUN1:: Condition 11-1
Gun1: Power Limit Set to: 25.0 kW power1: 196, 9, current1: 232, 3
Gun1 :: LP: 25000, RP: 5003, DP: 10245, Diff: 19997, ChangeRequest: False
GUN2:: Condition 4
Gun2: Power Limit Set to: 120.0 kW power1: 224, 46, current1: 196, 9
GUN1:: Condition 12
Gun1: Power Limit Set to: 30.0 kW power1: 184, 11, current1: 232, 3
GUN1:: Condition 12-1
Gun1 :: LP: 25000, RP: 5724, DP: 10245, Diff: 19276, ChangeRequest: False
GUN2:: Condition 4
Gun2: Power Limit Set to: 120.0 kW power1: 224, 46, current1: 196, 9
GUN1:: Condition 12
Gun1: Power Limit Set to: 30.0 kW power1: 184, 11, current1: 232, 3
GUN1:: Condition 12-1
Gun1 :: LP: 25000, RP: 6691, DP: 12007, Diff: 18309, ChangeRequest: False
GUN2:: Condition 4
Gun2: Power Limit Set to: 120.0 kW power1: 224, 46, current1: 196, 9
GUN1:: Condition 12
Gun1: Power Limit Set to: 30.0 kW power1: 184, 11, current1: 232, 3
GUN1:: Condition 12-1
Gun1 :: LP: 25000, RP: 7493, DP: 13786, Diff: 17507, ChangeRequest: False
GUN2:: Condition 4
Gun2: Power Limit Set to: 120.0 kW power1: 224, 46, current1: 196, 9
GUN1:: Condition 12
Gun1: Power Limit Set to: 30.0 kW power1: 184, 11, current1: 232, 3
GUN1:: Condition 12-1
Gun1 :: LP: 25000, RP: 8423, DP: 13786, Diff: 16577, ChangeRequest: False
GUN2:: Condition 4
Gun2: Power Limit Set to: 120.0 kW power1: 224, 46, current1: 196, 9
GUN1:: Condition 12
Gun1: Power Limit Set to: 30.0 kW power1: 184, 11, current1: 232, 3
GUN1:: Condition 12-1
Gun1 :: LP: 25000, RP: 9555, DP: 15442, Diff: 15445, ChangeRequest: False
GUN2:: Condition 4
Gun2: Power Limit Set to: 120.0 kW power1: 224, 46, current1: 196, 9
GUN1:: Condition 12
Gun1: Power Limit Set to: 30.0 kW power1: 184, 11, current1: 232, 3
GUN1:: Condition 12-1
Gun1 :: LP: 25000, RP: 10519, DP: 15442, Diff: 14481, ChangeRequest: False
GUN2:: Condition 4
Gun2: Power Limit Set to: 120.0 kW power1: 224, 46, current1: 196, 9
GUN1:: Condition 12
Gun1: Power Limit Set to: 30.0 kW power1: 184, 11, current1: 232, 3
GUN1:: Condition 12-1
Gun1 :: LP: 25000, RP: 11534, DP: 17077, Diff: 13466, ChangeRequest: False
GUN2:: Condition 4
Gun2: Power Limit Set to: 120.0 kW power1: 224, 46, current1: 196, 9
GUN1:: Condition 12
Gun1: Power Limit Set to: 30.0 kW power1: 184, 11, current1: 232, 3
GUN1:: Condition 12-1
Gun1 :: LP: 25000, RP: 12418, DP: 17077, Diff: 12582, ChangeRequest: False
GUN2:: Condition 4
Gun2: Power Limit Set to: 120.0 kW power1: 224, 46, current1: 196, 9
GUN1:: Condition 12
Gun1: Power Limit Set to: 30.0 kW power1: 184, 11, current1: 232, 3
GUN1:: Condition 12-1
Gun1 :: LP: 25000, RP: 13356, DP: 18572, Diff: 11644, ChangeRequest: False
GUN2:: Condition 4
Gun2: Power Limit Set to: 120.0 kW power1: 224, 46, current1: 196, 9
GUN1:: Condition 12
Gun1: Power Limit Set to: 30.0 kW power1: 184, 11, current1: 232, 3
GUN1:: Condition 12-1
Gun1 :: LP: 25000, RP: 14164, DP: 18572, Diff: 10836, ChangeRequest: False
GUN2:: Condition 4
Gun2: Power Limit Set to: 120.0 kW power1: 224, 46, current1: 196, 9
GUN1:: Condition 12
Gun1: Power Limit Set to: 30.0 kW power1: 184, 11, current1: 232, 3
GUN1:: Condition 12-1
Gun1 :: LP: 25000, RP: 15060, DP: 20054, Diff: 9940, ChangeRequest: False
GUN2:: Condition 4
Gun2: Power Limit Set to: 120.0 kW power1: 224, 46, current1: 196, 9
GUN1:: Condition 12
Gun1: Power Limit Set to: 30.0 kW power1: 184, 11, current1: 232, 3
GUN1:: Condition 12-1
Gun1 :: LP: 25000, RP: 15826, DP: 21480, Diff: 9174, ChangeRequest: False
GUN2:: Condition 4
Gun2: Power Limit Set to: 120.0 kW power1: 224, 46, current1: 196, 9
GUN1:: Condition 12
Gun1: Power Limit Set to: 30.0 kW power1: 184, 11, current1: 232, 3
GUN1:: Condition 12-1
Gun1 :: LP: 25000, RP: 16688, DP: 21480, Diff: 8312, ChangeRequest: False
GUN2:: Condition 4
Gun2: Power Limit Set to: 120.0 kW power1: 224, 46, current1: 196, 9
GUN1:: Condition 12
Gun1: Power Limit Set to: 30.0 kW power1: 184, 11, current1: 232, 3
GUN1:: Condition 12-1
Gun1 :: LP: 25000, RP: 17668, DP: 22781, Diff: 7332, ChangeRequest: False
GUN2:: Condition 4
Gun2: Power Limit Set to: 120.0 kW power1: 224, 46, current1: 196, 9
GUN1:: Condition 12
Gun1: Power Limit Set to: 30.0 kW power1: 184, 11, current1: 232, 3
GUN1:: Condition 12-1
Gun1 :: LP: 25000, RP: 18480, DP: 22781, Diff: 6520, ChangeRequest: False
GUN2:: Condition 4
Gun2: Power Limit Set to: 120.0 kW power1: 224, 46, current1: 196, 9
GUN1:: Condition 12
Gun1: Power Limit Set to: 30.0 kW power1: 184, 11, current1: 232, 3
GUN1:: Condition 12-1
Gun1 :: LP: 25000, RP: 19342, DP: 24054, Diff: 5658, ChangeRequest: False
GUN2:: Condition 4
Gun2: Power Limit Set to: 120.0 kW power1: 224, 46, current1: 196, 9
GUN1:: Condition 12
Gun1: Power Limit Set to: 30.0 kW power1: 184, 11, current1: 232, 3
GUN1:: Condition 12-1
Gun1 :: LP: 25000, RP: 20068, DP: 24054, Diff: 4932, ChangeRequest: False
GUN2:: Condition 4
Gun2: Power Limit Set to: 120.0 kW power1: 224, 46, current1: 196, 9
GUN1:: Condition 12
Gun1: Power Limit Set to: 30.0 kW power1: 184, 11, current1: 232, 3
GUN1:: Condition 12-1
Gun1 :: LP: 25000, RP: 20851, DP: 25448, Diff: 4149, ChangeRequest: False
GUN2:: Condition 4
Gun2: Power Limit Set to: 120.0 kW power1: 224, 46, current1: 196, 9
GUN1:: Condition 12
Gun1: Power Limit Set to: 30.0 kW power1: 184, 11, current1: 232, 3
GUN1:: Condition 12-1
Gun1 :: LP: 25000, RP: 21503, DP: 25448, Diff: 3497, ChangeRequest: False
GUN2:: Condition 4
Gun2: Power Limit Set to: 120.0 kW power1: 224, 46, current1: 196, 9
GUN1:: Condition 12
Gun1: Power Limit Set to: 30.0 kW power1: 184, 11, current1: 232, 3
GUN1:: Condition 12-1
Gun1 :: LP: 25000, RP: 22247, DP: 26648, Diff: 2753, ChangeRequest: False
GUN2:: Condition 4
Gun2: Power Limit Set to: 120.0 kW power1: 224, 46, current1: 196, 9
GUN1:: Condition 12
Gun1: Power Limit Set to: 30.0 kW power1: 184, 11, current1: 232, 3
GUN1:: Condition 12-1
Gun1 :: LP: 25000, RP: 22900, DP: 27751, Diff: 2100, ChangeRequest: False
GUN2:: Condition 4
Gun2: Power Limit Set to: 120.0 kW power1: 224, 46, current1: 196, 9
GUN1:: Condition 12
Gun1: Power Limit Set to: 30.0 kW power1: 184, 11, current1: 232, 3
GUN1:: Condition 12-1
Gun1 :: LP: 25000, RP: 23605, DP: 27751, Diff: 1395, ChangeRequest: True
Gun1: Power Limit Set to: 55.0 kW power1: 124, 21, current1: 208, 7
GUN2:: Condition 4
Gun2: Power Limit Set to: 120.0 kW power1: 224, 46, current1: 196, 9
GUN1:: Condition 12
GUN1:: Condition 12-2
Gun1: Power Limit Set to: 55.0 kW power1: 124, 21, current1: 208, 7
GUN2:: Condition 4
Gun2: Power Limit Set to: 120.0 kW power1: 224, 46, current1: 196, 9
GUN1:: Condition 12
GUN1:: Condition 12-2
Gun1: Power Limit Set to: 55.0 kW power1: 124, 21, current1: 208, 7
GUN2:: Condition 4
Gun2: Power Limit Set to: 120.0 kW power1: 224, 46, current1: 196, 9
GUN1:: Condition 12
GUN1:: Condition 12-2
Gun1: Power Limit Set to: 55.0 kW power1: 124, 21, current1: 208, 7
GUN2:: Condition 4
Gun2: Power Limit Set to: 120.0 kW power1: 224, 46, current1: 196, 9
GUN1:: Condition 12
GUN1:: Condition 12-2
Gun1: Power Limit Set to: 55.0 kW power1: 124, 21, current1: 208, 7
GUN2:: Condition 4
Gun2: Power Limit Set to: 120.0 kW power1: 224, 46, current1: 196, 9
GUN1:: Condition 12
GUN1:: Condition 12-2
Gun1: Power Limit Set to: 55.0 kW power1: 124, 21, current1: 208, 7
GUN2:: Condition 4
Gun2: Power Limit Set to: 120.0 kW power1: 224, 46, current1: 196, 9
GUN1:: Condition 12
GUN1:: Condition 12-2
Gun1: Power Limit Set to: 55.0 kW power1: 124, 21, current1: 208, 7
GUN2:: Condition 4
Gun2: Power Limit Set to: 120.0 kW power1: 224, 46, current1: 196, 9
GUN1:: Condition 12
GUN1:: Condition 12-2
Gun1: Power Limit Set to: 55.0 kW power1: 124, 21, current1: 208, 7
GUN2:: Condition 4
Gun2: Power Limit Set to: 120.0 kW power1: 224, 46, current1: 196, 9
GUN1:: Condition 12
GUN1:: Condition 12-3
Gun1: Power Limit Set to: 60.0 kW power1: 112, 23, current1: 196, 9
Gun1 :: LP: 55000, RP: 28603, DP: 32640, Diff: 26397, ChangeRequest: False
GUN2:: Condition 4
Gun2: Power Limit Set to: 120.0 kW power1: 224, 46, current1: 196, 9
GUN1:: Condition 12
GUN1:: Condition 12-3
Gun1: Power Limit Set to: 60.0 kW power1: 112, 23, current1: 196, 9
Gun1 :: LP: 55000, RP: 29186, DP: 32640, Diff: 25814, ChangeRequest: False
GUN2:: Condition 4
Gun2: Power Limit Set to: 120.0 kW power1: 224, 46, current1: 196, 9
GUN1:: Condition 12
GUN1:: Condition 12-3
Gun1: Power Limit Set to: 60.0 kW power1: 112, 23, current1: 196, 9
Gun1 :: LP: 55000, RP: 26327, DP: 34011, Diff: 28673, ChangeRequest: False
GUN2:: Condition 4
Gun2: Power Limit Set to: 120.0 kW power1: 224, 46, current1: 196, 9
GUN1:: Condition 12
GUN1:: Condition 12-3
Gun1: Power Limit Set to: 60.0 kW power1: 112, 23, current1: 196, 9
Gun1 :: LP: 55000, RP: 23777, DP: 34011, Diff: 31223, ChangeRequest: False
GUN2:: Condition 4
Gun2: Power Limit Set to: 120.0 kW power1: 224, 46, current1: 196, 9
GUN1:: Condition 12
GUN1:: Condition 12-3
Gun1: Power Limit Set to: 60.0 kW power1: 112, 23, current1: 196, 9
Gun1 :: LP: 55000, RP: 22012, DP: 35379, Diff: 32988, ChangeRequest: False
GUN2:: Condition 4
Gun2: Power Limit Set to: 120.0 kW power1: 224, 46, current1: 196, 9
GUN1:: Condition 12
GUN1:: Condition 12-3
Gun1: Power Limit Set to: 60.0 kW power1: 112, 23, current1: 196, 9
Gun1 :: LP: 55000, RP: 20679, DP: 35379, Diff: 34321, ChangeRequest: False
GUN2:: Condition 4
Gun2: Power Limit Set to: 120.0 kW power1: 224, 46, current1: 196, 9
GUN1:: Condition 12
GUN1:: Condition 12-3
Gun1: Power Limit Set to: 60.0 kW power1: 112, 23, current1: 196, 9
Gun1 :: LP: 55000, RP: 19836, DP: 36828, Diff: 35164, ChangeRequest: False
GUN2:: Condition 4
Gun2: Power Limit Set to: 120.0 kW power1: 224, 46, current1: 196, 9
GUN1:: Condition 12
GUN1:: Condition 12-3
Gun1: Power Limit Set to: 60.0 kW power1: 112, 23, current1: 196, 9
Gun1 :: LP: 55000, RP: 19190, DP: 36828, Diff: 35810, ChangeRequest: False
GUN2:: Condition 4
Gun2: Power Limit Set to: 120.0 kW power1: 224, 46, current1: 196, 9
GUN1:: Condition 12
GUN1:: Condition 12-3
Gun1: Power Limit Set to: 60.0 kW power1: 112, 23, current1: 196, 9
Gun1 :: LP: 55000, RP: 18876, DP: 38295, Diff: 36124, ChangeRequest: False
GUN2:: Condition 4
Gun2: Power Limit Set to: 120.0 kW power1: 224, 46, current1: 196, 9
GUN1:: Condition 12
GUN1:: Condition 12-3
Gun1: Power Limit Set to: 60.0 kW power1: 112, 23, current1: 196, 9
Gun1 :: LP: 55000, RP: 21703, DP: 38295, Diff: 33297, ChangeRequest: False
GUN2:: Condition 4
Gun2: Power Limit Set to: 120.0 kW power1: 224, 46, current1: 196, 9
GUN1:: Condition 12
GUN1:: Condition 12-3
Gun1: Power Limit Set to: 60.0 kW power1: 112, 23, current1: 196, 9
Gun1 :: LP: 55000, RP: 25522, DP: 38981, Diff: 29478, ChangeRequest: False
GUN2:: Condition 4
Gun2: Power Limit Set to: 120.0 kW power1: 224, 46, current1: 196, 9
GUN1:: Condition 12
GUN1:: Condition 12-3
Gun1: Power Limit Set to: 60.0 kW power1: 112, 23, current1: 196, 9
Gun1 :: LP: 55000, RP: 28464, DP: 39800, Diff: 26536, ChangeRequest: False
GUN2:: Condition 4
Gun2: Power Limit Set to: 120.0 kW power1: 224, 46, current1: 196, 9
GUN1:: Condition 12
GUN1:: Condition 12-3
Gun1: Power Limit Set to: 60.0 kW power1: 112, 23, current1: 196, 9
Gun1 :: LP: 55000, RP: 30844, DP: 39800, Diff: 24156, ChangeRequest: False
GUN2:: Condition 4
Gun2: Power Limit Set to: 120.0 kW power1: 224, 46, current1: 196, 9
GUN1:: Condition 12
GUN1:: Condition 12-3
Gun1: Power Limit Set to: 60.0 kW power1: 112, 23, current1: 196, 9
Gun1 :: LP: 55000, RP: 32786, DP: 40317, Diff: 22214, ChangeRequest: False
GUN2:: Condition 4
Gun2: Power Limit Set to: 120.0 kW power1: 224, 46, current1: 196, 9
GUN1:: Condition 12
GUN1:: Condition 12-3
Gun1: Power Limit Set to: 60.0 kW power1: 112, 23, current1: 196, 9
Gun1 :: LP: 55000, RP: 34264, DP: 40317, Diff: 20736, ChangeRequest: False
GUN2:: Condition 4
Gun2: Power Limit Set to: 120.0 kW power1: 224, 46, current1: 196, 9
GUN1:: Condition 12
GUN1:: Condition 12-3
Gun1: Power Limit Set to: 60.0 kW power1: 112, 23, current1: 196, 9
Gun1 :: LP: 55000, RP: 35507, DP: 40867, Diff: 19493, ChangeRequest: False
GUN2:: Condition 4
Gun2: Power Limit Set to: 120.0 kW power1: 224, 46, current1: 196, 9
GUN1:: Condition 12
GUN1:: Condition 12-3
Gun1: Power Limit Set to: 60.0 kW power1: 112, 23, current1: 196, 9
Gun1 :: LP: 55000, RP: 36456, DP: 40867, Diff: 18544, ChangeRequest: False
GUN2:: Condition 4
Gun2: Power Limit Set to: 120.0 kW power1: 224, 46, current1: 196, 9
GUN1:: Condition 12
GUN1:: Condition 12-3
Gun1: Power Limit Set to: 60.0 kW power1: 112, 23, current1: 196, 9
Gun1 :: LP: 55000, RP: 37282, DP: 41315, Diff: 17718, ChangeRequest: False
GUN2:: Condition 4
Gun2: Power Limit Set to: 120.0 kW power1: 224, 46, current1: 196, 9
GUN1:: Condition 12
GUN1:: Condition 12-3
Gun1: Power Limit Set to: 60.0 kW power1: 112, 23, current1: 196, 9
Gun1 :: LP: 55000, RP: 37945, DP: 41315, Diff: 17055, ChangeRequest: False
GUN2:: Condition 4
Gun2: Power Limit Set to: 120.0 kW power1: 224, 46, current1: 196, 9
GUN1:: Condition 12
GUN1:: Condition 12-3
Gun1: Power Limit Set to: 60.0 kW power1: 112, 23, current1: 196, 9
Gun1 :: LP: 55000, RP: 38537, DP: 41744, Diff: 16463, ChangeRequest: False
GUN2:: Condition 4
Gun2: Power Limit Set to: 120.0 kW power1: 224, 46, current1: 196, 9
GUN1:: Condition 12
GUN1:: Condition 12-3
Gun1: Power Limit Set to: 60.0 kW power1: 112, 23, current1: 196, 9
Gun1 :: LP: 55000, RP: 38996, DP: 42173, Diff: 16004, ChangeRequest: False
GUN2:: Condition 4
Gun2: Power Limit Set to: 120.0 kW power1: 224, 46, current1: 196, 9
GUN1:: Condition 12
GUN1:: Condition 12-3
Gun1: Power Limit Set to: 60.0 kW power1: 112, 23, current1: 196, 9
Gun1 :: LP: 55000, RP: 39425, DP: 42173, Diff: 15575, ChangeRequest: False
GUN2:: Condition 7
GUN2: Cable Check
GUN1:: Condition 13
GUN1:: Condition 13-4
GUN2:: Condition 7
GUN2: Cable Check
GUN1:: Condition 13
GUN1:: Condition 13-4
GUN2:: Condition 10
Gun2: Power Limit Set to: 30.0 kW power1: 184, 11, current1: 232, 3
GUN1:: Condition 13
GUN1:: Condition 13-4
Gun1: Power Limit Set to: 60.0 kW power1: 112, 23, current1: 208, 7
GUN2:: Condition 10
Gun2: Power Limit Set to: 30.0 kW power1: 184, 11, current1: 232, 3
GUN1:: Condition 13
GUN1:: Condition 13-4
Gun1: Power Limit Set to: 60.0 kW power1: 112, 23, current1: 208, 7
GUN2:: Condition 10
Gun2: Power Limit Set to: 30.0 kW power1: 184, 11, current1: 232, 3
GUN1:: Condition 13
GUN1:: Condition 13-4
Gun1: Power Limit Set to: 60.0 kW power1: 112, 23, current1: 208, 7
GUN2:: Condition 10
Gun2: Power Limit Set to: 30.0 kW power1: 184, 11, current1: 232, 3
GUN1:: Condition 13
GUN1:: Condition 13-4
Gun1: Power Limit Set to: 60.0 kW power1: 112, 23, current1: 208, 7
GUN2:: Condition 10
Gun2: Power Limit Set to: 30.0 kW power1: 184, 11, current1: 232, 3
GUN1:: Condition 13
GUN1:: Condition 13-4
Gun1: Power Limit Set to: 60.0 kW power1: 112, 23, current1: 208, 7
GUN2:: Condition 10
Gun2: Power Limit Set to: 30.0 kW power1: 184, 11, current1: 232, 3
GUN1:: Condition 13
GUN1:: Condition 13-4
Gun1: Power Limit Set to: 60.0 kW power1: 112, 23, current1: 208, 7
GUN2:: Condition 10
Gun2: Power Limit Set to: 30.0 kW power1: 184, 11, current1: 232, 3
GUN1:: Condition 13
GUN1:: Condition 13-4
Gun1: Power Limit Set to: 60.0 kW power1: 112, 23, current1: 208, 7
GUN2:: Condition 10
Gun2: Power Limit Set to: 30.0 kW power1: 184, 11, current1: 232, 3
GUN1:: Condition 13
GUN1:: Condition 13-4
Gun1: Power Limit Set to: 60.0 kW power1: 112, 23, current1: 208, 7
GUN2:: Condition 10
Gun2: Power Limit Set to: 30.0 kW power1: 184, 11, current1: 232, 3
GUN1:: Condition 13
GUN1:: Condition 13-4
Gun1: Power Limit Set to: 60.0 kW power1: 112, 23, current1: 208, 7
GUN2:: Condition 13
GUN2:: Condition 13-1
Gun2: Power Limit Set to: 30.0 kW power1: 184, 11, current1: 232, 3
GUN1:: Condition 13
GUN1:: Condition 13-4
Gun1: Power Limit Set to: 60.0 kW power1: 112, 23, current1: 208, 7
GUN2:: Condition 13
GUN2:: Condition 13-1
Gun2: Power Limit Set to: 30.0 kW power1: 184, 11, current1: 232, 3
GUN1:: Condition 13
GUN1:: Condition 13-4
Gun1: Power Limit Set to: 60.0 kW power1: 112, 23, current1: 208, 7
GUN2:: Condition 13
GUN2:: Condition 13-1
Gun2: Power Limit Set to: 30.0 kW power1: 184, 11, current1: 232, 3
GUN1:: Condition 13
GUN1:: Condition 13-4
Gun1: Power Limit Set to: 60.0 kW power1: 112, 23, current1: 208, 7
GUN2:: Condition 13
GUN2:: Condition 13-1
Gun2: Power Limit Set to: 30.0 kW power1: 184, 11, current1: 232, 3
GUN1:: Condition 13
GUN1:: Condition 13-4
Gun1: Power Limit Set to: 60.0 kW power1: 112, 23, current1: 208, 7
GUN2:: Condition 13
GUN2:: Condition 13-1
Gun2: Power Limit Set to: 30.0 kW power1: 184, 11, current1: 232, 3
GUN1:: Condition 13
GUN1:: Condition 13-4
Gun1: Power Limit Set to: 60.0 kW power1: 112, 23, current1: 208, 7
GUN2:: Condition 13
GUN2:: Condition 13-1
Gun2: Power Limit Set to: 30.0 kW power1: 184, 11, current1: 232, 3
GUN1:: Condition 13
GUN1:: Condition 13-4
Gun1: Power Limit Set to: 60.0 kW power1: 112, 23, current1: 208, 7
GUN2:: Condition 13
GUN2:: Condition 13-1
Gun2: Power Limit Set to: 30.0 kW power1: 184, 11, current1: 232, 3
GUN1:: Condition 13
GUN1:: Condition 13-4
Gun1: Power Limit Set to: 60.0 kW power1: 112, 23, current1: 208, 7
GUN2:: Condition 13
GUN2:: Condition 13-1
Gun2: Power Limit Set to: 30.0 kW power1: 184, 11, current1: 232, 3
GUN1:: Condition 13
GUN1:: Condition 13-4
Gun1: Power Limit Set to: 60.0 kW power1: 112, 23, current1: 208, 7
GUN2:: Condition 13
GUN2:: Condition 13-1
Gun2: Power Limit Set to: 30.0 kW power1: 184, 11, current1: 232, 3
GUN1:: Condition 13
GUN1:: Condition 13-4
Gun1: Power Limit Set to: 60.0 kW power1: 112, 23, current1: 208, 7
GUN2:: Condition 13
GUN2:: Condition 13-1
Gun2: Power Limit Set to: 30.0 kW power1: 184, 11, current1: 232, 3
GUN1:: Condition 13
GUN1:: Condition 13-4
Gun1: Power Limit Set to: 60.0 kW power1: 112, 23, current1: 208, 7
GUN2:: Condition 13
GUN2:: Condition 13-1
Gun2: Power Limit Set to: 30.0 kW power1: 184, 11, current1: 232, 3
GUN1:: Condition 13
GUN1:: Condition 13-4
Gun1: Power Limit Set to: 60.0 kW power1: 112, 23, current1: 208, 7
GUN2:: Condition 13
GUN2:: Condition 13-1
Gun2: Power Limit Set to: 30.0 kW power1: 184, 11, current1: 232, 3
GUN1:: Condition 13
GUN1:: Condition 13-4
Gun1: Power Limit Set to: 60.0 kW power1: 112, 23, current1: 208, 7
GUN2:: Condition 13
GUN2:: Condition 13-1
Gun2: Power Limit Set to: 30.0 kW power1: 184, 11, current1: 232, 3
GUN1:: Condition 13
GUN1:: Condition 13-4
Gun1: Power Limit Set to: 60.0 kW power1: 112, 23, current1: 208, 7
GUN2:: Condition 13
GUN2:: Condition 13-1
Gun2: Power Limit Set to: 30.0 kW power1: 184, 11, current1: 232, 3
GUN1:: Condition 13
GUN1:: Condition 13-4
Gun1: Power Limit Set to: 60.0 kW power1: 112, 23, current1: 208, 7
GUN2:: Condition 13
GUN2:: Condition 13-1
Gun2: Power Limit Set to: 30.0 kW power1: 184, 11, current1: 232, 3
GUN1:: Condition 13
GUN1:: Condition 13-4
Gun1: Power Limit Set to: 60.0 kW power1: 112, 23, current1: 208, 7
GUN2:: Condition 13
GUN2:: Condition 13-3
GUN1:: Condition 13
GUN1:: Condition 13-4
GUN2:: Condition 13
GUN2:: Condition 13-4
GUN1:: Condition 13
GUN1:: Condition 13-4
GUN2:: Condition 13
GUN2:: Condition 13-4
GUN1:: Condition 13
GUN1:: Condition 13-4
GUN2:: Condition 13
GUN2:: Condition 13-4
GUN1:: Condition 13
GUN1:: Condition 13-4
GUN2:: Condition 13
GUN2:: Condition 13-4
GUN1:: Condition 13
GUN1:: Condition 13-4
GUN2:: Condition 13
GUN2:: Condition 13-4
GUN1:: Condition 13
GUN1:: Condition 13-4
GUN2:: Condition 13
GUN2:: Condition 13-4
GUN1:: Condition 13
GUN1:: Condition 13-4
GUN2:: Condition 13
GUN2:: Condition 13-4
GUN1:: Condition 13
GUN1:: Condition 13-4
GUN2:: Condition 13
GUN2:: Condition 13-4
GUN1:: Condition 13
GUN1:: Condition 13-4
GUN2:: Condition 13
GUN2:: Condition 13-4
GUN1:: Condition 13
GUN1:: Condition 13-4
GUN2:: Condition 13
GUN2:: Condition 13-4
GUN1:: Condition 13
GUN1:: Condition 13-4
GUN2:: Condition 13
GUN2:: Condition 13-4
GUN1:: Condition 13
GUN1:: Condition 13-4
GUN2:: Condition 13
GUN2:: Condition 13-6
GUN1:: Condition 13
GUN1:: Condition 13-4
GUN2:: Condition 13
GUN2:: Condition 13-6
GUN1:: Condition 13
GUN1:: Condition 13-4
GUN2:: Condition 13
GUN2:: Condition 13-8
Gun2: Power Limit Set to: 90.0 kW power1: 40, 35, current1: 196, 9
GUN1:: Condition 13
GUN1:: Condition 13-4
Gun1: Power Limit Set to: 60.0 kW power1: 112, 23, current1: 208, 7
GUN2:: Condition 13
GUN2:: Condition 13-8
Gun2: Power Limit Set to: 90.0 kW power1: 40, 35, current1: 196, 9
GUN1:: Condition 13
GUN1:: Condition 13-4
Gun1: Power Limit Set to: 60.0 kW power1: 112, 23, current1: 208, 7
GUN2:: Condition 13
GUN2:: Condition 13-8
Gun2: Power Limit Set to: 90.0 kW power1: 40, 35, current1: 196, 9
GUN1:: Condition 13
GUN1:: Condition 13-4
Gun1: Power Limit Set to: 60.0 kW power1: 112, 23, current1: 208, 7
GUN2:: Condition 13
GUN2:: Condition 13-8
Gun2: Power Limit Set to: 90.0 kW power1: 40, 35, current1: 196, 9
GUN1:: Condition 13
GUN1:: Condition 13-4
Gun1: Power Limit Set to: 60.0 kW power1: 112, 23, current1: 208, 7
GUN2:: Condition 13
GUN2:: Condition 13-8
Gun2: Power Limit Set to: 90.0 kW power1: 40, 35, current1: 196, 9
GUN1:: Condition 13
GUN1:: Condition 13-4
Gun1: Power Limit Set to: 60.0 kW power1: 112, 23, current1: 208, 7
GUN2:: Condition 13
GUN2:: Condition 13-8
Gun2: Power Limit Set to: 90.0 kW power1: 40, 35, current1: 196, 9
GUN1:: Condition 13
GUN1:: Condition 13-4
Gun1: Power Limit Set to: 60.0 kW power1: 112, 23, current1: 208, 7
GUN2:: Condition 13
GUN2:: Condition 13-8
Gun2: Power Limit Set to: 90.0 kW power1: 40, 35, current1: 196, 9
GUN1:: Condition 13
GUN1:: Condition 13-4
Gun1: Power Limit Set to: 60.0 kW power1: 112, 23, current1: 208, 7
GUN2:: Condition 13
GUN2:: Condition 13-8
Gun2: Power Limit Set to: 90.0 kW power1: 40, 35, current1: 196, 9
GUN1:: Condition 13
GUN1:: Condition 13-4
Gun1: Power Limit Set to: 60.0 kW power1: 112, 23, current1: 208, 7
GUN2:: Condition 13
GUN2:: Condition 13-8
Gun2: Power Limit Set to: 90.0 kW power1: 40, 35, current1: 196, 9
GUN1:: Condition 13
GUN1:: Condition 13-4
Gun1: Power Limit Set to: 60.0 kW power1: 112, 23, current1: 208, 7
GUN2:: Condition 13
GUN2:: Condition 13-8
Gun2: Power Limit Set to: 90.0 kW power1: 40, 35, current1: 196, 9
GUN1:: Condition 13
GUN1:: Condition 13-4
Gun1: Power Limit Set to: 60.0 kW power1: 112, 23, current1: 208, 7
GUN2:: Condition 13
GUN2:: Condition 13-8
Gun2: Power Limit Set to: 90.0 kW power1: 40, 35, current1: 196, 9
GUN1:: Condition 13
GUN1:: Condition 13-4
Gun1: Power Limit Set to: 60.0 kW power1: 112, 23, current1: 208, 7
GUN2:: Condition 13
GUN2:: Condition 13-8
Gun2: Power Limit Set to: 90.0 kW power1: 40, 35, current1: 196, 9
GUN1:: Condition 13
GUN1:: Condition 13-4
Gun1: Power Limit Set to: 60.0 kW power1: 112, 23, current1: 208, 7
GUN2:: Condition 13
GUN2:: Condition 13-8
Gun2: Power Limit Set to: 90.0 kW power1: 40, 35, current1: 196, 9
GUN1:: Condition 13
GUN1:: Condition 13-4
Gun1: Power Limit Set to: 60.0 kW power1: 112, 23, current1: 208, 7
GUN2:: Condition 13
GUN2:: Condition 13-8
Gun2: Power Limit Set to: 90.0 kW power1: 40, 35, current1: 196, 9
GUN1:: Condition 13
GUN1:: Condition 13-4
Gun1: Power Limit Set to: 60.0 kW power1: 112, 23, current1: 208, 7
GUN2:: Condition 13
GUN2:: Condition 13-8
Gun2: Power Limit Set to: 90.0 kW power1: 40, 35, current1: 196, 9
GUN1:: Condition 13
GUN1:: Condition 13-4
Gun1: Power Limit Set to: 60.0 kW power1: 112, 23, current1: 208, 7
GUN2:: Condition 13
GUN2:: Condition 13-8
Gun2: Power Limit Set to: 90.0 kW power1: 40, 35, current1: 196, 9
GUN1:: Condition 13
GUN1:: Condition 13-4
Gun1: Power Limit Set to: 60.0 kW power1: 112, 23, current1: 208, 7
GUN2:: Condition 13
GUN2:: Condition 13-8
Gun2: Power Limit Set to: 90.0 kW power1: 40, 35, current1: 196, 9
GUN1:: Condition 13
GUN1:: Condition 13-4
Gun1: Power Limit Set to: 60.0 kW power1: 112, 23, current1: 208, 7
GUN2:: Condition 13
GUN2:: Condition 13-8
Gun2: Power Limit Set to: 90.0 kW power1: 40, 35, current1: 196, 9
GUN1:: Condition 13
GUN1:: Condition 13-4
Gun1: Power Limit Set to: 60.0 kW power1: 112, 23, current1: 208, 7
GUN2:: Condition 13
GUN2:: Condition 13-8
Gun2: Power Limit Set to: 90.0 kW power1: 40, 35, current1: 196, 9
GUN1:: Condition 13
GUN1:: Condition 13-4
Gun1: Power Limit Set to: 60.0 kW power1: 112, 23, current1: 208, 7
GUN2:: Condition 13
GUN2:: Condition 13-8
Gun2: Power Limit Set to: 90.0 kW power1: 40, 35, current1: 196, 9
GUN1:: Condition 13
GUN1:: Condition 13-4
Gun1: Power Limit Set to: 60.0 kW power1: 112, 23, current1: 208, 7
GUN2:: Condition 13
GUN2:: Condition 13-8
Gun2: Power Limit Set to: 90.0 kW power1: 40, 35, current1: 196, 9
GUN1:: Condition 13
GUN1:: Condition 13-4
Gun1: Power Limit Set to: 60.0 kW power1: 112, 23, current1: 208, 7
GUN2:: Condition 13
GUN2:: Condition 13-8
Gun2: Power Limit Set to: 90.0 kW power1: 40, 35, current1: 196, 9
GUN1:: Condition 13
GUN1:: Condition 13-4
Gun1: Power Limit Set to: 60.0 kW power1: 112, 23, current1: 208, 7
GUN2:: Condition 13
GUN2:: Condition 13-8
Gun2: Power Limit Set to: 90.0 kW power1: 40, 35, current1: 196, 9
GUN1:: Condition 13
GUN1:: Condition 13-4
Gun1: Power Limit Set to: 60.0 kW power1: 112, 23, current1: 208, 7
GUN2:: Condition 13
GUN2:: Condition 13-8
Gun2: Power Limit Set to: 90.0 kW power1: 40, 35, current1: 196, 9
GUN1:: Condition 13
GUN1:: Condition 13-4
Gun1: Power Limit Set to: 60.0 kW power1: 112, 23, current1: 208, 7
GUN2:: Condition 13
GUN2:: Condition 13-8
Gun2: Power Limit Set to: 90.0 kW power1: 40, 35, current1: 196, 9
GUN1:: Condition 13
GUN1:: Condition 13-4
Gun1: Power Limit Set to: 60.0 kW power1: 112, 23, current1: 208, 7
GUN2:: Condition 13
GUN2:: Condition 13-8
Gun2: Power Limit Set to: 90.0 kW power1: 40, 35, current1: 196, 9
GUN1:: Condition 13
GUN1:: Condition 13-4
Gun1: Power Limit Set to: 60.0 kW power1: 112, 23, current1: 208, 7
GUN2:: Condition 13
GUN2:: Condition 13-8
Gun2: Power Limit Set to: 90.0 kW power1: 40, 35, current1: 196, 9
GUN1:: Condition 13
GUN1:: Condition 13-4
Gun1: Power Limit Set to: 60.0 kW power1: 112, 23, current1: 208, 7
GUN2:: Condition 13
GUN2:: Condition 13-8
Gun2: Power Limit Set to: 90.0 kW power1: 40, 35, current1: 196, 9
GUN1:: Condition 13
GUN1:: Condition 13-4
Gun1: Power Limit Set to: 60.0 kW power1: 112, 23, current1: 208, 7
GUN2:: Condition 13
GUN2:: Condition 13-8
Gun2: Power Limit Set to: 90.0 kW power1: 40, 35, current1: 196, 9
GUN1:: Condition 13
GUN1:: Condition 13-4
Gun1: Power Limit Set to: 60.0 kW power1: 112, 23, current1: 208, 7
GUN2:: Condition 13
GUN2:: Condition 13-8
Gun2: Power Limit Set to: 90.0 kW power1: 40, 35, current1: 196, 9
GUN1:: Condition 13
GUN1:: Condition 13-4
Gun1: Power Limit Set to: 60.0 kW power1: 112, 23, current1: 208, 7
GUN2:: Condition 13
GUN2:: Condition 13-8
Gun2: Power Limit Set to: 90.0 kW power1: 40, 35, current1: 196, 9
GUN1:: Condition 13
GUN1:: Condition 13-4
Gun1: Power Limit Set to: 60.0 kW power1: 112, 23, current1: 208, 7
GUN2:: Condition 13
GUN2:: Condition 13-8
Gun2: Power Limit Set to: 90.0 kW power1: 40, 35, current1: 196, 9
GUN1:: Condition 13
GUN1:: Condition 13-4
Gun1: Power Limit Set to: 60.0 kW power1: 112, 23, current1: 208, 7
GUN2:: Condition 13
GUN2:: Condition 13-8
Gun2: Power Limit Set to: 90.0 kW power1: 40, 35, current1: 196, 9
GUN1:: Condition 13
GUN1:: Condition 13-4
Gun1: Power Limit Set to: 60.0 kW power1: 112, 23, current1: 208, 7
GUN2:: Condition 13
GUN2:: Condition 13-8
Gun2: Power Limit Set to: 90.0 kW power1: 40, 35, current1: 196, 9
GUN1:: Condition 13
GUN1:: Condition 13-4
Gun1: Power Limit Set to: 60.0 kW power1: 112, 23, current1: 208, 7
GUN2:: Condition 13
GUN2:: Condition 13-8
Gun2: Power Limit Set to: 90.0 kW power1: 40, 35, current1: 196, 9
GUN1:: Condition 13
GUN1:: Condition 13-4
Gun1: Power Limit Set to: 60.0 kW power1: 112, 23, current1: 208, 7
GUN2:: Condition 13
GUN2:: Condition 13-8
Gun2: Power Limit Set to: 90.0 kW power1: 40, 35, current1: 196, 9
GUN1:: Condition 13
GUN1:: Condition 13-4
Gun1: Power Limit Set to: 60.0 kW power1: 112, 23, current1: 208, 7
GUN2:: Condition 13
GUN2:: Condition 13-8
Gun2: Power Limit Set to: 90.0 kW power1: 40, 35, current1: 196, 9
GUN1:: Condition 13
GUN1:: Condition 13-4
Gun1: Power Limit Set to: 60.0 kW power1: 112, 23, current1: 208, 7
GUN2:: Condition 13
GUN2:: Condition 13-8
Gun2: Power Limit Set to: 90.0 kW power1: 40, 35, current1: 196, 9
GUN1:: Condition 13
GUN1:: Condition 13-4
Gun1: Power Limit Set to: 60.0 kW power1: 112, 23, current1: 208, 7
GUN2:: Condition 13
GUN2:: Condition 13-8
Gun2: Power Limit Set to: 90.0 kW power1: 40, 35, current1: 196, 9
GUN1:: Condition 13
GUN1:: Condition 13-4
Gun1: Power Limit Set to: 60.0 kW power1: 112, 23, current1: 208, 7
GUN2:: Condition 13
GUN2:: Condition 13-8
Gun2: Power Limit Set to: 90.0 kW power1: 40, 35, current1: 196, 9
GUN1:: Condition 13
GUN1:: Condition 13-4
Gun1: Power Limit Set to: 60.0 kW power1: 112, 23, current1: 208, 7
GUN2:: Condition 13
GUN2:: Condition 13-8
Gun2: Power Limit Set to: 90.0 kW power1: 40, 35, current1: 196, 9
GUN1:: Condition 13
GUN1:: Condition 13-4
Gun1: Power Limit Set to: 60.0 kW power1: 112, 23, current1: 208, 7
GUN2:: Condition 13
GUN2:: Condition 13-8
Gun2: Power Limit Set to: 90.0 kW power1: 40, 35, current1: 196, 9
GUN1:: Condition 13
GUN1:: Condition 13-4
Gun1: Power Limit Set to: 60.0 kW power1: 112, 23, current1: 208, 7
GUN2:: Condition 13
GUN2:: Condition 13-8
Gun2: Power Limit Set to: 90.0 kW power1: 40, 35, current1: 196, 9
GUN1:: Condition 13
GUN1:: Condition 13-4
Gun1: Power Limit Set to: 60.0 kW power1: 112, 23, current1: 208, 7
GUN2:: Condition 13
GUN2:: Condition 13-8
Gun2: Power Limit Set to: 90.0 kW power1: 40, 35, current1: 196, 9
GUN1:: Condition 13
GUN1:: Condition 13-4
Gun1: Power Limit Set to: 60.0 kW power1: 112, 23, current1: 208, 7
GUN2:: Condition 13
GUN2:: Condition 13-8
Gun2: Power Limit Set to: 90.0 kW power1: 40, 35, current1: 196, 9
GUN1:: Condition 13
GUN1:: Condition 13-4
Gun1: Power Limit Set to: 60.0 kW power1: 112, 23, current1: 208, 7
GUN2:: Condition 13
GUN2:: Condition 13-8
Gun2: Power Limit Set to: 90.0 kW power1: 40, 35, current1: 196, 9
GUN1:: Condition 13
GUN1:: Condition 13-4
Gun1: Power Limit Set to: 60.0 kW power1: 112, 23, current1: 208, 7
GUN2:: Condition 13
GUN2:: Condition 13-8
Gun2: Power Limit Set to: 90.0 kW power1: 40, 35, current1: 196, 9
GUN1:: Condition 13
GUN1:: Condition 13-4
Gun1: Power Limit Set to: 60.0 kW power1: 112, 23, current1: 208, 7
GUN2:: Condition 13
GUN2:: Condition 13-8
Gun2: Power Limit Set to: 90.0 kW power1: 40, 35, current1: 196, 9
GUN1:: Condition 13
GUN1:: Condition 13-4
Gun1: Power Limit Set to: 60.0 kW power1: 112, 23, current1: 208, 7
GUN2:: Condition 13
GUN2:: Condition 13-8
Gun2: Power Limit Set to: 90.0 kW power1: 40, 35, current1: 196, 9
GUN1:: Condition 13
GUN1:: Condition 13-4
Gun1: Power Limit Set to: 60.0 kW power1: 112, 23, current1: 208, 7
GUN2:: Condition 13
GUN2:: Condition 13-8
Gun2: Power Limit Set to: 90.0 kW power1: 40, 35, current1: 196, 9
GUN1:: Condition 13
GUN1:: Condition 13-4
Gun1: Power Limit Set to: 60.0 kW power1: 112, 23, current1: 208, 7
GUN2:: Condition 13
GUN2:: Condition 13-8
Gun2: Power Limit Set to: 90.0 kW power1: 40, 35, current1: 196, 9
GUN1:: Condition 13
GUN1:: Condition 13-4
Gun1: Power Limit Set to: 60.0 kW power1: 112, 23, current1: 208, 7
GUN2:: Condition 13
GUN2:: Condition 13-8
Gun2: Power Limit Set to: 90.0 kW power1: 40, 35, current1: 196, 9
GUN1:: Condition 13
GUN1:: Condition 13-4
Gun1: Power Limit Set to: 60.0 kW power1: 112, 23, current1: 208, 7
GUN2:: Condition 13
GUN2:: Condition 13-8
Gun2: Power Limit Set to: 90.0 kW power1: 40, 35, current1: 196, 9
GUN1:: Condition 13
GUN1:: Condition 13-4
Gun1: Power Limit Set to: 60.0 kW power1: 112, 23, current1: 208, 7
GUN2:: Condition 13
GUN2:: Condition 13-8
Gun2: Power Limit Set to: 90.0 kW power1: 40, 35, current1: 196, 9
GUN1:: Condition 13
GUN1:: Condition 13-4
Gun1: Power Limit Set to: 60.0 kW power1: 112, 23, current1: 208, 7
GUN2:: Condition 13
GUN2:: Condition 13-8
Gun2: Power Limit Set to: 90.0 kW power1: 40, 35, current1: 196, 9
GUN1:: Condition 13
GUN1:: Condition 13-4
Gun1: Power Limit Set to: 60.0 kW power1: 112, 23, current1: 208, 7
GUN2:: Condition 13
GUN2:: Condition 13-8
Gun2: Power Limit Set to: 90.0 kW power1: 40, 35, current1: 196, 9
GUN1:: Condition 13
GUN1:: Condition 13-4
Gun1: Power Limit Set to: 60.0 kW power1: 112, 23, current1: 208, 7
GUN2:: Condition 13
GUN2:: Condition 13-8
Gun2: Power Limit Set to: 90.0 kW power1: 40, 35, current1: 196, 9
GUN1:: Condition 13
GUN1:: Condition 13-4
Gun1: Power Limit Set to: 60.0 kW power1: 112, 23, current1: 208, 7
GUN2:: Condition 13
GUN2:: Condition 13-8
Gun2: Power Limit Set to: 90.0 kW power1: 40, 35, current1: 196, 9
GUN1:: Condition 13
GUN1:: Condition 13-4
Gun1: Power Limit Set to: 60.0 kW power1: 112, 23, current1: 208, 7
GUN2:: Condition 13
GUN2:: Condition 13-8
Gun2: Power Limit Set to: 90.0 kW power1: 40, 35, current1: 196, 9
GUN1:: Condition 13
GUN1:: Condition 13-4
Gun1: Power Limit Set to: 60.0 kW power1: 112, 23, current1: 208, 7
GUN2:: Condition 13
GUN2:: Condition 13-8
Gun2: Power Limit Set to: 90.0 kW power1: 40, 35, current1: 196, 9
GUN1:: Condition 13
GUN1:: Condition 13-4
Gun1: Power Limit Set to: 60.0 kW power1: 112, 23, current1: 208, 7
GUN2:: Condition 13
GUN2:: Condition 13-8
Gun2: Power Limit Set to: 90.0 kW power1: 40, 35, current1: 196, 9
GUN1:: Condition 13
GUN1:: Condition 13-4
Gun1: Power Limit Set to: 60.0 kW power1: 112, 23, current1: 208, 7
GUN2:: Condition 13
GUN2:: Condition 13-8
Gun2: Power Limit Set to: 90.0 kW power1: 40, 35, current1: 196, 9
GUN1:: Condition 13
GUN1:: Condition 13-4
Gun1: Power Limit Set to: 60.0 kW power1: 112, 23, current1: 208, 7
GUN2:: Condition 13
GUN2:: Condition 13-8
Gun2: Power Limit Set to: 90.0 kW power1: 40, 35, current1: 196, 9
GUN1:: Condition 13
GUN1:: Condition 13-4
Gun1: Power Limit Set to: 60.0 kW power1: 112, 23, current1: 208, 7
GUN2:: Condition 13
GUN2:: Condition 13-8
Gun2: Power Limit Set to: 90.0 kW power1: 40, 35, current1: 196, 9
GUN1:: Condition 13
GUN1:: Condition 13-4
Gun1: Power Limit Set to: 60.0 kW power1: 112, 23, current1: 208, 7
GUN2:: Condition 13
GUN2:: Condition 13-8
Gun2: Power Limit Set to: 90.0 kW power1: 40, 35, current1: 196, 9
GUN1:: Condition 13
GUN1:: Condition 13-4
Gun1: Power Limit Set to: 60.0 kW power1: 112, 23, current1: 208, 7
GUN2:: Condition 13
GUN2:: Condition 13-8
Gun2: Power Limit Set to: 90.0 kW power1: 40, 35, current1: 196, 9
GUN1:: Condition 13
GUN1:: Condition 13-4
Gun1: Power Limit Set to: 60.0 kW power1: 112, 23, current1: 208, 7
GUN2:: Condition 13
GUN2:: Condition 13-8
Gun2: Power Limit Set to: 90.0 kW power1: 40, 35, current1: 196, 9
GUN1:: Condition 13
GUN1:: Condition 13-4
Gun1: Power Limit Set to: 60.0 kW power1: 112, 23, current1: 208, 7
GUN2:: Condition 13
GUN2:: Condition 13-8
Gun2: Power Limit Set to: 90.0 kW power1: 40, 35, current1: 196, 9
GUN1:: Condition 13
GUN1:: Condition 13-4
Gun1: Power Limit Set to: 60.0 kW power1: 112, 23, current1: 208, 7
GUN2:: Condition 13
GUN2:: Condition 13-8
Gun2: Power Limit Set to: 90.0 kW power1: 40, 35, current1: 196, 9
GUN1:: Condition 13
GUN1:: Condition 13-4
Gun1: Power Limit Set to: 60.0 kW power1: 112, 23, current1: 208, 7
GUN2:: Condition 13
GUN2:: Condition 13-8
Gun2: Power Limit Set to: 90.0 kW power1: 40, 35, current1: 196, 9
GUN1:: Condition 13
GUN1:: Condition 13-4
Gun1: Power Limit Set to: 60.0 kW power1: 112, 23, current1: 208, 7
GUN2:: Condition 13
GUN2:: Condition 13-8
Gun2: Power Limit Set to: 90.0 kW power1: 40, 35, current1: 196, 9
GUN1:: Condition 13
GUN1:: Condition 13-4
Gun1: Power Limit Set to: 60.0 kW power1: 112, 23, current1: 208, 7
GUN2:: Condition 13
GUN2:: Condition 13-8
Gun2: Power Limit Set to: 90.0 kW power1: 40, 35, current1: 196, 9
GUN1:: Condition 13
GUN1:: Condition 13-4
Gun1: Power Limit Set to: 60.0 kW power1: 112, 23, current1: 208, 7
GUN2:: Condition 13
GUN2:: Condition 13-8
Gun2: Power Limit Set to: 90.0 kW power1: 40, 35, current1: 196, 9
GUN1:: Condition 13
GUN1:: Condition 13-4
Gun1: Power Limit Set to: 60.0 kW power1: 112, 23, current1: 208, 7
GUN2:: Condition 13
GUN2:: Condition 13-8
Gun2: Power Limit Set to: 90.0 kW power1: 40, 35, current1: 196, 9
GUN1:: Condition 13
GUN1:: Condition 13-4
Gun1: Power Limit Set to: 60.0 kW power1: 112, 23, current1: 208, 7
GUN2:: Condition 13
GUN2:: Condition 13-8
Gun2: Power Limit Set to: 90.0 kW power1: 40, 35, current1: 196, 9
GUN1:: Condition 13
GUN1:: Condition 13-4
Gun1: Power Limit Set to: 60.0 kW power1: 112, 23, current1: 208, 7
GUN2:: Condition 13
GUN2:: Condition 13-8
Gun2: Power Limit Set to: 90.0 kW power1: 40, 35, current1: 196, 9
GUN1:: Condition 13
GUN1:: Condition 13-4
Gun1: Power Limit Set to: 60.0 kW power1: 112, 23, current1: 208, 7
GUN2:: Condition 13
GUN2:: Condition 13-8
Gun2: Power Limit Set to: 90.0 kW power1: 40, 35, current1: 196, 9
GUN1:: Condition 13
GUN1:: Condition 13-4
Gun1: Power Limit Set to: 60.0 kW power1: 112, 23, current1: 208, 7
GUN2:: Condition 13
GUN2:: Condition 13-8
Gun2: Power Limit Set to: 90.0 kW power1: 40, 35, current1: 196, 9
GUN1:: Condition 13
GUN1:: Condition 13-4
Gun1: Power Limit Set to: 60.0 kW power1: 112, 23, current1: 208, 7
GUN2:: Condition 13
GUN2:: Condition 13-8
Gun2: Power Limit Set to: 90.0 kW power1: 40, 35, current1: 196, 9
GUN1:: Condition 13
GUN1:: Condition 13-4
Gun1: Power Limit Set to: 60.0 kW power1: 112, 23, current1: 208, 7
GUN2:: Condition 13
GUN2:: Condition 13-8
Gun2: Power Limit Set to: 90.0 kW power1: 40, 35, current1: 196, 9
GUN1:: Condition 13
GUN1:: Condition 13-4
Gun1: Power Limit Set to: 60.0 kW power1: 112, 23, current1: 208, 7
GUN2:: Condition 13
GUN2:: Condition 13-8
Gun2: Power Limit Set to: 90.0 kW power1: 40, 35, current1: 196, 9
GUN1:: Condition 13
GUN1:: Condition 13-4
Gun1: Power Limit Set to: 60.0 kW power1: 112, 23, current1: 208, 7
GUN2:: Condition 13
GUN2:: Condition 13-8
Gun2: Power Limit Set to: 90.0 kW power1: 40, 35, current1: 196, 9
GUN1:: Condition 13
GUN1:: Condition 13-4
Gun1: Power Limit Set to: 60.0 kW power1: 112, 23, current1: 208, 7
GUN2:: Condition 13
GUN2:: Condition 13-8
Gun2: Power Limit Set to: 90.0 kW power1: 40, 35, current1: 196, 9
GUN1:: Condition 13
GUN1:: Condition 13-4
Gun1: Power Limit Set to: 60.0 kW power1: 112, 23, current1: 208, 7
GUN2:: Condition 13
GUN2:: Condition 13-8
Gun2: Power Limit Set to: 90.0 kW power1: 40, 35, current1: 196, 9
GUN1:: Condition 13
GUN1:: Condition 13-4
Gun1: Power Limit Set to: 60.0 kW power1: 112, 23, current1: 208, 7
GUN2:: Condition 13
GUN2:: Condition 13-8
Gun2: Power Limit Set to: 90.0 kW power1: 40, 35, current1: 196, 9
GUN1:: Condition 13
GUN1:: Condition 13-4
Gun1: Power Limit Set to: 60.0 kW power1: 112, 23, current1: 208, 7
GUN2:: Condition 13
GUN2:: Condition 13-8
Gun2: Power Limit Set to: 90.0 kW power1: 40, 35, current1: 196, 9
GUN1:: Condition 13
GUN1:: Condition 13-4
Gun1: Power Limit Set to: 60.0 kW power1: 112, 23, current1: 208, 7
GUN2:: Condition 13
GUN2:: Condition 13-8
Gun2: Power Limit Set to: 90.0 kW power1: 40, 35, current1: 196, 9
GUN1:: Condition 13
GUN1:: Condition 13-4
Gun1: Power Limit Set to: 60.0 kW power1: 112, 23, current1: 208, 7
GUN2:: Condition 13
GUN2:: Condition 13-8
Gun2: Power Limit Set to: 90.0 kW power1: 40, 35, current1: 196, 9
GUN1:: Condition 13
GUN1:: Condition 13-4
Gun1: Power Limit Set to: 60.0 kW power1: 112, 23, current1: 208, 7
GUN2:: Condition 13
GUN2:: Condition 13-8
Gun2: Power Limit Set to: 90.0 kW power1: 40, 35, current1: 196, 9
GUN1:: Condition 13
GUN1:: Condition 13-4
Gun1: Power Limit Set to: 60.0 kW power1: 112, 23, current1: 208, 7
GUN2:: Condition 13
GUN2:: Condition 13-8
Gun2: Power Limit Set to: 90.0 kW power1: 40, 35, current1: 196, 9
GUN1:: Condition 13
GUN1:: Condition 13-4
Gun1: Power Limit Set to: 60.0 kW power1: 112, 23, current1: 208, 7
GUN2:: Condition 13
GUN2:: Condition 13-8
Gun2: Power Limit Set to: 90.0 kW power1: 40, 35, current1: 196, 9
GUN1:: Condition 13
GUN1:: Condition 13-4
Gun1: Power Limit Set to: 60.0 kW power1: 112, 23, current1: 208, 7
GUN2:: Condition 13
GUN2:: Condition 13-8
Gun2: Power Limit Set to: 90.0 kW power1: 40, 35, current1: 196, 9
GUN1:: Condition 13
GUN1:: Condition 13-4
Gun1: Power Limit Set to: 60.0 kW power1: 112, 23, current1: 208, 7
GUN2:: Condition 13
GUN2:: Condition 13-8
Gun2: Power Limit Set to: 90.0 kW power1: 40, 35, current1: 196, 9
GUN1:: Condition 13
GUN1:: Condition 13-4
Gun1: Power Limit Set to: 60.0 kW power1: 112, 23, current1: 208, 7
GUN2:: Condition 13
GUN2:: Condition 13-8
Gun2: Power Limit Set to: 90.0 kW power1: 40, 35, current1: 196, 9
GUN1:: Condition 13
GUN1:: Condition 13-4
Gun1: Power Limit Set to: 60.0 kW power1: 112, 23, current1: 208, 7
GUN2:: Condition 13
GUN2:: Condition 13-8
Gun2: Power Limit Set to: 90.0 kW power1: 40, 35, current1: 196, 9
GUN1:: Condition 13
GUN1:: Condition 13-4
Gun1: Power Limit Set to: 60.0 kW power1: 112, 23, current1: 208, 7
GUN2:: Condition 13
GUN2:: Condition 13-8
Gun2: Power Limit Set to: 90.0 kW power1: 40, 35, current1: 196, 9
GUN1:: Condition 13
GUN1:: Condition 13-4
Gun1: Power Limit Set to: 60.0 kW power1: 112, 23, current1: 208, 7
GUN2:: Condition 13
GUN2:: Condition 13-8
Gun2: Power Limit Set to: 90.0 kW power1: 40, 35, current1: 196, 9
GUN1:: Condition 13
GUN1:: Condition 13-4
Gun1: Power Limit Set to: 60.0 kW power1: 112, 23, current1: 208, 7
GUN2:: Condition 13
GUN2:: Condition 13-8
Gun2: Power Limit Set to: 90.0 kW power1: 40, 35, current1: 196, 9
GUN1:: Condition 13
GUN1:: Condition 13-4
Gun1: Power Limit Set to: 60.0 kW power1: 112, 23, current1: 208, 7
GUN2:: Condition 13
GUN2:: Condition 13-8
Gun2: Power Limit Set to: 90.0 kW power1: 40, 35, current1: 196, 9
GUN1:: Condition 13
GUN1:: Condition 13-4
Gun1: Power Limit Set to: 60.0 kW power1: 112, 23, current1: 208, 7
GUN2:: Condition 13
GUN2:: Condition 13-8
Gun2: Power Limit Set to: 90.0 kW power1: 40, 35, current1: 196, 9
GUN1:: Condition 13
GUN1:: Condition 13-4
Gun1: Power Limit Set to: 60.0 kW power1: 112, 23, current1: 208, 7
GUN2:: Condition 13
GUN2:: Condition 13-8
Gun2: Power Limit Set to: 90.0 kW power1: 40, 35, current1: 196, 9
GUN1:: Condition 13
GUN1:: Condition 13-4
Gun1: Power Limit Set to: 60.0 kW power1: 112, 23, current1: 208, 7
GUN2:: Condition 13
GUN2:: Condition 13-8
Gun2: Power Limit Set to: 90.0 kW power1: 40, 35, current1: 196, 9
GUN1:: Condition 13
GUN1:: Condition 13-4
Gun1: Power Limit Set to: 60.0 kW power1: 112, 23, current1: 208, 7
GUN2:: Condition 13
GUN2:: Condition 13-8
Gun2: Power Limit Set to: 90.0 kW power1: 40, 35, current1: 196, 9
GUN1:: Condition 16
GUN2:: Condition 12
Gun2::Condition 12-6
GUN2:: Condition 12-7
Gun2: Power Limit Set to: 60.0 kW power1: 112, 23, current1: 208, 7
GUN1:: Condition 16
GUN2:: Condition 12
Gun2::Condition 12-6
Gun2: Power Limit Set to: 90.0 kW power1: 40, 35, current1: 196, 9
GUN2:: Condition 12-7
Gun2: Power Limit Set to: 60.0 kW power1: 112, 23, current1: 208, 7
GUN1:: Condition 16
GUN2:: Condition 12
Gun2::Condition 12-6
Gun2: Power Limit Set to: 90.0 kW power1: 40, 35, current1: 196, 9
GUN2:: Condition 12-7
Gun2: Power Limit Set to: 60.0 kW power1: 112, 23, current1: 208, 7
GUN1:: Condition 16
GUN2:: Condition 12
Gun2::Condition 12-6
Gun2: Power Limit Set to: 90.0 kW power1: 40, 35, current1: 196, 9
GUN2:: Condition 12-7
Gun2: Power Limit Set to: 60.0 kW power1: 112, 23, current1: 208, 7
GUN1:: Condition 17
GUN2:: Condition 12
Gun2::Condition 12-6
Gun2: Power Limit Set to: 90.0 kW power1: 40, 35, current1: 196, 9
GUN2:: Condition 12-7
Gun2: Power Limit Set to: 60.0 kW power1: 112, 23, current1: 208, 7
GUN1:: Condition 4
Gun1: Power Limit Set to: 120.0 kW power1: 224, 46, current1: 196, 9
GUN2:: Condition 12
Gun2::Condition 12-6
Gun2: Power Limit Set to: 90.0 kW power1: 40, 35, current1: 196, 9
GUN1:: Condition 4
Gun1: Power Limit Set to: 120.0 kW power1: 224, 46, current1: 196, 9
GUN2:: Condition 12
Gun2::Condition 12-6
Gun2: Power Limit Set to: 90.0 kW power1: 40, 35, current1: 196, 9
GUN1:: Condition 4
Gun1: Power Limit Set to: 120.0 kW power1: 224, 46, current1: 196, 9
GUN2:: Condition 12
Gun2::Condition 12-6
Gun2: Power Limit Set to: 90.0 kW power1: 40, 35, current1: 196, 9
GUN1:: Condition 4
Gun1: Power Limit Set to: 120.0 kW power1: 224, 46, current1: 196, 9
GUN2:: Condition 12
Gun2::Condition 12-6
Gun2: Power Limit Set to: 90.0 kW power1: 40, 35, current1: 196, 9
GUN1:: Condition 4
Gun1: Power Limit Set to: 120.0 kW power1: 224, 46, current1: 196, 9
GUN2:: Condition 12
Gun2::Condition 12-6
Gun2: Power Limit Set to: 90.0 kW power1: 40, 35, current1: 196, 9
GUN1:: Condition 4
Gun1: Power Limit Set to: 120.0 kW power1: 224, 46, current1: 196, 9
GUN2:: Condition 12
Gun2::Condition 12-6
Gun2: Power Limit Set to: 90.0 kW power1: 40, 35, current1: 196, 9
GUN1:: Condition 4
Gun1: Power Limit Set to: 120.0 kW power1: 224, 46, current1: 196, 9
GUN2:: Condition 12
Gun2::Condition 12-6
Gun2: Power Limit Set to: 90.0 kW power1: 40, 35, current1: 196, 9
GUN1:: Condition 4
Gun1: Power Limit Set to: 120.0 kW power1: 224, 46, current1: 196, 9
GUN2:: Condition 12
Gun2::Condition 12-6
Gun2: Power Limit Set to: 90.0 kW power1: 40, 35, current1: 196, 9
GUN1:: Condition 4
Gun1: Power Limit Set to: 120.0 kW power1: 224, 46, current1: 196, 9
GUN2:: Condition 12
Gun2::Condition 12-6
Gun2: Power Limit Set to: 90.0 kW power1: 40, 35, current1: 196, 9
GUN1:: Condition 4
Gun1: Power Limit Set to: 120.0 kW power1: 224, 46, current1: 196, 9
GUN2:: Condition 12
Gun2::Condition 12-6
Gun2: Power Limit Set to: 90.0 kW power1: 40, 35, current1: 196, 9
GUN1:: Condition 4
Gun1: Power Limit Set to: 120.0 kW power1: 224, 46, current1: 196, 9
GUN2:: Condition 12
Gun2::Condition 12-6
Gun2: Power Limit Set to: 90.0 kW power1: 40, 35, current1: 196, 9
GUN1:: Condition 4
Gun1: Power Limit Set to: 120.0 kW power1: 224, 46, current1: 196, 9
GUN2:: Condition 12
Gun2::Condition 12-6
Gun2: Power Limit Set to: 90.0 kW power1: 40, 35, current1: 196, 9
GUN1:: Condition 4
Gun1: Power Limit Set to: 120.0 kW power1: 224, 46, current1: 196, 9
GUN2:: Condition 12
Gun2::Condition 12-6
Gun2: Power Limit Set to: 90.0 kW power1: 40, 35, current1: 196, 9
GUN1:: Condition 4
Gun1: Power Limit Set to: 120.0 kW power1: 224, 46, current1: 196, 9
GUN2:: Condition 12
Gun2::Condition 12-6
Gun2: Power Limit Set to: 90.0 kW power1: 40, 35, current1: 196, 9
GUN1:: Condition 4
Gun1: Power Limit Set to: 120.0 kW power1: 224, 46, current1: 196, 9
GUN2:: Condition 12
Gun2::Condition 12-6
Gun2: Power Limit Set to: 90.0 kW power1: 40, 35, current1: 196, 9
GUN1:: Condition 4
Gun1: Power Limit Set to: 120.0 kW power1: 224, 46, current1: 196, 9
GUN2:: Condition 12
Gun2::Condition 12-6
Gun2: Power Limit Set to: 90.0 kW power1: 40, 35, current1: 196, 9
GUN1:: Condition 4
Gun1: Power Limit Set to: 120.0 kW power1: 224, 46, current1: 196, 9
GUN2:: Condition 12
Gun2::Condition 12-6
Gun2: Power Limit Set to: 90.0 kW power1: 40, 35, current1: 196, 9
GUN1:: Condition 4
Gun1: Power Limit Set to: 120.0 kW power1: 224, 46, current1: 196, 9
GUN2:: Condition 12
Gun2::Condition 12-6
Gun2: Power Limit Set to: 90.0 kW power1: 40, 35, current1: 196, 9
GUN1:: Condition 4
Gun1: Power Limit Set to: 120.0 kW power1: 224, 46, current1: 196, 9
GUN2:: Condition 12
Gun2::Condition 12-6
Gun2: Power Limit Set to: 90.0 kW power1: 40, 35, current1: 196, 9
GUN1:: Condition 4
Gun1: Power Limit Set to: 120.0 kW power1: 224, 46, current1: 196, 9
GUN2:: Condition 12
Gun2::Condition 12-6
Gun2: Power Limit Set to: 90.0 kW power1: 40, 35, current1: 196, 9
GUN1:: Condition 4
Gun1: Power Limit Set to: 120.0 kW power1: 224, 46, current1: 196, 9
GUN2:: Condition 12
Gun2: Power Limit Set to: 30.0 kW power1: 184, 11, current1: 232, 3
Gun2::Condition 12-1
Gun2 :: LP: 25000, RP: 86057, DP: 0, Diff: 61057, ChangeRequest: False
GUN1:: Condition 4
Gun1: Power Limit Set to: 120.0 kW power1: 224, 46, current1: 196, 9
GUN2:: Condition 12
Gun2: Power Limit Set to: 30.0 kW power1: 184, 11, current1: 232, 3
Gun2::Condition 12-1
Gun2 :: LP: 25000, RP: 29083, DP: 0, Diff: 4083, ChangeRequest: False
GUN1:: Condition 4
Gun1: Power Limit Set to: 120.0 kW power1: 224, 46, current1: 196, 9
GUN2:: Condition 12
Gun2: Power Limit Set to: 30.0 kW power1: 184, 11, current1: 232, 3
Gun2::Condition 12-1
Gun2 :: LP: 25000, RP: 22833, DP: 0, Diff: 2167, ChangeRequest: False
GUN1:: Condition 4
Gun1: Power Limit Set to: 120.0 kW power1: 224, 46, current1: 196, 9
GUN2:: Condition 12
Gun2: Power Limit Set to: 30.0 kW power1: 184, 11, current1: 232, 3
Gun2::Condition 12-1
Gun2 :: LP: 25000, RP: 17546, DP: 0, Diff: 7454, ChangeRequest: False
GUN1:: Condition 4
Gun1: Power Limit Set to: 120.0 kW power1: 224, 46, current1: 196, 9
GUN2:: Condition 12
Gun2: Power Limit Set to: 30.0 kW power1: 184, 11, current1: 232, 3
Gun2::Condition 12-1
Gun2 :: LP: 25000, RP: 13427, DP: 0, Diff: 11573, ChangeRequest: False
GUN1:: Condition 4
Gun1: Power Limit Set to: 120.0 kW power1: 224, 46, current1: 196, 9
GUN2:: Condition 12
Gun2: Power Limit Set to: 30.0 kW power1: 184, 11, current1: 232, 3
Gun2::Condition 12-1
Gun2 :: LP: 25000, RP: 10296, DP: 0, Diff: 14704, ChangeRequest: False
GUN1:: Condition 4
Gun1: Power Limit Set to: 120.0 kW power1: 224, 46, current1: 196, 9
GUN2:: Condition 12
Gun2: Power Limit Set to: 30.0 kW power1: 184, 11, current1: 232, 3
Gun2::Condition 12-1
Gun2 :: LP: 25000, RP: 7850, DP: 0, Diff: 17150, ChangeRequest: False
GUN1:: Condition 4
Gun1: Power Limit Set to: 120.0 kW power1: 224, 46, current1: 196, 9
GUN2:: Condition 12
Gun2: Power Limit Set to: 30.0 kW power1: 184, 11, current1: 232, 3
Gun2::Condition 12-1
Gun2 :: LP: 25000, RP: 6006, DP: 0, Diff: 18994, ChangeRequest: False
GUN1:: Condition 4
Gun1: Power Limit Set to: 120.0 kW power1: 224, 46, current1: 196, 9
GUN2:: Condition 12
Gun2: Power Limit Set to: 30.0 kW power1: 184, 11, current1: 232, 3
Gun2::Condition 12-1
Gun2 :: LP: 25000, RP: 4590, DP: 0, Diff: 20410, ChangeRequest: False
GUN1:: Condition 4
Gun1: Power Limit Set to: 120.0 kW power1: 224, 46, current1: 196, 9
GUN2:: Condition 12
Gun2: Power Limit Set to: 30.0 kW power1: 184, 11, current1: 232, 3
Gun2::Condition 12-1
Gun2 :: LP: 25000, RP: 3509, DP: 0, Diff: 21491, ChangeRequest: False
GUN1:: Condition 4
Gun1: Power Limit Set to: 120.0 kW power1: 224, 46, current1: 196, 9
GUN2:: Condition 12
Gun2: Power Limit Set to: 30.0 kW power1: 184, 11, current1: 232, 3
Gun2::Condition 12-1
Gun2 :: LP: 25000, RP: 2739, DP: 0, Diff: 22261, ChangeRequest: False
GUN1:: Condition 4
Gun1: Power Limit Set to: 120.0 kW power1: 224, 46, current1: 196, 9
GUN2:: Condition 12
Gun2: Power Limit Set to: 30.0 kW power1: 184, 11, current1: 232, 3
Gun2::Condition 12-1
Gun2 :: LP: 25000, RP: 2140, DP: 0, Diff: 22860, ChangeRequest: False
GUN1:: Condition 4
Gun1: Power Limit Set to: 120.0 kW power1: 224, 46, current1: 196, 9
GUN2:: Condition 12
Gun2: Power Limit Set to: 30.0 kW power1: 184, 11, current1: 232, 3
Gun2::Condition 12-1
Gun2 :: LP: 25000, RP: 1669, DP: 0, Diff: 23331, ChangeRequest: False
GUN1:: Condition 4
Gun1: Power Limit Set to: 120.0 kW power1: 224, 46, current1: 196, 9
GUN2:: Condition 12
Gun2: Power Limit Set to: 30.0 kW power1: 184, 11, current1: 232, 3
Gun2::Condition 12-1
Gun2 :: LP: 25000, RP: 1326, DP: 0, Diff: 23674, ChangeRequest: False
GUN1:: Condition 4
Gun1: Power Limit Set to: 120.0 kW power1: 224, 46, current1: 196, 9
GUN2:: Condition 12
Gun2: Power Limit Set to: 30.0 kW power1: 184, 11, current1: 232, 3
Gun2::Condition 12-1
Gun2 :: LP: 25000, RP: 1027, DP: 0, Diff: 23973, ChangeRequest: False
GUN1:: Condition 4
Gun1: Power Limit Set to: 120.0 kW power1: 224, 46, current1: 196, 9
GUN2:: Condition 12
Gun2: Power Limit Set to: 30.0 kW power1: 184, 11, current1: 232, 3
Gun2::Condition 12-1
Gun2 :: LP: 25000, RP: 856, DP: 0, Diff: 24144, ChangeRequest: False
GUN1:: Condition 4
Gun1: Power Limit Set to: 120.0 kW power1: 224, 46, current1: 196, 9
GUN2:: Condition 12
Gun2: Power Limit Set to: 30.0 kW power1: 184, 11, current1: 232, 3
Gun2::Condition 12-1
Gun2 :: LP: 25000, RP: 684, DP: 0, Diff: 24316, ChangeRequest: False
GUN1:: Condition 4
Gun1: Power Limit Set to: 120.0 kW power1: 224, 46, current1: 196, 9
GUN2:: Condition 12
Gun2: Power Limit Set to: 30.0 kW power1: 184, 11, current1: 232, 3
Gun2::Condition 12-1
Gun2 :: LP: 25000, RP: 556, DP: 0, Diff: 24444, ChangeRequest: False
GUN1:: Condition 4
Gun1: Power Limit Set to: 120.0 kW power1: 224, 46, current1: 196, 9
GUN2:: Condition 12
Gun2: Power Limit Set to: 30.0 kW power1: 184, 11, current1: 232, 3
Gun2::Condition 12-1
Gun2 :: LP: 25000, RP: 470, DP: 0, Diff: 24530, ChangeRequest: False

GUN1:: Condition 4
Gun1: Power Limit Set to: 120.0 kW power1: 224, 46, current1: 196, 9
GUN2:: Condition 12
Gun2: Power Limit Set to: 30.0 kW power1: 184, 11, current1: 232, 3
Gun2::Condition 12-1
Gun2 :: LP: 25000, RP: 428, DP: 0, Diff: 24572, ChangeRequest: False
GUN1:: Condition 4
Gun1: Power Limit Set to: 120.0 kW power1: 224, 46, current1: 196, 9
GUN2:: Condition 16
GUN2:: Condition 16
GUN2:: Condition 16
GUN2:: Condition 16
GUN2:: Condition 17
GUN2:: Condition 17
GUN1:: Condition 2
GUN2:: Condition 3
GUN1:: Condition 2
GUN2:: Condition 3
GUN1:: Condition 2
GUN2:: Condition 3
GUN1:: Condition 2
GUN2:: Condition 3
GUN1:: Condition 2
GUN2:: Condition 3
GUN1:: Condition 2
GUN2:: Condition 3
GUN1:: Condition 2
GUN2:: Condition 3
GUN1:: Condition 2
GUN2:: Condition 3
GUN1:: Condition 2
GUN2:: Condition 3
GUN1:: Condition 2
GUN2:: Condition 3
GUN1:: Condition 2
GUN2:: Condition 3
GUN1:: Condition 2
GUN2:: Condition 3
GUN1:: Condition 2
GUN2:: Condition 3
GUN1:: Condition 2
GUN2:: Condition 3
GUN1:: Condition 2
GUN2:: Condition 3
GUN1:: Condition 2
GUN2:: Condition 3
GUN1:: Condition 2
GUN2:: Condition 3
GUN1:: Condition 2
GUN2:: Condition 3
GUN1:: Condition 2
GUN2:: Condition 1
GUN1:: Condition 1
GUN2:: Condition 1
GUN1:: Condition 1
GUN2:: Condition 1
GUN1:: Condition 1
GUN2:: Condition 1
GUN1:: Condition 1