GUN2:: Condition 4
INFO:: Indside getRealtimeVIP
GUN1:: Condition 4
GUN2:: Condition 4
GUN2:: Condition 4
INFO:: Indside getRealtimeVIP
GUN1:: Condition 4
INFO:: Indside getRealtimeVIP
GUN1:: Condition 4
GUN2:: Condition 4
GUN2:: Condition 4
INFO:: Indside getRealtimeVIP
GUN1:: Condition 4
INFO:: Indside getRealtimeVIP
GUN1:: Condition 4
GUN2:: Condition 4
GUN2:: Condition 4
INFO:: Indside getRealtimeVIP
GUN1:: Condition 4
INFO:: Indside getRealtimeVIP
GUN1:: Condition 4
GUN2:: Condition 4
GUN2:: Condition 4
INFO:: Indside getRealtimeVIP
GUN1:: Condition 4
INFO:: Indside getRealtimeVIP
GUN1:: Condition 4
GUN2:: Condition 4
GUN2:: Condition 4
INFO:: Indside getRealtimeVIP
GUN1:: Condition 4
INFO:: Indside getRealtimeVIP
GUN1:: Condition 4
GUN2:: Condition 4
GUN2:: Condition 4
INFO:: Indside getRealtimeVIP
GUN1:: Condition 4
INFO:: Indside getRealtimeVIP
GUN1:: Condition 4
GUN2:: Condition 4
GUN2:: Condition 4
INFO:: Indside getRealtimeVIP
GUN1:: Condition 4
INFO:: Indside getRealtimeVIP
GUN1:: Condition 4
GUN2:: Condition 4
GUN2:: Condition 4
INFO:: Indside getRealtimeVIP
GUN1:: Condition 4
GUN2:: Condition 4
INFO:: Indside getRealtimeVIP
GUN1:: Condition 4
INFO:: Indside getRealtimeVIP
GUN1:: Condition 6: Gun1 - Cable Check, Gun2 - Disconnected or Error State
GUN1:: Cable Check
GUN2:: Condition 4
GUN2:: Condition 4
INFO:: Indside getRealtimeVIP
GUN1:: Condition 6: Gun1 - Cable Check, Gun2 - Disconnected or Error State
GUN1:: Cable Check
GUN2:: Condition 4
INFO:: Indside getRealtimeVIP
GUN1:: Condition 9
Gun1: Power Limit Set to: 20.0 kW
INFO:: Indside getRealtimeVIP
GUN1:: Condition 9
GUN2:: Condition 4
Gun2: Power Limit Set to: 120.0 kW
INFO:: Indside getRealtimeVIP
GUN1:: Condition 9
Gun1: Power Limit Set to: 20.0 kW
GUN2:: Condition 4
Gun2: Power Limit Set to: 120.0 kW
INFO:: Indside getRealtimeVIP
GUN1:: Condition 9
Gun1: Power Limit Set to: 20.0 kW
GUN2:: Condition 4
Gun2: Power Limit Set to: 120.0 kW
INFO:: Indside getRealtimeVIP
GUN1:: Condition 9
Gun1: Power Limit Set to: 20.0 kW
GUN2:: Condition 4
Gun2: Power Limit Set to: 120.0 kW
GUN2:: Condition 4
INFO:: Indside getRealtimeVIP
GUN1:: Condition 9
Gun1: Power Limit Set to: 20.0 kW
GUN2:: Condition 4
Gun2: Power Limit Set to: 120.0 kW
INFO:: Indside getRealtimeVIP
GUN1:: Condition 9
Gun1: Power Limit Set to: 20.0 kW
GUN2:: Condition 4
Gun2: Power Limit Set to: 120.0 kW
INFO:: Indside getRealtimeVIP
GUN1:: Condition 9
Gun1: Power Limit Set to: 20.0 kW
INFO:: Indside getRealtimeVIP
GUN1:: Condition 9
GUN2:: Condition 4
Gun2: Power Limit Set to: 120.0 kW
GUN2:: Condition 4
INFO:: Indside getRealtimeVIP
GUN1:: Condition 9
Gun1: Power Limit Set to: 20.0 kW
GUN2:: Condition 4
Gun2: Power Limit Set to: 120.0 kW
INFO:: Indside getRealtimeVIP
GUN1:: Condition 9
Gun1: Power Limit Set to: 20.0 kW
INFO:: Indside getRealtimeVIP
GUN1:: Condition 9
GUN2:: Condition 4
Gun2: Power Limit Set to: 120.0 kW
GUN2:: Condition 4
INFO:: Indside getRealtimeVIP
GUN1:: Condition 9
Gun1: Power Limit Set to: 20.0 kW
GUN2:: Condition 4
Gun2: Power Limit Set to: 120.0 kW
INFO:: Indside getRealtimeVIP
GUN1:: Condition 9
Gun1: Power Limit Set to: 20.0 kW
INFO:: Indside getRealtimeVIP
GUN1:: Condition 9
GUN2:: Condition 4
Gun2: Power Limit Set to: 120.0 kW
INFO:: Indside getRealtimeVIP
GUN1:: Condition 9
Gun1: Power Limit Set to: 20.0 kW
GUN2:: Condition 4
Gun2: Power Limit Set to: 120.0 kW
GUN2:: Condition 4
INFO:: Indside getRealtimeVIP
GUN1:: Condition 9
Gun1: Power Limit Set to: 20.0 kW
GUN2:: Condition 4
Gun2: Power Limit Set to: 120.0 kW
INFO:: Indside getRealtimeVIP
GUN1:: Condition 9
Gun1: Power Limit Set to: 20.0 kW
INFO:: Indside getRealtimeVIP
GUN1:: Condition 9
GUN2:: Condition 4
Gun2: Power Limit Set to: 120.0 kW
GUN2:: Condition 4
INFO:: Indside getRealtimeVIP
GUN1:: Condition 9
Gun1: Power Limit Set to: 20.0 kW
INFO:: Indside getRealtimeVIP
GUN1:: Condition 9
GUN2:: Condition 4
Gun2: Power Limit Set to: 120.0 kW
GUN2:: Condition 4
INFO:: Indside getRealtimeVIP
GUN1:: Condition 9
Gun1: Power Limit Set to: 20.0 kW
INFO:: Indside getRealtimeVIP
GUN1:: Condition 9
GUN2:: Condition 4
Gun2: Power Limit Set to: 120.0 kW
INFO:: Indside getRealtimeVIP
GUN1:: Condition 12
GUN1:: Condition 12-1
Gun1: Power Limit Set to: 25.0 kW
INFO:: Indside Limit Change Function Gun1
INFO:: Indside getRealtimeVIP
Gun1 :: LP: 25000, RP: 717, DP: 0, SLP: 0, Diff: 24283, ChangeRequest: False
GUN2:: Condition 4
Gun2: Power Limit Set to: 120.0 kW
GUN2:: Condition 4
INFO:: Indside getRealtimeVIP
GUN1:: Condition 12
GUN1:: Condition 12-1
Gun1: Power Limit Set to: 25.0 kW
INFO:: Indside Limit Change Function Gun1
INFO:: Indside getRealtimeVIP
Gun1 :: LP: 25000, RP: 677, DP: 0, SLP: 0, Diff: 24323, ChangeRequest: False
GUN2:: Condition 4
Gun2: Power Limit Set to: 120.0 kW
INFO:: Indside getRealtimeVIP
GUN1:: Condition 12
GUN1:: Condition 12-1
Gun1: Power Limit Set to: 25.0 kW
INFO:: Indside Limit Change Function Gun1
INFO:: Indside getRealtimeVIP
Gun1 :: LP: 25000, RP: 199, DP: 0, SLP: 0, Diff: 24801, ChangeRequest: False
GUN2:: Condition 4
Gun2: Power Limit Set to: 120.0 kW
INFO:: Indside getRealtimeVIP
GUN1:: Condition 12
GUN1:: Condition 12-1
Gun1: Power Limit Set to: 25.0 kW
INFO:: Indside Limit Change Function Gun1
INFO:: Indside getRealtimeVIP
Gun1 :: LP: 25000, RP: 199, DP: 0, SLP: 0, Diff: 24801, ChangeRequest: False
GUN2:: Condition 4
Gun2: Power Limit Set to: 120.0 kW
INFO:: Indside getRealtimeVIP
GUN1:: Condition 12
GUN1:: Condition 12-1
Gun1: Power Limit Set to: 25.0 kW
INFO:: Indside Limit Change Function Gun1
INFO:: Indside getRealtimeVIP
Gun1 :: LP: 25000, RP: 199, DP: 0, SLP: 0, Diff: 24801, ChangeRequest: False
GUN2:: Condition 4
Gun2: Power Limit Set to: 120.0 kW
INFO:: Indside getRealtimeVIP
GUN1:: Condition 12
GUN1:: Condition 12-1
Gun1: Power Limit Set to: 25.0 kW
INFO:: Indside Limit Change Function Gun1
INFO:: Indside getRealtimeVIP
Gun1 :: LP: 25000, RP: 199, DP: 0, SLP: 0, Diff: 24801, ChangeRequest: False
INFO:: Indside getRealtimeVIP
GUN1:: Condition 12
GUN1:: Condition 12-1
INFO:: Indside Limit Change Function Gun1
INFO:: Indside getRealtimeVIP
Gun1 :: LP: 25000, RP: 199, DP: 0, SLP: 0, Diff: 24801, ChangeRequest: False
GUN2:: Condition 4
Gun2: Power Limit Set to: 120.0 kW
GUN2:: Condition 4
INFO:: Indside getRealtimeVIP
GUN1:: Condition 12
GUN1:: Condition 12-1
Gun1: Power Limit Set to: 25.0 kW
INFO:: Indside Limit Change Function Gun1
INFO:: Indside getRealtimeVIP
Gun1 :: LP: 25000, RP: 199, DP: 0, SLP: 0, Diff: 24801, ChangeRequest: False
INFO:: Indside getRealtimeVIP
GUN1:: Condition 12
GUN1:: Condition 12-1
INFO:: Indside Limit Change Function Gun1
INFO:: Indside getRealtimeVIP
Gun1 :: LP: 25000, RP: 199, DP: 0, SLP: 0, Diff: 24801, ChangeRequest: False
GUN2:: Condition 4
Gun2: Power Limit Set to: 120.0 kW
INFO:: Indside getRealtimeVIP
GUN1:: Condition 12
GUN1:: Condition 12-1
Gun1: Power Limit Set to: 25.0 kW
INFO:: Indside Limit Change Function Gun1
INFO:: Indside getRealtimeVIP
Gun1 :: LP: 25000, RP: 199, DP: 0, SLP: 0, Diff: 24801, ChangeRequest: False
GUN2:: Condition 4
Gun2: Power Limit Set to: 120.0 kW
GUN2:: Condition 4
INFO:: Indside getRealtimeVIP
GUN1:: Condition 12
GUN1:: Condition 12-1
Gun1: Power Limit Set to: 25.0 kW
INFO:: Indside Limit Change Function Gun1
INFO:: Indside getRealtimeVIP
Gun1 :: LP: 25000, RP: 199, DP: 0, SLP: 0, Diff: 24801, ChangeRequest: False
INFO:: Indside getRealtimeVIP
GUN1:: Condition 12
GUN1:: Condition 12-1
INFO:: Indside Limit Change Function Gun1
INFO:: Indside getRealtimeVIP
Gun1 :: LP: 25000, RP: 199, DP: 0, SLP: 0, Diff: 24801, ChangeRequest: False
GUN2:: Condition 4
Gun2: Power Limit Set to: 120.0 kW
GUN2:: Condition 4
INFO:: Indside getRealtimeVIP
GUN1:: Condition 12
GUN1:: Condition 12-1
Gun1: Power Limit Set to: 25.0 kW
INFO:: Indside Limit Change Function Gun1
INFO:: Indside getRealtimeVIP
Gun1 :: LP: 25000, RP: 199, DP: 0, SLP: 0, Diff: 24801, ChangeRequest: False
GUN2:: Condition 4
Gun2: Power Limit Set to: 120.0 kW
INFO:: Indside getRealtimeVIP
GUN1:: Condition 12
GUN1:: Condition 12-1
Gun1: Power Limit Set to: 25.0 kW
INFO:: Indside Limit Change Function Gun1
INFO:: Indside getRealtimeVIP
Gun1 :: LP: 25000, RP: 199, DP: 0, SLP: 0, Diff: 24801, ChangeRequest: False
INFO:: Indside getRealtimeVIP
GUN1:: Condition 12
GUN1:: Condition 12-1
INFO:: Indside Limit Change Function Gun1
INFO:: Indside getRealtimeVIP
Gun1 :: LP: 25000, RP: 199, DP: 0, SLP: 0, Diff: 24801, ChangeRequest: False
GUN2:: Condition 4
Gun2: Power Limit Set to: 120.0 kW
INFO:: Indside getRealtimeVIP
GUN1:: Condition 12
GUN1:: Condition 12-1
Gun1: Power Limit Set to: 25.0 kW
INFO:: Indside Limit Change Function Gun1
INFO:: Indside getRealtimeVIP
Gun1 :: LP: 25000, RP: 199, DP: 0, SLP: 0, Diff: 24801, ChangeRequest: False
GUN2:: Condition 4
Gun2: Power Limit Set to: 120.0 kW
INFO:: Indside getRealtimeVIP
GUN1:: Condition 12
GUN1:: Condition 12-1
Gun1: Power Limit Set to: 25.0 kW
INFO:: Indside Limit Change Function Gun1
INFO:: Indside getRealtimeVIP
Gun1 :: LP: 25000, RP: 199, DP: 0, SLP: 0, Diff: 24801, ChangeRequest: False
GUN2:: Condition 4
Gun2: Power Limit Set to: 120.0 kW
GUN2:: Condition 4
INFO:: Indside getRealtimeVIP
GUN1:: Condition 12
GUN1:: Condition 12-1
Gun1: Power Limit Set to: 25.0 kW
INFO:: Indside Limit Change Function Gun1
INFO:: Indside getRealtimeVIP
Gun1 :: LP: 25000, RP: 199, DP: 0, SLP: 0, Diff: 24801, ChangeRequest: False
GUN2:: Condition 4
Gun2: Power Limit Set to: 120.0 kW
INFO:: Indside getRealtimeVIP
GUN1:: Condition 12
GUN1:: Condition 12-1
Gun1: Power Limit Set to: 25.0 kW
INFO:: Indside Limit Change Function Gun1
INFO:: Indside getRealtimeVIP
Gun1 :: LP: 25000, RP: 199, DP: 1797, SLP: 1797, Diff: 24801, ChangeRequest: False
INFO:: Indside getRealtimeVIP
GUN1:: Condition 12
GUN1:: Condition 12-1
INFO:: Indside Limit Change Function Gun1
INFO:: Indside getRealtimeVIP
Gun1 :: LP: 25000, RP: 199, DP: 1797, SLP: 1797, Diff: 24801, ChangeRequest: False
GUN2:: Condition 4
Gun2: Power Limit Set to: 120.0 kW
GUN2:: Condition 4
INFO:: Indside getRealtimeVIP
GUN1:: Condition 12
GUN1:: Condition 12-1
Gun1: Power Limit Set to: 25.0 kW
INFO:: Indside Limit Change Function Gun1
INFO:: Indside getRealtimeVIP
Gun1 :: LP: 25000, RP: 1755, DP: 3676, SLP: 3676, Diff: 23245, ChangeRequest: False
INFO:: Indside getRealtimeVIP
GUN1:: Condition 12
GUN1:: Condition 12-1
INFO:: Indside Limit Change Function Gun1
INFO:: Indside getRealtimeVIP
Gun1 :: LP: 25000, RP: 1755, DP: 5473, SLP: 5473, Diff: 23245, ChangeRequest: False
GUN2:: Condition 4
Gun2: Power Limit Set to: 120.0 kW
GUN2:: Condition 4
INFO:: Indside getRealtimeVIP
GUN1:: Condition 12
GUN1:: Condition 12-1
Gun1: Power Limit Set to: 25.0 kW
INFO:: Indside Limit Change Function Gun1
INFO:: Indside getRealtimeVIP
Gun1 :: LP: 25000, RP: 3592, DP: 5473, SLP: 5473, Diff: 21408, ChangeRequest: False
INFO:: Indside getRealtimeVIP
GUN1:: Condition 12
GUN1:: Condition 12-1
INFO:: Indside Limit Change Function Gun1
INFO:: Indside getRealtimeVIP
Gun1 :: LP: 25000, RP: 5314, DP: 7358, SLP: 7358, Diff: 19686, ChangeRequest: False
GUN2:: Condition 4
Gun2: Power Limit Set to: 120.0 kW
GUN2:: Condition 4
INFO:: Indside getRealtimeVIP
GUN1:: Condition 12
GUN1:: Condition 12-1
Gun1: Power Limit Set to: 25.0 kW
INFO:: Indside Limit Change Function Gun1
INFO:: Indside getRealtimeVIP
Gun1 :: LP: 25000, RP: 5354, DP: 7358, SLP: 7358, Diff: 19646, ChangeRequest: False
INFO:: Indside getRealtimeVIP
GUN1:: Condition 12
GUN1:: Condition 12-1
INFO:: Indside Limit Change Function Gun1
INFO:: Indside getRealtimeVIP
Gun1 :: LP: 25000, RP: 7159, DP: 9134, SLP: 9134, Diff: 17841, ChangeRequest: False
GUN2:: Condition 4
Gun2: Power Limit Set to: 120.0 kW
INFO:: Indside getRealtimeVIP
GUN1:: Condition 12
GUN1:: Condition 12-1
Gun1: Power Limit Set to: 25.0 kW
INFO:: Indside Limit Change Function Gun1
INFO:: Indside getRealtimeVIP
Gun1 :: LP: 25000, RP: 7200, DP: 9134, SLP: 9134, Diff: 17800, ChangeRequest: False
GUN2:: Condition 4
Gun2: Power Limit Set to: 120.0 kW
INFO:: Indside getRealtimeVIP
GUN1:: Condition 12
GUN1:: Condition 12-1
Gun1: Power Limit Set to: 25.0 kW
INFO:: Indside Limit Change Function Gun1
INFO:: Indside getRealtimeVIP
Gun1 :: LP: 25000, RP: 8886, DP: 11182, SLP: 11182, Diff: 16114, ChangeRequest: False
GUN2:: Condition 4
Gun2: Power Limit Set to: 120.0 kW
GUN2:: Condition 4
INFO:: Indside getRealtimeVIP
GUN1:: Condition 12
GUN1:: Condition 12-1
Gun1: Power Limit Set to: 25.0 kW
INFO:: Indside Limit Change Function Gun1
INFO:: Indside getRealtimeVIP
Gun1 :: LP: 25000, RP: 8928, DP: 11182, SLP: 11182, Diff: 16072, ChangeRequest: False
INFO:: Indside getRealtimeVIP
GUN1:: Condition 12
GUN1:: Condition 12-1
INFO:: Indside Limit Change Function Gun1
INFO:: Indside getRealtimeVIP
Gun1 :: LP: 25000, RP: 10899, DP: 13120, SLP: 13120, Diff: 14101, ChangeRequest: False
GUN2:: Condition 4
Gun2: Power Limit Set to: 120.0 kW
GUN2:: Condition 4
INFO:: Indside getRealtimeVIP
GUN1:: Condition 12
GUN1:: Condition 12-1
Gun1: Power Limit Set to: 25.0 kW
INFO:: Indside Limit Change Function Gun1
INFO:: Indside getRealtimeVIP
Gun1 :: LP: 25000, RP: 10941, DP: 14893, SLP: 14893, Diff: 14059, ChangeRequest: False
INFO:: Indside getRealtimeVIP
GUN1:: Condition 12
GUN1:: Condition 12-1
INFO:: Indside Limit Change Function Gun1
INFO:: Indside getRealtimeVIP
Gun1 :: LP: 25000, RP: 12795, DP: 14893, SLP: 14893, Diff: 12205, ChangeRequest: False
GUN2:: Condition 4
Gun2: Power Limit Set to: 120.0 kW
GUN2:: Condition 4
INFO:: Indside getRealtimeVIP
GUN1:: Condition 12
GUN1:: Condition 12-1
Gun1: Power Limit Set to: 25.0 kW
INFO:: Indside Limit Change Function Gun1
INFO:: Indside getRealtimeVIP
Gun1 :: LP: 25000, RP: 14574, DP: 16842, SLP: 16842, Diff: 10426, ChangeRequest: False
INFO:: Indside getRealtimeVIP
GUN1:: Condition 12
GUN1:: Condition 12-1
INFO:: Indside Limit Change Function Gun1
INFO:: Indside getRealtimeVIP
Gun1 :: LP: 25000, RP: 14534, DP: 16842, SLP: 16842, Diff: 10466, ChangeRequest: False
GUN2:: Condition 4
Gun2: Power Limit Set to: 120.0 kW
GUN2:: Condition 4
INFO:: Indside getRealtimeVIP
GUN1:: Condition 12
GUN1:: Condition 12-1
Gun1: Power Limit Set to: 25.0 kW
INFO:: Indside Limit Change Function Gun1
INFO:: Indside getRealtimeVIP
Gun1 :: LP: 25000, RP: 16477, DP: 18640, SLP: 18640, Diff: 8523, ChangeRequest: False
GUN2:: Condition 4
Gun2: Power Limit Set to: 120.0 kW
INFO:: Indside getRealtimeVIP
GUN1:: Condition 12
GUN1:: Condition 12-1
Gun1: Power Limit Set to: 25.0 kW
INFO:: Indside Limit Change Function Gun1
INFO:: Indside getRealtimeVIP
Gun1 :: LP: 25000, RP: 16441, DP: 18640, SLP: 18640, Diff: 8559, ChangeRequest: False
INFO:: Indside getRealtimeVIP
GUN1:: Condition 12
GUN1:: Condition 12-1
INFO:: Indside Limit Change Function Gun1
INFO:: Indside getRealtimeVIP
Gun1 :: LP: 25000, RP: 18224, DP: 20575, SLP: 20575, Diff: 6776, ChangeRequest: False
GUN2:: Condition 7
GUN2: Cable Check
GUN2:: Condition 7
GUN2: Cable Check
INFO:: Indside getRealtimeVIP
GUN1:: Condition 13
GUN1:: Condition 13-1
Gun1: Power Limit Set to: 30.0 kW
INFO:: Indside Limit Change Function Gun1
INFO:: Indside getRealtimeVIP
Gun1 :: LP: 25000, RP: 18188, DP: 20575, SLP: 20575, Diff: 6812, ChangeRequest: False
INFO:: Indside getRealtimeVIP
GUN1:: Condition 13
GUN1:: Condition 13-1
INFO:: Indside Limit Change Function Gun1
INFO:: Indside getRealtimeVIP
Gun1 :: LP: 25000, RP: 20099, DP: 22330, SLP: 22330, Diff: 4901, ChangeRequest: False
GUN2:: Condition 10
Gun2: Power Limit Set to: 20.0 kW
INFO:: Indside getRealtimeVIP
GUN1:: Condition 13
GUN1:: Condition 13-1
Gun1: Power Limit Set to: 30.0 kW
INFO:: Indside Limit Change Function Gun1
INFO:: Indside getRealtimeVIP
Gun1 :: LP: 25000, RP: 20059, DP: 22330, SLP: 22330, Diff: 4941, ChangeRequest: False
GUN2:: Condition 10
Gun2: Power Limit Set to: 20.0 kW
GUN2:: Condition 10
INFO:: Indside getRealtimeVIP
GUN1:: Condition 13
GUN1:: Condition 13-1
Gun1: Power Limit Set to: 30.0 kW
INFO:: Indside Limit Change Function Gun1
INFO:: Indside getRealtimeVIP
Gun1 :: LP: 25000, RP: 21888, DP: 24202, SLP: 24202, Diff: 3112, ChangeRequest: False
GUN2:: Condition 10
Gun2: Power Limit Set to: 20.0 kW
INFO:: Indside getRealtimeVIP
GUN1:: Condition 13
GUN1:: Condition 13-1
Gun1: Power Limit Set to: 30.0 kW
INFO:: Indside Limit Change Function Gun1
INFO:: Indside getRealtimeVIP
Gun1 :: LP: 25000, RP: 21813, DP: 25882, SLP: 25882, Diff: 3187, ChangeRequest: False
INFO:: Indside getRealtimeVIP
GUN1:: Condition 13
GUN1:: Condition 13-1
INFO:: Indside Limit Change Function Gun1
INFO:: Indside getRealtimeVIP
Gun1 :: LP: 25000, RP: 23685, DP: 25882, SLP: 25882, Diff: 1315, ChangeRequest: True
Gun2: Power Limit Set to: 55.0 kW
GUN2:: Condition 10
Gun2: Power Limit Set to: 20.0 kW
GUN2:: Condition 10
INFO:: Indside getRealtimeVIP
GUN1:: Condition 13
GUN1:: Condition 13-1
Gun1: Power Limit Set to: 30.0 kW
INFO:: Indside Limit Change Function Gun1
INFO:: Indside getRealtimeVIP
Gun1 :: LP: 25000, RP: 23685, DP: 27477, SLP: 27477, Diff: 1315, ChangeRequest: True
Gun2: Power Limit Set to: 55.0 kW
INFO:: Indside getRealtimeVIP
GUN1:: Condition 13
GUN1:: Condition 13-1
Gun1: Power Limit Set to: 30.0 kW
INFO:: Indside Limit Change Function Gun1
INFO:: Indside getRealtimeVIP
Gun1 :: LP: 25000, RP: 23685, DP: 27477, SLP: 27477, Diff: 1315, ChangeRequest: True
Gun2: Power Limit Set to: 55.0 kW
GUN2:: Condition 10
Gun2: Power Limit Set to: 20.0 kW
INFO:: Indside getRealtimeVIP
GUN1:: Condition 13
GUN1:: Condition 13-3
Gun1: Power Limit Set to: 60.0 kW
GUN2:: Condition 10
Gun2: Power Limit Set to: 20.0 kW
GUN2:: Condition 10
INFO:: Indside getRealtimeVIP
GUN1:: Condition 13
GUN1:: Condition 13-3
Gun1: Power Limit Set to: 60.0 kW
INFO:: Indside getRealtimeVIP
GUN1:: Condition 13
GUN1:: Condition 13-3
GUN2:: Condition 13
GUN2:: Condition 13-1
Gun2: Power Limit Set to: 30.0 kW
Gun2 :: LP: 25000, RP: 85, DP: 18600, SLP: 18600, Diff: 24915, ChangeRequest: False
GUN2:: Condition 13
GUN2:: Condition 13-1
Gun2 :: LP: 25000, RP: 856, DP: 18600, SLP: 18600, Diff: 24144, ChangeRequest: False
INFO:: Indside getRealtimeVIP
GUN1:: Condition 13
GUN1:: Condition 13-3
Gun1: Power Limit Set to: 60.0 kW
INFO:: Indside getRealtimeVIP
GUN1:: Condition 13
GUN1:: Condition 13-4
INFO:: Indside Limit Change Function Gun1
INFO:: Indside getRealtimeVIP
Gun1 :: LP: 55000, RP: 29970, DP: 32043, SLP: 32043, Diff: 25030, ChangeRequest: False
GUN2:: Condition 13
GUN2:: Condition 13-1
Gun2: Power Limit Set to: 30.0 kW
Gun2 :: LP: 25000, RP: 8299, DP: 18600, SLP: 18600, Diff: 16701, ChangeRequest: False
GUN2:: Condition 13
GUN2:: Condition 13-1
Gun2 :: LP: 25000, RP: 17193, DP: 18600, SLP: 18600, Diff: 7807, ChangeRequest: False
INFO:: Indside getRealtimeVIP
GUN1:: Condition 13
GUN1:: Condition 13-4
Gun1: Power Limit Set to: 60.0 kW
INFO:: Indside Limit Change Function Gun1
INFO:: Indside getRealtimeVIP
Gun1 :: LP: 55000, RP: 29955, DP: 33756, SLP: 33756, Diff: 25045, ChangeRequest: False
INFO:: Indside getRealtimeVIP
GUN1:: Condition 13
GUN1:: Condition 13-4
INFO:: Indside Limit Change Function Gun1
INFO:: Indside getRealtimeVIP
Gun1 :: LP: 55000, RP: 15576, DP: 33756, SLP: 33756, Diff: 39424, ChangeRequest: False
GUN2:: Condition 13
GUN2:: Condition 13-1
Gun2: Power Limit Set to: 30.0 kW
Gun2 :: LP: 25000, RP: 17280, DP: 18600, SLP: 18600, Diff: 7720, ChangeRequest: False
GUN2:: Condition 13
GUN2:: Condition 13-1
Gun2 :: LP: 25000, RP: 17280, DP: 21901, SLP: 21901, Diff: 7720, ChangeRequest: False
INFO:: Indside getRealtimeVIP
GUN1:: Condition 13
GUN1:: Condition 13-4
Gun1: Power Limit Set to: 60.0 kW
INFO:: Indside Limit Change Function Gun1
INFO:: Indside getRealtimeVIP
Gun1 :: LP: 55000, RP: 16385, DP: 35672, SLP: 35672, Diff: 38615, ChangeRequest: False
GUN2:: Condition 13
GUN2:: Condition 13-1
Gun2: Power Limit Set to: 30.0 kW
Gun2 :: LP: 25000, RP: 17236, DP: 23947, SLP: 23947, Diff: 7764, ChangeRequest: False
INFO:: Indside getRealtimeVIP
GUN1:: Condition 13
GUN1:: Condition 13-4
Gun1: Power Limit Set to: 60.0 kW
INFO:: Indside Limit Change Function Gun1
INFO:: Indside getRealtimeVIP
Gun1 :: LP: 55000, RP: 16385, DP: 35672, SLP: 35672, Diff: 38615, ChangeRequest: False
INFO:: Indside getRealtimeVIP
GUN1:: Condition 13
GUN1:: Condition 13-4
INFO:: Indside Limit Change Function Gun1
INFO:: Indside getRealtimeVIP
Gun1 :: LP: 55000, RP: 17280, DP: 37299, SLP: 37299, Diff: 37720, ChangeRequest: False
GUN2:: Condition 13
GUN2:: Condition 13-1
Gun2: Power Limit Set to: 30.0 kW
Gun2 :: LP: 25000, RP: 20351, DP: 26040, SLP: 26040, Diff: 4649, ChangeRequest: False
GUN2:: Condition 13
GUN2:: Condition 13-3
Gun2: Power Limit Set to: 60.0 kW
INFO:: Indside getRealtimeVIP
GUN1:: Condition 13
GUN1:: Condition 13-4
INFO:: Indside Limit Change Function Gun1
INFO:: Indside getRealtimeVIP
Gun1 :: LP: 55000, RP: 17320, DP: 37299, SLP: 37299, Diff: 37680, ChangeRequest: False
GUN2:: Condition 13
GUN2:: Condition 13-4
Gun2 :: LP: 55000, RP: 24204, DP: 32178, SLP: 32178, Diff: 30796, ChangeRequest: False
INFO:: Indside getRealtimeVIP
GUN1:: Condition 13
GUN1:: Condition 13-4
INFO:: Indside Limit Change Function Gun1
INFO:: Indside getRealtimeVIP
Gun1 :: LP: 55000, RP: 18215, DP: 39197, SLP: 39197, Diff: 36785, ChangeRequest: False
INFO:: Indside getRealtimeVIP
GUN1:: Condition 13
GUN1:: Condition 13-4
INFO:: Indside Limit Change Function Gun1
INFO:: Indside getRealtimeVIP
Gun1 :: LP: 55000, RP: 20129, DP: 39197, SLP: 39197, Diff: 34871, ChangeRequest: False
GUN2:: Condition 13
GUN2:: Condition 13-4
Gun2 :: LP: 55000, RP: 30032, DP: 32317, SLP: 32317, Diff: 24968, ChangeRequest: False
INFO:: Indside getRealtimeVIP
GUN1:: Condition 13
GUN1:: Condition 13-4
INFO:: Indside Limit Change Function Gun1
INFO:: Indside getRealtimeVIP
Gun1 :: LP: 55000, RP: 38629, DP: 40474, SLP: 40474, Diff: 16371, ChangeRequest: False
GUN2:: Condition 13
GUN2:: Condition 13-4
Gun2 :: LP: 55000, RP: 14947, DP: 33712, SLP: 33712, Diff: 40053, ChangeRequest: False
GUN2:: Condition 13
GUN2:: Condition 13-4
Gun2 :: LP: 55000, RP: 14947, DP: 35758, SLP: 35758, Diff: 40053, ChangeRequest: False
INFO:: Indside getRealtimeVIP
GUN1:: Condition 13
GUN1:: Condition 13-4
INFO:: Indside Limit Change Function Gun1
INFO:: Indside getRealtimeVIP
Gun1 :: LP: 55000, RP: 38598, DP: 41536, SLP: 41536, Diff: 16402, ChangeRequest: False
INFO:: Indside getRealtimeVIP
GUN1:: Condition 13
GUN1:: Condition 13-4
INFO:: Indside Limit Change Function Gun1
INFO:: Indside getRealtimeVIP
Gun1 :: LP: 55000, RP: 39846, DP: 41536, SLP: 41536, Diff: 15154, ChangeRequest: False
GUN2:: Condition 13
GUN2:: Condition 13-1
Gun2: Power Limit Set to: 30.0 kW
Gun2 :: LP: 25000, RP: 15638, DP: 18600, SLP: 18600, Diff: 9362, ChangeRequest: False
GUN2:: Condition 13
GUN2:: Condition 13-1
Gun2 :: LP: 25000, RP: 16545, DP: 19855, SLP: 19855, Diff: 8455, ChangeRequest: False
INFO:: Indside getRealtimeVIP
GUN1:: Condition 13
GUN1:: Condition 13-4
Gun1: Power Limit Set to: 60.0 kW
INFO:: Indside Limit Change Function Gun1
INFO:: Indside getRealtimeVIP
Gun1 :: LP: 55000, RP: 40893, DP: 42670, SLP: 42670, Diff: 14107, ChangeRequest: False
INFO:: Indside getRealtimeVIP
GUN1:: Condition 13
GUN1:: Condition 13-4
INFO:: Indside Limit Change Function Gun1
INFO:: Indside getRealtimeVIP
Gun1 :: LP: 55000, RP: 40852, DP: 42670, SLP: 42670, Diff: 14148, ChangeRequest: False
GUN2:: Condition 13
GUN2:: Condition 13-1
Gun2: Power Limit Set to: 30.0 kW
Gun2 :: LP: 25000, RP: 17236, DP: 21901, SLP: 21901, Diff: 7764, ChangeRequest: False
GUN2:: Condition 13
GUN2:: Condition 13-1
Gun2 :: LP: 25000, RP: 18445, DP: 23947, SLP: 23947, Diff: 6555, ChangeRequest: False
INFO:: Indside getRealtimeVIP
GUN1:: Condition 13
GUN1:: Condition 13-4
Gun1: Power Limit Set to: 60.0 kW
INFO:: Indside Limit Change Function Gun1
INFO:: Indside getRealtimeVIP
Gun1 :: LP: 55000, RP: 41727, DP: 43638, SLP: 43638, Diff: 13273, ChangeRequest: False
INFO:: Indside getRealtimeVIP
GUN1:: Condition 13
GUN1:: Condition 13-4
INFO:: Indside Limit Change Function Gun1
INFO:: Indside getRealtimeVIP
Gun1 :: LP: 55000, RP: 41697, DP: 43638, SLP: 43638, Diff: 13303, ChangeRequest: False
GUN2:: Condition 13
GUN2:: Condition 13-1
Gun2: Power Limit Set to: 30.0 kW
Gun2 :: LP: 25000, RP: 20351, DP: 26040, SLP: 26040, Diff: 4649, ChangeRequest: False
INFO:: Indside getRealtimeVIP
GUN1:: Condition 13
GUN1:: Condition 13-4
Gun1: Power Limit Set to: 60.0 kW
INFO:: Indside Limit Change Function Gun1
INFO:: Indside getRealtimeVIP
Gun1 :: LP: 55000, RP: 42654, DP: 44389, SLP: 44389, Diff: 12346, ChangeRequest: False
GUN2:: Condition 13
GUN2:: Condition 13-1
Gun2: Power Limit Set to: 30.0 kW
Gun2 :: LP: 25000, RP: 22256, DP: 27993, SLP: 27993, Diff: 2744, ChangeRequest: False
GUN2:: Condition 13
GUN2:: Condition 13-3
Gun2: Power Limit Set to: 60.0 kW
INFO:: Indside getRealtimeVIP
GUN1:: Condition 13
GUN1:: Condition 13-4
INFO:: Indside Limit Change Function Gun1
INFO:: Indside getRealtimeVIP
Gun1 :: LP: 55000, RP: 42624, DP: 44389, SLP: 44389, Diff: 12376, ChangeRequest: False
INFO:: Indside getRealtimeVIP
GUN1:: Condition 13
GUN1:: Condition 13-4
INFO:: Indside Limit Change Function Gun1
INFO:: Indside getRealtimeVIP
Gun1 :: LP: 55000, RP: 43450, DP: 45266, SLP: 45266, Diff: 11550, ChangeRequest: False
GUN2:: Condition 13
GUN2:: Condition 13-4
Gun2 :: LP: 55000, RP: 26126, DP: 32131, SLP: 32131, Diff: 28874, ChangeRequest: False
GUN2:: Condition 13
GUN2:: Condition 13-4
Gun2 :: LP: 55000, RP: 30058, DP: 33480, SLP: 33480, Diff: 24942, ChangeRequest: False
INFO:: Indside getRealtimeVIP
GUN1:: Condition 13
GUN1:: Condition 13-4
INFO:: Indside Limit Change Function Gun1
INFO:: Indside getRealtimeVIP
Gun1 :: LP: 55000, RP: 43338, DP: 46050, SLP: 46050, Diff: 11662, ChangeRequest: False
INFO:: Indside getRealtimeVIP
GUN1:: Condition 13
GUN1:: Condition 13-4
INFO:: Indside Limit Change Function Gun1
INFO:: Indside getRealtimeVIP
Gun1 :: LP: 55000, RP: 44216, DP: 46050, SLP: 46050, Diff: 10784, ChangeRequest: False
GUN2:: Condition 13
GUN2:: Condition 13-4
Gun2 :: LP: 55000, RP: 14904, DP: 35572, SLP: 35572, Diff: 40096, ChangeRequest: False
GUN2:: Condition 13
GUN2:: Condition 13-1
Gun2: Power Limit Set to: 30.0 kW
Gun2 :: LP: 25000, RP: 15508, DP: 18600, SLP: 18600, Diff: 9492, ChangeRequest: False
INFO:: Indside getRealtimeVIP
GUN1:: Condition 13
GUN1:: Condition 13-4
Gun1: Power Limit Set to: 60.0 kW
INFO:: Indside Limit Change Function Gun1
INFO:: Indside getRealtimeVIP
Gun1 :: LP: 55000, RP: 44972, DP: 46782, SLP: 46782, Diff: 10028, ChangeRequest: False
INFO:: Indside getRealtimeVIP
GUN1:: Condition 13
GUN1:: Condition 13-4
INFO:: Indside Limit Change Function Gun1
INFO:: Indside getRealtimeVIP
Gun1 :: LP: 55000, RP: 44972, DP: 46782, SLP: 46782, Diff: 10028, ChangeRequest: False
GUN2:: Condition 13
GUN2:: Condition 13-1
Gun2: Power Limit Set to: 30.0 kW
Gun2 :: LP: 25000, RP: 16583, DP: 19855, SLP: 19855, Diff: 8417, ChangeRequest: False
GUN2:: Condition 13
GUN2:: Condition 13-1
Gun2 :: LP: 25000, RP: 17320, DP: 21901, SLP: 21901, Diff: 7680, ChangeRequest: False
INFO:: Indside getRealtimeVIP
GUN1:: Condition 13
GUN1:: Condition 13-4
Gun1: Power Limit Set to: 60.0 kW
INFO:: Indside Limit Change Function Gun1
INFO:: Indside getRealtimeVIP
Gun1 :: LP: 55000, RP: 45729, DP: 47454, SLP: 47454, Diff: 9271, ChangeRequest: False
INFO:: Indside getRealtimeVIP
GUN1:: Condition 13
GUN1:: Condition 13-4
INFO:: Indside Limit Change Function Gun1
INFO:: Indside getRealtimeVIP
Gun1 :: LP: 55000, RP: 45729, DP: 47454, SLP: 47454, Diff: 9271, ChangeRequest: False
GUN2:: Condition 13
GUN2:: Condition 13-1
Gun2: Power Limit Set to: 30.0 kW
Gun2 :: LP: 25000, RP: 18489, DP: 23947, SLP: 23947, Diff: 6511, ChangeRequest: False
GUN2:: Condition 13
GUN2:: Condition 13-1
Gun2 :: LP: 25000, RP: 20351, DP: 26133, SLP: 26133, Diff: 4649, ChangeRequest: False
INFO:: Indside getRealtimeVIP
GUN1:: Condition 13
GUN1:: Condition 13-4
Gun1: Power Limit Set to: 60.0 kW
INFO:: Indside Limit Change Function Gun1
INFO:: Indside getRealtimeVIP
Gun1 :: LP: 55000, RP: 46353, DP: 48188, SLP: 48188, Diff: 8647, ChangeRequest: False
INFO:: Indside getRealtimeVIP
GUN1:: Condition 13
GUN1:: Condition 13-4
INFO:: Indside Limit Change Function Gun1
INFO:: Indside getRealtimeVIP
Gun1 :: LP: 55000, RP: 46323, DP: 48188, SLP: 48188, Diff: 8677, ChangeRequest: False
GUN2:: Condition 13
GUN2:: Condition 13-3
GUN2:: Condition 13
GUN2:: Condition 13-4
Gun2 :: LP: 55000, RP: 24347, DP: 32178, SLP: 32178, Diff: 30653, ChangeRequest: False
INFO:: Indside getRealtimeVIP
GUN1:: Condition 13
GUN1:: Condition 13-4
INFO:: Indside Limit Change Function Gun1
INFO:: Indside getRealtimeVIP
Gun1 :: LP: 55000, RP: 47082, DP: 48731, SLP: 48731, Diff: 7918, ChangeRequest: False
INFO:: Indside getRealtimeVIP
GUN1:: Condition 13
GUN1:: Condition 13-4
INFO:: Indside Limit Change Function Gun1
INFO:: Indside getRealtimeVIP
Gun1 :: LP: 55000, RP: 47041, DP: 48731, SLP: 48731, Diff: 7959, ChangeRequest: False
GUN2:: Condition 13
GUN2:: Condition 13-4
Gun2 :: LP: 55000, RP: 29971, DP: 33480, SLP: 33480, Diff: 25029, ChangeRequest: False
GUN2:: Condition 13
GUN2:: Condition 13-4
Gun2 :: LP: 55000, RP: 14895, DP: 35572, SLP: 35572, Diff: 40105, ChangeRequest: False
INFO:: Indside getRealtimeVIP
GUN1:: Condition 13
GUN1:: Condition 13-4
INFO:: Indside Limit Change Function Gun1
INFO:: Indside getRealtimeVIP
Gun1 :: LP: 55000, RP: 47584, DP: 49383, SLP: 49383, Diff: 7416, ChangeRequest: False
INFO:: Indside getRealtimeVIP
GUN1:: Condition 13
GUN1:: Condition 13-4
INFO:: Indside Limit Change Function Gun1
INFO:: Indside getRealtimeVIP
Gun1 :: LP: 55000, RP: 47595, DP: 49992, SLP: 49992, Diff: 7405, ChangeRequest: False
GUN2:: Condition 13
GUN2:: Condition 13-4
Gun2 :: LP: 55000, RP: 15544, DP: 37618, SLP: 37618, Diff: 39456, ChangeRequest: False
GUN2:: Condition 13
GUN2:: Condition 13-1
Gun2: Power Limit Set to: 30.0 kW
Gun2 :: LP: 25000, RP: 16540, DP: 18600, SLP: 18600, Diff: 8460, ChangeRequest: False
INFO:: Indside getRealtimeVIP
GUN1:: Condition 13
GUN1:: Condition 13-4
Gun1: Power Limit Set to: 60.0 kW
INFO:: Indside Limit Change Function Gun1
INFO:: Indside getRealtimeVIP
Gun1 :: LP: 55000, RP: 48273, DP: 49992, SLP: 49992, Diff: 6727, ChangeRequest: False
INFO:: Indside getRealtimeVIP
GUN1:: Condition 13
GUN1:: Condition 13-4
INFO:: Indside Limit Change Function Gun1
INFO:: Indside getRealtimeVIP
Gun1 :: LP: 55000, RP: 48858, DP: 50465, SLP: 50465, Diff: 6142, ChangeRequest: False
GUN2:: Condition 13
GUN2:: Condition 13-1
Gun2: Power Limit Set to: 30.0 kW
Gun2 :: LP: 25000, RP: 17493, DP: 21901, SLP: 21901, Diff: 7507, ChangeRequest: False
INFO:: Indside getRealtimeVIP
GUN1:: Condition 13
GUN1:: Condition 13-4
Gun1: Power Limit Set to: 60.0 kW
INFO:: Indside Limit Change Function Gun1
INFO:: Indside getRealtimeVIP
Gun1 :: LP: 55000, RP: 48858, DP: 50465, SLP: 50465, Diff: 6142, ChangeRequest: False
GUN2:: Condition 13
GUN2:: Condition 13-1
Gun2: Power Limit Set to: 30.0 kW
Gun2 :: LP: 25000, RP: 17276, DP: 23947, SLP: 23947, Diff: 7724, ChangeRequest: False
GUN2:: Condition 13
GUN2:: Condition 13-1
Gun2 :: LP: 25000, RP: 20394, DP: 26040, SLP: 26040, Diff: 4606, ChangeRequest: False
INFO:: Indside getRealtimeVIP
GUN1:: Condition 13
GUN1:: Condition 13-4
Gun1: Power Limit Set to: 60.0 kW
INFO:: Indside Limit Change Function Gun1
INFO:: Indside getRealtimeVIP
Gun1 :: LP: 55000, RP: 49279, DP: 51058, SLP: 51058, Diff: 5721, ChangeRequest: False
INFO:: Indside getRealtimeVIP
GUN1:: Condition 13
GUN1:: Condition 13-4
INFO:: Indside Limit Change Function Gun1
INFO:: Indside getRealtimeVIP
Gun1 :: LP: 55000, RP: 49291, DP: 51058, SLP: 51058, Diff: 5709, ChangeRequest: False
GUN2:: Condition 13
GUN2:: Condition 13-3
GUN2:: Condition 13
GUN2:: Condition 13-4
Gun2 :: LP: 55000, RP: 24304, DP: 32131, SLP: 32131, Diff: 30696, ChangeRequest: False
INFO:: Indside getRealtimeVIP
GUN1:: Condition 13
GUN1:: Condition 13-4
INFO:: Indside Limit Change Function Gun1
INFO:: Indside getRealtimeVIP
Gun1 :: LP: 55000, RP: 49836, DP: 51519, SLP: 51519, Diff: 5164, ChangeRequest: False
GUN2:: Condition 13
GUN2:: Condition 13-4
Gun2 :: LP: 55000, RP: 30015, DP: 32178, SLP: 32178, Diff: 24985, ChangeRequest: False
INFO:: Indside getRealtimeVIP
GUN1:: Condition 13
GUN1:: Condition 13-4
INFO:: Indside Limit Change Function Gun1
INFO:: Indside getRealtimeVIP
Gun1 :: LP: 55000, RP: 49836, DP: 51519, SLP: 51519, Diff: 5164, ChangeRequest: False
INFO:: Indside getRealtimeVIP
GUN1:: Condition 13
GUN1:: Condition 13-4
INFO:: Indside Limit Change Function Gun1
INFO:: Indside getRealtimeVIP
Gun1 :: LP: 55000, RP: 50339, DP: 51993, SLP: 51993, Diff: 4661, ChangeRequest: False
GUN2:: Condition 13
GUN2:: Condition 13-4
Gun2 :: LP: 55000, RP: 14895, DP: 33573, SLP: 33573, Diff: 40105, ChangeRequest: False
GUN2:: Condition 13
GUN2:: Condition 13-1
Gun2: Power Limit Set to: 30.0 kW
Gun2 :: LP: 25000, RP: 14938, DP: 18600, SLP: 18600, Diff: 10062, ChangeRequest: False
INFO:: Indside getRealtimeVIP
GUN1:: Condition 13
GUN1:: Condition 13-4
Gun1: Power Limit Set to: 60.0 kW
INFO:: Indside Limit Change Function Gun1
INFO:: Indside getRealtimeVIP
Gun1 :: LP: 55000, RP: 50311, DP: 52521, SLP: 52521, Diff: 4689, ChangeRequest: False
INFO:: Indside getRealtimeVIP
GUN1:: Condition 13
GUN1:: Condition 13-4
INFO:: Indside Limit Change Function Gun1
INFO:: Indside getRealtimeVIP
Gun1 :: LP: 55000, RP: 50815, DP: 52521, SLP: 52521, Diff: 4185, ChangeRequest: False
GUN2:: Condition 13
GUN2:: Condition 13-1
Gun2: Power Limit Set to: 30.0 kW
Gun2 :: LP: 25000, RP: 15588, DP: 18600, SLP: 18600, Diff: 9412, ChangeRequest: False
GUN2:: Condition 13
GUN2:: Condition 13-1
Gun2 :: LP: 25000, RP: 17276, DP: 19855, SLP: 19855, Diff: 7724, ChangeRequest: False
INFO:: Indside getRealtimeVIP
GUN1:: Condition 13
GUN1:: Condition 13-4
Gun1: Power Limit Set to: 60.0 kW
INFO:: Indside Limit Change Function Gun1
INFO:: Indside getRealtimeVIP
Gun1 :: LP: 55000, RP: 51278, DP: 52966, SLP: 52966, Diff: 3722, ChangeRequest: False
INFO:: Indside getRealtimeVIP
GUN1:: Condition 13
GUN1:: Condition 13-4
INFO:: Indside Limit Change Function Gun1
INFO:: Indside getRealtimeVIP
Gun1 :: LP: 55000, RP: 51250, DP: 52966, SLP: 52966, Diff: 3750, ChangeRequest: False
GUN2:: Condition 13
GUN2:: Condition 13-1
Gun2: Power Limit Set to: 30.0 kW
Gun2 :: LP: 25000, RP: 17276, DP: 21901, SLP: 21901, Diff: 7724, ChangeRequest: False
GUN2:: Condition 13
GUN2:: Condition 13-1
Gun2 :: LP: 25000, RP: 18489, DP: 23947, SLP: 23947, Diff: 6511, ChangeRequest: False
INFO:: Indside getRealtimeVIP
GUN1:: Condition 13
GUN1:: Condition 13-4
Gun1: Power Limit Set to: 60.0 kW
INFO:: Indside Limit Change Function Gun1
INFO:: Indside getRealtimeVIP
Gun1 :: LP: 55000, RP: 51713, DP: 53314, SLP: 53314, Diff: 3287, ChangeRequest: False
INFO:: Indside getRealtimeVIP
GUN1:: Condition 13
GUN1:: Condition 13-4
INFO:: Indside Limit Change Function Gun1
INFO:: Indside getRealtimeVIP
Gun1 :: LP: 55000, RP: 51713, DP: 53314, SLP: 53314, Diff: 3287, ChangeRequest: False
GUN2:: Condition 13
GUN2:: Condition 13-1
Gun2: Power Limit Set to: 30.0 kW
Gun2 :: LP: 25000, RP: 20398, DP: 26040, SLP: 26040, Diff: 4602, ChangeRequest: False
GUN2:: Condition 13
GUN2:: Condition 13-1
Gun2 :: LP: 25000, RP: 22307, DP: 27993, SLP: 27993, Diff: 2693, ChangeRequest: False
INFO:: Indside getRealtimeVIP
GUN1:: Condition 13
GUN1:: Condition 13-4
Gun1: Power Limit Set to: 60.0 kW
INFO:: Indside Limit Change Function Gun1
INFO:: Indside getRealtimeVIP
Gun1 :: LP: 55000, RP: 52095, DP: 53760, SLP: 53760, Diff: 2905, ChangeRequest: False
GUN2:: Condition 13
GUN2:: Condition 13-3
INFO:: Indside getRealtimeVIP
GUN1:: Condition 13
GUN1:: Condition 13-4
INFO:: Indside Limit Change Function Gun1
INFO:: Indside getRealtimeVIP
Gun1 :: LP: 55000, RP: 52013, DP: 53760, SLP: 53760, Diff: 2987, ChangeRequest: False
GUN2:: Condition 13
GUN2:: Condition 13-4
Gun2 :: LP: 55000, RP: 26126, DP: 32178, SLP: 32178, Diff: 28874, ChangeRequest: False
INFO:: Indside getRealtimeVIP
GUN1:: Condition 13
GUN1:: Condition 13-4
INFO:: Indside Limit Change Function Gun1
INFO:: Indside getRealtimeVIP
Gun1 :: LP: 55000, RP: 52477, DP: 54108, SLP: 54108, Diff: 2523, ChangeRequest: False
INFO:: Indside getRealtimeVIP
GUN1:: Condition 13
GUN1:: Condition 13-4
INFO:: Indside Limit Change Function Gun1
INFO:: Indside getRealtimeVIP
Gun1 :: LP: 55000, RP: 52531, DP: 54415, SLP: 54415, Diff: 2469, ChangeRequest: False
GUN2:: Condition 13
GUN2:: Condition 13-4
Gun2 :: LP: 55000, RP: 30058, DP: 33480, SLP: 33480, Diff: 24942, ChangeRequest: False
INFO:: Indside getRealtimeVIP
GUN1:: Condition 13
GUN1:: Condition 13-4
INFO:: Indside Limit Change Function Gun1
INFO:: Indside getRealtimeVIP
Gun1 :: LP: 55000, RP: 52818, DP: 54415, SLP: 54415, Diff: 2182, ChangeRequest: False
GUN2:: Condition 13
GUN2:: Condition 13-4
Gun2 :: LP: 55000, RP: 14981, DP: 35526, SLP: 35526, Diff: 40019, ChangeRequest: False
GUN2:: Condition 13
GUN2:: Condition 13-1
Gun2: Power Limit Set to: 30.0 kW
Gun2 :: LP: 25000, RP: 15544, DP: 18600, SLP: 18600, Diff: 9456, ChangeRequest: False
INFO:: Indside getRealtimeVIP
GUN1:: Condition 13
GUN1:: Condition 13-4
Gun1: Power Limit Set to: 60.0 kW
INFO:: Indside Limit Change Function Gun1
INFO:: Indside getRealtimeVIP
Gun1 :: LP: 55000, RP: 53077, DP: 54807, SLP: 54807, Diff: 1923, ChangeRequest: True
Gun2: Power Limit Set to: 85.0 kW
INFO:: Indside getRealtimeVIP
GUN1:: Condition 13
GUN1:: Condition 13-4
Gun1: Power Limit Set to: 60.0 kW
INFO:: Indside Limit Change Function Gun1
INFO:: Indside getRealtimeVIP
Gun1 :: LP: 55000, RP: 53077, DP: 54807, SLP: 54807, Diff: 1923, ChangeRequest: True
Gun2: Power Limit Set to: 85.0 kW
GUN2:: Condition 13
GUN2:: Condition 13-1
Gun2: Power Limit Set to: 30.0 kW
Gun2 :: LP: 25000, RP: 16540, DP: 18600, SLP: 18600, Diff: 8460, ChangeRequest: False
GUN2:: Condition 13
GUN2:: Condition 13-1
Gun2 :: LP: 25000, RP: 17320, DP: 19855, SLP: 19855, Diff: 7680, ChangeRequest: False
INFO:: Indside getRealtimeVIP
GUN1:: Condition 13
GUN1:: Condition 13-4
Gun1: Power Limit Set to: 60.0 kW
INFO:: Indside Limit Change Function Gun1
INFO:: Indside getRealtimeVIP
Gun1 :: LP: 55000, RP: 53077, DP: 55085, SLP: 55085, Diff: 1923, ChangeRequest: True
Gun2: Power Limit Set to: 85.0 kW
INFO:: Indside getRealtimeVIP
GUN1:: Condition 13
GUN1:: Condition 13-4
Gun1: Power Limit Set to: 60.0 kW
INFO:: Indside Limit Change Function Gun1
INFO:: Indside getRealtimeVIP
Gun1 :: LP: 55000, RP: 53077, DP: 55085, SLP: 55085, Diff: 1923, ChangeRequest: True
Gun2: Power Limit Set to: 85.0 kW
GUN2:: Condition 13
GUN2:: Condition 13-1
Gun2: Power Limit Set to: 30.0 kW
Gun2 :: LP: 25000, RP: 17276, DP: 23947, SLP: 23947, Diff: 7724, ChangeRequest: False
GUN2:: Condition 13
GUN2:: Condition 13-1
Gun2 :: LP: 25000, RP: 18489, DP: 26040, SLP: 26040, Diff: 6511, ChangeRequest: False
INFO:: Indside getRealtimeVIP
GUN1:: Condition 13
GUN1:: Condition 13-4
Gun1: Power Limit Set to: 60.0 kW
INFO:: Indside Limit Change Function Gun1
INFO:: Indside getRealtimeVIP
Gun1 :: LP: 55000, RP: 53077, DP: 55463, SLP: 55463, Diff: 1923, ChangeRequest: True
Gun2: Power Limit Set to: 85.0 kW
INFO:: Indside getRealtimeVIP
GUN1:: Condition 13
GUN1:: Condition 13-4
Gun1: Power Limit Set to: 60.0 kW
INFO:: Indside Limit Change Function Gun1
INFO:: Indside getRealtimeVIP
Gun1 :: LP: 55000, RP: 53077, DP: 55463, SLP: 55463, Diff: 1923, ChangeRequest: True
Gun2: Power Limit Set to: 85.0 kW
GUN2:: Condition 13
GUN2:: Condition 13-1
Gun2: Power Limit Set to: 30.0 kW
Gun2 :: LP: 25000, RP: 22307, DP: 27993, SLP: 27993, Diff: 2693, ChangeRequest: False
GUN2:: Condition 13
GUN2:: Condition 13-3
Gun2: Power Limit Set to: 60.0 kW
INFO:: Indside getRealtimeVIP
GUN1:: Condition 13
GUN1:: Condition 13-4
INFO:: Indside Limit Change Function Gun1
INFO:: Indside getRealtimeVIP
Gun1 :: LP: 55000, RP: 53077, DP: 55716, SLP: 55716, Diff: 1923, ChangeRequest: True
Gun2: Power Limit Set to: 85.0 kW
INFO:: Indside getRealtimeVIP
GUN1:: Condition 13
GUN1:: Condition 13-4
Gun1: Power Limit Set to: 60.0 kW
INFO:: Indside Limit Change Function Gun1
INFO:: Indside getRealtimeVIP
Gun1 :: LP: 55000, RP: 53077, DP: 56094, SLP: 56094, Diff: 1923, ChangeRequest: True
Gun2: Power Limit Set to: 85.0 kW
GUN2:: Condition 13
GUN2:: Condition 13-4
Gun2: Power Limit Set to: 60.0 kW
Gun2 :: LP: 55000, RP: 26143, DP: 32131, SLP: 32131, Diff: 28857, ChangeRequest: False
GUN2:: Condition 13
GUN2:: Condition 13-4
Gun2 :: LP: 55000, RP: 28144, DP: 32317, SLP: 32317, Diff: 26856, ChangeRequest: False
INFO:: Indside getRealtimeVIP
GUN1:: Condition 13
GUN1:: Condition 13-4
INFO:: Indside Limit Change Function Gun1
INFO:: Indside getRealtimeVIP
Gun1 :: LP: 55000, RP: 53077, DP: 56094, SLP: 56094, Diff: 1923, ChangeRequest: True
Gun2: Power Limit Set to: 85.0 kW
GUN2:: Condition 13
GUN2:: Condition 13-4
Gun2: Power Limit Set to: 60.0 kW
Gun2 :: LP: 55000, RP: 14895, DP: 33573, SLP: 33573, Diff: 40105, ChangeRequest: False
INFO:: Indside getRealtimeVIP
GUN1:: Condition 13
GUN1:: Condition 13-4
INFO:: Indside Limit Change Function Gun1
INFO:: Indside getRealtimeVIP
Gun1 :: LP: 55000, RP: 53077, DP: 56347, SLP: 56347, Diff: 1923, ChangeRequest: True
Gun2: Power Limit Set to: 85.0 kW
INFO:: Indside getRealtimeVIP
GUN1:: Condition 13
GUN1:: Condition 13-4
Gun1: Power Limit Set to: 60.0 kW
INFO:: Indside Limit Change Function Gun1
INFO:: Indside getRealtimeVIP
Gun1 :: LP: 55000, RP: 53077, DP: 56347, SLP: 56347, Diff: 1923, ChangeRequest: True
Gun2: Power Limit Set to: 85.0 kW
GUN2:: Condition 13
GUN2:: Condition 13-4
Gun2: Power Limit Set to: 60.0 kW
Gun2 :: LP: 55000, RP: 15068, DP: 35665, SLP: 35665, Diff: 39932, ChangeRequest: False
INFO:: Indside getRealtimeVIP
GUN1:: Condition 13
GUN1:: Condition 13-4
INFO:: Indside Limit Change Function Gun1
INFO:: Indside getRealtimeVIP
Gun1 :: LP: 55000, RP: 53077, DP: 56725, SLP: 56725, Diff: 1923, ChangeRequest: True
Gun2: Power Limit Set to: 85.0 kW
GUN2:: Condition 13
GUN2:: Condition 13-1
Gun2: Power Limit Set to: 30.0 kW
Gun2 :: LP: 25000, RP: 15588, DP: 18600, SLP: 18600, Diff: 9412, ChangeRequest: False
GUN2:: Condition 13
GUN2:: Condition 13-1
Gun2 :: LP: 25000, RP: 16627, DP: 19855, SLP: 19855, Diff: 8373, ChangeRequest: False
INFO:: Indside getRealtimeVIP
GUN1:: Condition 13
GUN1:: Condition 13-4
Gun1: Power Limit Set to: 60.0 kW
INFO:: Indside Limit Change Function Gun1
INFO:: Indside getRealtimeVIP
Gun1 :: LP: 55000, RP: 53077, DP: 56725, SLP: 56725, Diff: 1923, ChangeRequest: True
Gun2: Power Limit Set to: 85.0 kW
INFO:: Indside getRealtimeVIP
GUN1:: Condition 13
GUN1:: Condition 13-4
Gun1: Power Limit Set to: 60.0 kW
INFO:: Indside Limit Change Function Gun1
INFO:: Indside getRealtimeVIP
Gun1 :: LP: 55000, RP: 53077, DP: 56977, SLP: 56977, Diff: 1923, ChangeRequest: True
Gun2: Power Limit Set to: 85.0 kW
GUN2:: Condition 13
GUN2:: Condition 13-1
Gun2: Power Limit Set to: 30.0 kW
Gun2 :: LP: 25000, RP: 17276, DP: 21901, SLP: 21901, Diff: 7724, ChangeRequest: False
GUN2:: Condition 13
GUN2:: Condition 13-1
Gun2 :: LP: 25000, RP: 18531, DP: 23947, SLP: 23947, Diff: 6469, ChangeRequest: False
INFO:: Indside getRealtimeVIP
GUN1:: Condition 13
GUN1:: Condition 13-4
Gun1: Power Limit Set to: 60.0 kW
INFO:: Indside Limit Change Function Gun1
INFO:: Indside getRealtimeVIP
Gun1 :: LP: 55000, RP: 53077, DP: 56977, SLP: 56977, Diff: 1923, ChangeRequest: True
Gun2: Power Limit Set to: 85.0 kW
INFO:: Indside getRealtimeVIP
GUN1:: Condition 13
GUN1:: Condition 13-4
Gun1: Power Limit Set to: 60.0 kW
INFO:: Indside Limit Change Function Gun1
INFO:: Indside getRealtimeVIP
Gun1 :: LP: 55000, RP: 53077, DP: 57356, SLP: 57356, Diff: 1923, ChangeRequest: True
Gun2: Power Limit Set to: 85.0 kW
GUN2:: Condition 13
GUN2:: Condition 13-1
Gun2: Power Limit Set to: 30.0 kW
Gun2 :: LP: 25000, RP: 20398, DP: 26040, SLP: 26040, Diff: 4602, ChangeRequest: False
GUN2:: Condition 13
GUN2:: Condition 13-1
Gun2 :: LP: 25000, RP: 22351, DP: 27993, SLP: 27993, Diff: 2649, ChangeRequest: False
INFO:: Indside getRealtimeVIP
GUN1:: Condition 13
GUN1:: Condition 13-4
Gun1: Power Limit Set to: 60.0 kW
INFO:: Indside Limit Change Function Gun1
INFO:: Indside getRealtimeVIP
Gun1 :: LP: 55000, RP: 53077, DP: 57356, SLP: 57356, Diff: 1923, ChangeRequest: True
Gun2: Power Limit Set to: 85.0 kW
INFO:: Indside getRealtimeVIP
GUN1:: Condition 13
GUN1:: Condition 13-4
Gun1: Power Limit Set to: 60.0 kW
INFO:: Indside Limit Change Function Gun1
INFO:: Indside getRealtimeVIP
Gun1 :: LP: 55000, RP: 53077, DP: 57608, SLP: 57608, Diff: 1923, ChangeRequest: True
Gun2: Power Limit Set to: 85.0 kW
GUN2:: Condition 13
GUN2:: Condition 13-3
Gun2: Power Limit Set to: 60.0 kW
GUN2:: Condition 13
GUN2:: Condition 13-4
Gun2 :: LP: 55000, RP: 26187, DP: 32178, SLP: 32178, Diff: 28813, ChangeRequest: False
INFO:: Indside getRealtimeVIP
GUN1:: Condition 13
GUN1:: Condition 13-4
INFO:: Indside Limit Change Function Gun1
INFO:: Indside getRealtimeVIP
Gun1 :: LP: 55000, RP: 53077, DP: 57986, SLP: 57986, Diff: 1923, ChangeRequest: True
Gun2: Power Limit Set to: 85.0 kW
GUN2:: Condition 13
GUN2:: Condition 13-4
Gun2: Power Limit Set to: 60.0 kW
Gun2 :: LP: 55000, RP: 28100, DP: 35572, SLP: 35572, Diff: 26900, ChangeRequest: False
INFO:: Indside getRealtimeVIP
GUN1:: Condition 13
GUN1:: Condition 13-4
INFO:: Indside Limit Change Function Gun1
INFO:: Indside getRealtimeVIP
Gun1 :: LP: 55000, RP: 53077, DP: 57986, SLP: 57986, Diff: 1923, ChangeRequest: True
Gun2: Power Limit Set to: 85.0 kW
INFO:: Indside getRealtimeVIP
GUN1:: Condition 13
GUN1:: Condition 13-6
Gun1: Power Limit Set to: 60.0 kW
GUN2:: Condition 13
GUN2:: Condition 13-4
Gun2 :: LP: 55000, RP: 14938, DP: 37618, SLP: 37618, Diff: 40062, ChangeRequest: False
INFO:: Indside getRealtimeVIP
GUN1:: Condition 13
GUN1:: Condition 13-6
GUN2:: Condition 13
GUN2:: Condition 13-1
Gun2: Power Limit Set to: 30.0 kW
Gun2 :: LP: 25000, RP: 16540, DP: 18600, SLP: 18600, Diff: 8460, ChangeRequest: False
INFO:: Indside getRealtimeVIP
GUN1:: Condition 13
GUN1:: Condition 13-5
Gun1: Power Limit Set to: 60.0 kW
GUN2:: Condition 13
GUN2:: Condition 13-1
Gun2: Power Limit Set to: 30.0 kW
Gun2 :: LP: 25000, RP: 17493, DP: 19855, SLP: 19855, Diff: 7507, ChangeRequest: False
GUN2:: Condition 13
GUN2:: Condition 13-1
Gun2 :: LP: 25000, RP: 17276, DP: 22087, SLP: 22087, Diff: 7724, ChangeRequest: False
INFO:: Indside getRealtimeVIP
GUN1:: Condition 13
GUN1:: Condition 13-5
Gun1: Power Limit Set to: 60.0 kW
GUN2:: Condition 13
GUN2:: Condition 13-1
Gun2: Power Limit Set to: 30.0 kW
Gun2 :: LP: 25000, RP: 18488, DP: 24180, SLP: 24180, Diff: 6512, ChangeRequest: False
INFO:: Indside getRealtimeVIP
GUN1:: Condition 13
GUN1:: Condition 13-5
Gun1: Power Limit Set to: 60.0 kW
INFO:: Indside getRealtimeVIP
GUN1:: Condition 13
GUN1:: Condition 13-5
GUN2:: Condition 13
GUN2:: Condition 13-1
Gun2: Power Limit Set to: 30.0 kW
Gun2 :: LP: 25000, RP: 20571, DP: 26133, SLP: 26133, Diff: 4429, ChangeRequest: False
GUN2:: Condition 13
GUN2:: Condition 13-3
Gun2: Power Limit Set to: 60.0 kW
INFO:: Indside getRealtimeVIP
GUN1:: Condition 13
GUN1:: Condition 13-5
INFO:: Indside getRealtimeVIP
GUN1:: Condition 13
GUN1:: Condition 13-5
GUN2:: Condition 13
GUN2:: Condition 13-4
Gun2 :: LP: 55000, RP: 24403, DP: 32178, SLP: 32178, Diff: 30597, ChangeRequest: False
INFO:: Indside getRealtimeVIP
GUN1:: Condition 13
GUN1:: Condition 13-6
GUN2:: Condition 13
GUN2:: Condition 13-4
Gun2 :: LP: 55000, RP: 26361, DP: 33480, SLP: 33480, Diff: 28639, ChangeRequest: False
GUN2:: Condition 13
GUN2:: Condition 13-4
Gun2 :: LP: 55000, RP: 14938, DP: 35572, SLP: 35572, Diff: 40062, ChangeRequest: False
INFO:: Indside getRealtimeVIP
GUN1:: Condition 13
GUN1:: Condition 13-6
GUN2:: Condition 13
GUN2:: Condition 13-1
Gun2: Power Limit Set to: 30.0 kW
Gun2 :: LP: 25000, RP: 15588, DP: 18600, SLP: 18600, Diff: 9412, ChangeRequest: False
INFO:: Indside getRealtimeVIP
GUN1:: Condition 13
GUN1:: Condition 13-5
Gun1: Power Limit Set to: 60.0 kW
INFO:: Indside getRealtimeVIP
GUN1:: Condition 13
GUN1:: Condition 13-5
GUN2:: Condition 13
GUN2:: Condition 13-1
Gun2: Power Limit Set to: 30.0 kW
Gun2 :: LP: 25000, RP: 16583, DP: 19855, SLP: 19855, Diff: 8417, ChangeRequest: False
GUN2:: Condition 13
GUN2:: Condition 13-1
Gun2 :: LP: 25000, RP: 17360, DP: 21901, SLP: 21901, Diff: 7640, ChangeRequest: False
INFO:: Indside getRealtimeVIP
GUN1:: Condition 13
GUN1:: Condition 13-5
Gun1: Power Limit Set to: 60.0 kW
INFO:: Indside getRealtimeVIP
GUN1:: Condition 13
GUN1:: Condition 13-5
GUN2:: Condition 13
GUN2:: Condition 13-1
Gun2: Power Limit Set to: 30.0 kW
Gun2 :: LP: 25000, RP: 18531, DP: 23947, SLP: 23947, Diff: 6469, ChangeRequest: False
INFO:: Indside getRealtimeVIP
GUN1:: Condition 13
GUN1:: Condition 13-5
Gun1: Power Limit Set to: 60.0 kW
GUN2:: Condition 13
GUN2:: Condition 13-1
Gun2: Power Limit Set to: 30.0 kW
Gun2 :: LP: 25000, RP: 20441, DP: 27993, SLP: 27993, Diff: 4559, ChangeRequest: False
INFO:: Indside getRealtimeVIP
GUN1:: Condition 13
GUN1:: Condition 13-5
Gun1: Power Limit Set to: 60.0 kW
GUN2:: Condition 13
GUN2:: Condition 13-3
GUN2:: Condition 13
GUN2:: Condition 13-4
Gun2 :: LP: 55000, RP: 26187, DP: 32178, SLP: 32178, Diff: 28813, ChangeRequest: False
INFO:: Indside getRealtimeVIP
GUN1:: Condition 13
GUN1:: Condition 13-6
INFO:: Indside getRealtimeVIP
GUN1:: Condition 13
GUN1:: Condition 13-6
GUN2:: Condition 13
GUN2:: Condition 13-4
Gun2 :: LP: 55000, RP: 30127, DP: 33433, SLP: 33433, Diff: 24873, ChangeRequest: False
GUN2:: Condition 13
GUN2:: Condition 13-4
Gun2 :: LP: 55000, RP: 14981, DP: 35433, SLP: 35433, Diff: 40019, ChangeRequest: False
INFO:: Indside getRealtimeVIP
GUN1:: Condition 13
GUN1:: Condition 13-6
INFO:: Indside getRealtimeVIP
GUN1:: Condition 13
GUN1:: Condition 13-6
GUN2:: Condition 13
GUN2:: Condition 13-4
Gun2 :: LP: 55000, RP: 15588, DP: 37525, SLP: 37525, Diff: 39412, ChangeRequest: False
GUN2:: Condition 13
GUN2:: Condition 13-1
Gun2: Power Limit Set to: 30.0 kW
Gun2 :: LP: 25000, RP: 16497, DP: 18600, SLP: 18600, Diff: 8503, ChangeRequest: False
INFO:: Indside getRealtimeVIP
GUN1:: Condition 13
GUN1:: Condition 13-5
Gun1: Power Limit Set to: 60.0 kW
INFO:: Indside getRealtimeVIP
GUN1:: Condition 13
GUN1:: Condition 13-5
GUN2:: Condition 13
GUN2:: Condition 13-1
Gun2: Power Limit Set to: 30.0 kW
Gun2 :: LP: 25000, RP: 17533, DP: 19855, SLP: 19855, Diff: 7467, ChangeRequest: False
GUN2:: Condition 13
GUN2:: Condition 13-1
Gun2 :: LP: 25000, RP: 17360, DP: 23947, SLP: 23947, Diff: 7640, ChangeRequest: False
INFO:: Indside getRealtimeVIP
GUN1:: Condition 13
GUN1:: Condition 13-5
Gun1: Power Limit Set to: 60.0 kW
GUN2:: Condition 13
GUN2:: Condition 13-1
Gun2: Power Limit Set to: 30.0 kW
Gun2 :: LP: 25000, RP: 18531, DP: 26040, SLP: 26040, Diff: 6469, ChangeRequest: False
INFO:: Indside getRealtimeVIP
GUN1:: Condition 13
GUN1:: Condition 13-5
Gun1: Power Limit Set to: 60.0 kW
INFO:: Indside getRealtimeVIP
GUN1:: Condition 13
GUN1:: Condition 13-5
GUN2:: Condition 13
GUN2:: Condition 13-1
Gun2: Power Limit Set to: 30.0 kW
Gun2 :: LP: 25000, RP: 22307, DP: 27993, SLP: 27993, Diff: 2693, ChangeRequest: False
GUN2:: Condition 13
GUN2:: Condition 13-3
Gun2: Power Limit Set to: 60.0 kW
INFO:: Indside getRealtimeVIP
GUN1:: Condition 13
GUN1:: Condition 13-5
INFO:: Indside getRealtimeVIP
GUN1:: Condition 13
GUN1:: Condition 13-5
GUN2:: Condition 13
GUN2:: Condition 13-4
Gun2 :: LP: 55000, RP: 26143, DP: 32038, SLP: 32038, Diff: 28857, ChangeRequest: False
GUN2:: Condition 13
GUN2:: Condition 13-4
Gun2 :: LP: 55000, RP: 30084, DP: 32085, SLP: 32085, Diff: 24916, ChangeRequest: False
INFO:: Indside getRealtimeVIP
GUN1:: Condition 13
GUN1:: Condition 13-6
INFO:: Indside getRealtimeVIP
GUN1:: Condition 13
GUN1:: Condition 13-6
GUN2:: Condition 13
GUN2:: Condition 13-4
Gun2 :: LP: 55000, RP: 14851, DP: 33573, SLP: 33573, Diff: 40149, ChangeRequest: False
INFO:: Indside getRealtimeVIP
GUN1:: Condition 13
GUN1:: Condition 13-6
GUN2:: Condition 13
GUN2:: Condition 13-4
Gun2 :: LP: 55000, RP: 14938, DP: 35572, SLP: 35572, Diff: 40062, ChangeRequest: False
GUN2:: Condition 13
GUN2:: Condition 13-1
Gun2: Power Limit Set to: 30.0 kW
Gun2 :: LP: 25000, RP: 15588, DP: 18600, SLP: 18600, Diff: 9412, ChangeRequest: False
INFO:: Indside getRealtimeVIP
GUN1:: Condition 13
GUN1:: Condition 13-5
Gun1: Power Limit Set to: 60.0 kW
GUN2:: Condition 13
GUN2:: Condition 13-1
Gun2: Power Limit Set to: 30.0 kW
Gun2 :: LP: 25000, RP: 16583, DP: 19855, SLP: 19855, Diff: 8417, ChangeRequest: False
INFO:: Indside getRealtimeVIP
GUN1:: Condition 13
GUN1:: Condition 13-5
Gun1: Power Limit Set to: 60.0 kW
INFO:: Indside getRealtimeVIP
GUN1:: Condition 13
GUN1:: Condition 13-5
GUN2:: Condition 13
GUN2:: Condition 13-1
Gun2: Power Limit Set to: 30.0 kW
Gun2 :: LP: 25000, RP: 17360, DP: 21901, SLP: 21901, Diff: 7640, ChangeRequest: False
GUN2:: Condition 13
GUN2:: Condition 13-1
Gun2 :: LP: 25000, RP: 18531, DP: 24273, SLP: 24273, Diff: 6469, ChangeRequest: False
INFO:: Indside getRealtimeVIP
GUN1:: Condition 16
INFO:: Indside getRealtimeVIP
GUN1:: Condition 16
GUN2:: Condition 12
Gun2: Power Limit Set to: 25.0 kW
Gun2::Condition 12-1
Gun2 :: LP: 25000, RP: 20441, DP: 26365, SLP: 25000, Diff: 4559, ChangeRequest: False
GUN2:: Condition 12
Gun2::Condition 12-1
Gun2 :: LP: 25000, RP: 22611, DP: 32131, SLP: 25000, Diff: 2389, ChangeRequest: False
INFO:: Indside getRealtimeVIP
GUN1:: Condition 16
GUN2:: Condition 12
Gun2::Condition 12-1
Gun2 :: LP: 25000, RP: 24621, DP: 32131, SLP: 25000, Diff: 379, ChangeRequest: True
Gun2: Power Limit Set to: 55.0 kW
INFO:: Indside getRealtimeVIP
GUN1:: Condition 16
INFO:: Indside getRealtimeVIP
GUN1:: Condition 16
GUN2:: Condition 12
GUN2:: Condition 12-3
Gun2: Power Limit Set to: 60.0 kW
Gun2 :: LP: 57000, RP: 24621, DP: 32131, SLP: 32131, Diff: 32379, ChangeRequest: False
GUN2:: Condition 12
GUN2:: Condition 12-3
Gun2 :: LP: 57000, RP: 30058, DP: 32131, SLP: 32131, Diff: 26942, ChangeRequest: False
INFO:: Indside getRealtimeVIP
GUN1:: Condition 17
INFO:: Indside getRealtimeVIP
GUN1:: Condition 17
GUN2:: Condition 12
GUN2:: Condition 12-3
Gun2 :: LP: 57000, RP: 14938, DP: 32131, SLP: 32131, Diff: 42062, ChangeRequest: False
INFO:: Indside getRealtimeVIP
GUN1:: Condition 17
GUN2:: Condition 12
GUN2:: Condition 12-3
Gun2 :: LP: 57000, RP: 14981, DP: 32131, SLP: 32131, Diff: 42019, ChangeRequest: False
GUN2:: Condition 12
GUN2:: Condition 12-3
Gun2 :: LP: 57000, RP: 14895, DP: 32131, SLP: 32131, Diff: 42105, ChangeRequest: False
INFO:: Indside getRealtimeVIP
GUN1:: Condition 17
GUN2:: Condition 12
GUN2:: Condition 12-3
Gun2 :: LP: 57000, RP: 14938, DP: 32131, SLP: 32131, Diff: 42062, ChangeRequest: False
INFO:: Indside getRealtimeVIP
GUN1:: Condition 17
INFO:: Indside getRealtimeVIP
GUN1:: Condition 4
Gun1: Power Limit Set to: 120.0 kW
GUN2:: Condition 4