INFO: Limit change requested: False
Real-time Voltage: 425.0V, Current: 0.0A, Power: 0W  || Target Power: 48894W
Real-time Voltage: 412.7V, Current: 81.3A, Power: 33552W  || Target Power: 48894W
Real-time Power: 33552W
Limit Power: 75000
Comparision value: Limit Power: 75000, Read Power: 33552, Difference Value: 41448
Limit Change Requested status: False
INFO: Limit change requested: False
Real-time Voltage: 425.0V, Current: 0.0A, Power: 0W  || Target Power: 48894W
Real-time Voltage: 412.7V, Current: 81.3A, Power: 33552W  || Target Power: 48894W
Real-time Power: 33552W
Limit Power: 75000
Comparision value: Limit Power: 75000, Read Power: 33552, Difference Value: 41448
Limit Change Requested status: False
INFO: Limit change requested: False
Real-time Voltage: 425.0V, Current: 0.0A, Power: 0W  || Target Power: 48894W
Real-time Voltage: 412.7V, Current: 81.3A, Power: 33552W  || Target Power: 48894W
Real-time Power: 33552W
Limit Power: 75000
Comparision value: Limit Power: 75000, Read Power: 33552, Difference Value: 41448
Limit Change Requested status: False
INFO: Limit change requested: False
Real-time Voltage: 425.0V, Current: 0.0A, Power: 0W  || Target Power: 48948W
Real-time Voltage: 412.7V, Current: 81.3A, Power: 33552W  || Target Power: 48948W
Real-time Power: 33552W
Limit Power: 75000
Comparision value: Limit Power: 75000, Read Power: 33552, Difference Value: 41448
Limit Change Requested status: False
INFO: Limit change requested: False
Real-time Voltage: 425.0V, Current: 0.0A, Power: 0W  || Target Power: 48948W
Real-time Voltage: 412.7V, Current: 81.3A, Power: 33552W  || Target Power: 48948W
Real-time Power: 33552W
Limit Power: 75000
Comparision value: Limit Power: 75000, Read Power: 33552, Difference Value: 41448
Limit Change Requested status: False
INFO: Limit change requested: False
Real-time Voltage: 425.0V, Current: 0.0A, Power: 0W  || Target Power: 48948W
Real-time Voltage: 412.8V, Current: 81.3A, Power: 33560W  || Target Power: 48948W
Real-time Power: 33560W
Limit Power: 75000
Comparision value: Limit Power: 75000, Read Power: 33560, Difference Value: 41440
Limit Change Requested status: False
INFO: Limit change requested: False
Real-time Voltage: 425.0V, Current: 0.0A, Power: 0W  || Target Power: 48948W
Real-time Voltage: 412.8V, Current: 81.3A, Power: 33560W  || Target Power: 48948W
Real-time Power: 33560W
Limit Power: 75000
Comparision value: Limit Power: 75000, Read Power: 33560, Difference Value: 41440
Limit Change Requested status: False
INFO: Limit change requested: False
Real-time Voltage: 425.0V, Current: 0.0A, Power: 0W  || Target Power: 48948W
Real-time Voltage: 412.8V, Current: 81.3A, Power: 33560W  || Target Power: 48948W
Real-time Power: 33560W
Limit Power: 75000
Comparision value: Limit Power: 75000, Read Power: 33560, Difference Value: 41440
Limit Change Requested status: False
INFO: Limit change requested: False
Real-time Voltage: 425.0V, Current: 0.0A, Power: 0W  || Target Power: 49002W
Real-time Voltage: 412.8V, Current: 81.3A, Power: 33560W  || Target Power: 49002W
Real-time Power: 33560W
Limit Power: 75000
Comparision value: Limit Power: 75000, Read Power: 33560, Difference Value: 41440
Limit Change Requested status: False
INFO: Limit change requested: False
Real-time Voltage: 425.0V, Current: 0.0A, Power: 0W  || Target Power: 49002W
Real-time Voltage: 412.8V, Current: 81.3A, Power: 33560W  || Target Power: 49002W
Real-time Power: 33560W
Limit Power: 75000
Comparision value: Limit Power: 75000, Read Power: 33560, Difference Value: 41440
Limit Change Requested status: False
INFO: Limit change requested: False
Real-time Voltage: 425.0V, Current: 0.0A, Power: 0W  || Target Power: 49002W
Real-time Voltage: 412.8V, Current: 81.3A, Power: 33560W  || Target Power: 49002W
Real-time Power: 33560W
Limit Power: 75000
Comparision value: Limit Power: 75000, Read Power: 33560, Difference Value: 41440
Limit Change Requested status: False
INFO: Limit change requested: False
Real-time Voltage: 425.0V, Current: 0.0A, Power: 0W  || Target Power: 49002W
Real-time Voltage: 412.8V, Current: 81.3A, Power: 33560W  || Target Power: 49002W
Real-time Power: 33560W
Limit Power: 75000
Comparision value: Limit Power: 75000, Read Power: 33560, Difference Value: 41440
Limit Change Requested status: False
INFO: Limit change requested: False
Real-time Voltage: 425.0V, Current: 0.0A, Power: 0W  || Target Power: 49002W
Real-time Voltage: 412.8V, Current: 81.3A, Power: 33560W  || Target Power: 49002W
Real-time Power: 33560W
Limit Power: 75000
Comparision value: Limit Power: 75000, Read Power: 33560, Difference Value: 41440
Limit Change Requested status: False
INFO: Limit change requested: False
Real-time Voltage: 425.0V, Current: 0.0A, Power: 0W  || Target Power: 49002W
Real-time Voltage: 412.9V, Current: 81.3A, Power: 33568W  || Target Power: 49002W
Real-time Power: 33568W
Limit Power: 75000
Comparision value: Limit Power: 75000, Read Power: 33568, Difference Value: 41432
Limit Change Requested status: False
INFO: Limit change requested: False
Real-time Voltage: 425.0V, Current: 0.0A, Power: 0W  || Target Power: 49044W
Real-time Voltage: 412.9V, Current: 81.3A, Power: 33568W  || Target Power: 49044W
Real-time Power: 33568W
Limit Power: 75000
Comparision value: Limit Power: 75000, Read Power: 33568, Difference Value: 41432
Limit Change Requested status: False
INFO: Limit change requested: False
Real-time Voltage: 425.0V, Current: 0.0A, Power: 0W  || Target Power: 49044W
Real-time Voltage: 412.9V, Current: 81.3A, Power: 33568W  || Target Power: 49044W
Real-time Power: 33568W
Limit Power: 75000
Comparision value: Limit Power: 75000, Read Power: 33568, Difference Value: 41432
Limit Change Requested status: False
INFO: Limit change requested: False
Real-time Voltage: 425.0V, Current: 0.0A, Power: 0W  || Target Power: 49044W
Real-time Voltage: 412.9V, Current: 81.3A, Power: 33568W  || Target Power: 49044W
Real-time Power: 33568W
Limit Power: 75000
Comparision value: Limit Power: 75000, Read Power: 33568, Difference Value: 41432
Limit Change Requested status: False
INFO: Limit change requested: False
Real-time Voltage: 425.0V, Current: 0.0A, Power: 0W  || Target Power: 49044W
Real-time Voltage: 412.9V, Current: 81.3A, Power: 33568W  || Target Power: 49044W
Real-time Power: 33568W
Limit Power: 75000
Comparision value: Limit Power: 75000, Read Power: 33568, Difference Value: 41432
Limit Change Requested status: False
INFO: Limit change requested: False
Real-time Voltage: 425.0V, Current: 0.0A, Power: 0W  || Target Power: 49044W
Real-time Voltage: 412.9V, Current: 81.3A, Power: 33568W  || Target Power: 49044W
Real-time Power: 33568W
Limit Power: 75000
Comparision value: Limit Power: 75000, Read Power: 33568, Difference Value: 41432
Limit Change Requested status: False
INFO: Limit change requested: False
Real-time Voltage: 425.0V, Current: 0.0A, Power: 0W  || Target Power: 49044W
Real-time Voltage: 412.9V, Current: 81.3A, Power: 33568W  || Target Power: 49044W
Real-time Power: 33568W
Limit Power: 75000
Comparision value: Limit Power: 75000, Read Power: 33568, Difference Value: 41432
Limit Change Requested status: False
INFO: Limit change requested: False
Real-time Voltage: 425.0V, Current: 0.0A, Power: 0W  || Target Power: 49044W
Real-time Voltage: 412.9V, Current: 81.3A, Power: 33568W  || Target Power: 49044W
Real-time Power: 33568W
Limit Power: 75000
Comparision value: Limit Power: 75000, Read Power: 33568, Difference Value: 41432
Limit Change Requested status: False
INFO: Limit change requested: False
Real-time Voltage: 425.0V, Current: 0.0A, Power: 0W  || Target Power: 49044W
Real-time Voltage: 413.0V, Current: 81.3A, Power: 33576W  || Target Power: 49044W
Real-time Power: 33576W
Limit Power: 75000
Comparision value: Limit Power: 75000, Read Power: 33576, Difference Value: 41424
Limit Change Requested status: False
INFO: Limit change requested: False
Real-time Voltage: 425.0V, Current: 0.0A, Power: 0W  || Target Power: 49044W
Real-time Voltage: 413.0V, Current: 81.3A, Power: 33576W  || Target Power: 49044W
Real-time Power: 33576W
Limit Power: 75000
Comparision value: Limit Power: 75000, Read Power: 33576, Difference Value: 41424
Limit Change Requested status: False
INFO: Limit change requested: False
Real-time Voltage: 425.0V, Current: 0.0A, Power: 0W  || Target Power: 49044W
Real-time Voltage: 413.0V, Current: 81.3A, Power: 33576W  || Target Power: 49044W
Real-time Power: 33576W
Limit Power: 75000
Comparision value: Limit Power: 75000, Read Power: 33576, Difference Value: 41424
Limit Change Requested status: False
INFO: Limit change requested: False
Real-time Voltage: 425.0V, Current: 0.0A, Power: 0W  || Target Power: 49044W
Real-time Voltage: 413.0V, Current: 81.3A, Power: 33576W  || Target Power: 49044W
Real-time Power: 33576W
Limit Power: 75000
Comparision value: Limit Power: 75000, Read Power: 33576, Difference Value: 41424
Limit Change Requested status: False
INFO: Limit change requested: False
Real-time Voltage: 425.0V, Current: 0.0A, Power: 0W  || Target Power: 49044W
Real-time Voltage: 413.0V, Current: 81.3A, Power: 33576W  || Target Power: 49044W
Real-time Power: 33576W
Limit Power: 75000
Comparision value: Limit Power: 75000, Read Power: 33576, Difference Value: 41424
Limit Change Requested status: False
INFO: Limit change requested: False
Real-time Voltage: 425.0V, Current: 0.0A, Power: 0W  || Target Power: 49152W
Real-time Voltage: 413.0V, Current: 81.3A, Power: 33576W  || Target Power: 49152W
Real-time Power: 33576W
Limit Power: 75000
Comparision value: Limit Power: 75000, Read Power: 33576, Difference Value: 41424
Limit Change Requested status: False
INFO: Limit change requested: False
Real-time Voltage: 425.0V, Current: 0.0A, Power: 0W  || Target Power: 49152W
Real-time Voltage: 413.0V, Current: 81.3A, Power: 33576W  || Target Power: 49152W
Real-time Power: 33576W
Limit Power: 75000
Comparision value: Limit Power: 75000, Read Power: 33576, Difference Value: 41424
Limit Change Requested status: False
INFO: Limit change requested: False
Real-time Voltage: 425.0V, Current: 0.0A, Power: 0W  || Target Power: 49152W
Real-time Voltage: 413.0V, Current: 81.3A, Power: 33576W  || Target Power: 49152W
Real-time Power: 33576W
Limit Power: 75000
Comparision value: Limit Power: 75000, Read Power: 33576, Difference Value: 41424
Limit Change Requested status: False
INFO: Limit change requested: False
Real-time Voltage: 425.0V, Current: 0.0A, Power: 0W  || Target Power: 49152W
Real-time Voltage: 413.0V, Current: 81.3A, Power: 33576W  || Target Power: 49152W
Real-time Power: 33576W
Limit Power: 75000
Comparision value: Limit Power: 75000, Read Power: 33576, Difference Value: 41424
Limit Change Requested status: False
INFO: Limit change requested: False
Real-time Voltage: 425.0V, Current: 0.0A, Power: 0W  || Target Power: 49152W
Real-time Voltage: 413.1V, Current: 81.3A, Power: 33585W  || Target Power: 49152W
Real-time Power: 33585W
Limit Power: 75000
Comparision value: Limit Power: 75000, Read Power: 33585, Difference Value: 41415
Limit Change Requested status: False
INFO: Limit change requested: False
Real-time Voltage: 425.0V, Current: 0.0A, Power: 0W  || Target Power: 49152W
Real-time Voltage: 413.0V, Current: 81.3A, Power: 33576W  || Target Power: 49152W
Real-time Power: 33576W
Limit Power: 75000
Comparision value: Limit Power: 75000, Read Power: 33576, Difference Value: 41424
Limit Change Requested status: False
INFO: Limit change requested: False
Real-time Voltage: 425.0V, Current: 0.0A, Power: 0W  || Target Power: 49152W
Real-time Voltage: 413.1V, Current: 81.3A, Power: 33585W  || Target Power: 49152W
Real-time Power: 33585W
Limit Power: 75000
Comparision value: Limit Power: 75000, Read Power: 33585, Difference Value: 41415
Limit Change Requested status: False
INFO: Limit change requested: False
Real-time Voltage: 425.0V, Current: 0.0A, Power: 0W  || Target Power: 49152W
Real-time Voltage: 413.0V, Current: 81.3A, Power: 33576W  || Target Power: 49152W
Real-time Power: 33576W
Limit Power: 75000
Comparision value: Limit Power: 75000, Read Power: 33576, Difference Value: 41424
Limit Change Requested status: False
INFO: Limit change requested: False
Real-time Voltage: 425.0V, Current: 0.0A, Power: 0W  || Target Power: 49206W
Real-time Voltage: 413.1V, Current: 81.3A, Power: 33585W  || Target Power: 49206W
Real-time Power: 33585W
Limit Power: 75000
Comparision value: Limit Power: 75000, Read Power: 33585, Difference Value: 41415
Limit Change Requested status: False
INFO: Limit change requested: False
Real-time Voltage: 425.0V, Current: 0.0A, Power: 0W  || Target Power: 49206W
Real-time Voltage: 413.1V, Current: 81.3A, Power: 33585W  || Target Power: 49206W
Real-time Power: 33585W
Limit Power: 75000
Comparision value: Limit Power: 75000, Read Power: 33585, Difference Value: 41415
Limit Change Requested status: False
INFO: Limit change requested: False
Real-time Voltage: 425.0V, Current: 0.0A, Power: 0W  || Target Power: 49206W
Real-time Voltage: 413.1V, Current: 81.3A, Power: 33585W  || Target Power: 49206W
Real-time Power: 33585W
Real-time Voltage: 425.0V, Current: 0.0A, Power: 0W  || Target Power: 49206W
Real-time Voltage: 413.2V, Current: 81.3A, Power: 33593W  || Target Power: 49206W
Real-time Power: 33593W
Real-time Voltage: 425.0V, Current: 0.0A, Power: 0W  || Target Power: 49206W
Real-time Voltage: 413.1V, Current: 81.3A, Power: 33585W  || Target Power: 49206W
Real-time Power: 33585W
Real-time Voltage: 425.0V, Current: 0.0A, Power: 0W  || Target Power: 49206W
Real-time Voltage: 413.1V, Current: 81.3A, Power: 33585W  || Target Power: 49206W
Real-time Power: 33585W
Real-time Voltage: 425.0V, Current: 0.0A, Power: 0W  || Target Power: 49206W
Real-time Voltage: 413.2V, Current: 81.3A, Power: 33593W  || Target Power: 49206W
Real-time Power: 33593W
Real-time Voltage: 425.0V, Current: 0.0A, Power: 0W  || Target Power: 49248W
Real-time Voltage: 413.2V, Current: 81.3A, Power: 33593W  || Target Power: 49248W
Real-time Power: 33593W
Real-time Voltage: 425.0V, Current: 0.0A, Power: 0W  || Target Power: 49248W
Real-time Voltage: 413.2V, Current: 81.3A, Power: 33593W  || Target Power: 49248W
Real-time Power: 33593W
Real-time Voltage: 425.0V, Current: 0.0A, Power: 0W  || Target Power: 49248W
Real-time Voltage: 413.2V, Current: 81.3A, Power: 33593W  || Target Power: 49248W
Real-time Power: 33593W
Real-time Voltage: 425.0V, Current: 0.0A, Power: 0W  || Target Power: 49248W
Real-time Voltage: 413.2V, Current: 81.3A, Power: 33593W  || Target Power: 49248W
Real-time Power: 33593W
Real-time Voltage: 425.0V, Current: 0.0A, Power: 0W  || Target Power: 49260W
Real-time Voltage: 413.2V, Current: 81.3A, Power: 33593W  || Target Power: 49260W
Real-time Power: 33593W
Real-time Voltage: 425.0V, Current: 0.0A, Power: 0W  || Target Power: 49260W
Real-time Voltage: 413.3V, Current: 81.3A, Power: 33601W  || Target Power: 49260W
Real-time Power: 33601W
Real-time Voltage: 425.0V, Current: 0.0A, Power: 0W  || Target Power: 49260W
Real-time Voltage: 413.3V, Current: 81.3A, Power: 33601W  || Target Power: 49260W
Real-time Power: 33601W
Real-time Voltage: 425.0V, Current: 0.0A, Power: 0W  || Target Power: 49260W
Real-time Voltage: 413.2V, Current: 81.3A, Power: 33593W  || Target Power: 49260W
Real-time Power: 33593W
Real-time Voltage: 425.0V, Current: 0.0A, Power: 0W  || Target Power: 49260W
Real-time Voltage: 413.2V, Current: 81.3A, Power: 33593W  || Target Power: 49260W
Real-time Power: 33593W
Real-time Voltage: 425.0V, Current: 0.0A, Power: 0W  || Target Power: 49272W
Real-time Voltage: 413.3V, Current: 81.3A, Power: 33601W  || Target Power: 49272W
Real-time Power: 33601W
Real-time Voltage: 425.0V, Current: 0.0A, Power: 0W  || Target Power: 49272W
Real-time Voltage: 413.3V, Current: 81.3A, Power: 33601W  || Target Power: 49272W
Real-time Power: 33601W
Real-time Voltage: 425.0V, Current: 0.0A, Power: 0W  || Target Power: 49302W
Real-time Voltage: 413.3V, Current: 81.3A, Power: 33601W  || Target Power: 49302W
Real-time Power: 33601W
Real-time Voltage: 425.0V, Current: 0.0A, Power: 0W  || Target Power: 49302W
Real-time Voltage: 413.3V, Current: 81.3A, Power: 33601W  || Target Power: 49302W
Real-time Power: 33601W
Real-time Voltage: 425.0V, Current: 0.0A, Power: 0W  || Target Power: 49314W
Real-time Voltage: 413.3V, Current: 81.3A, Power: 33601W  || Target Power: 49314W
Real-time Power: 33601W
Real-time Voltage: 425.0V, Current: 0.0A, Power: 0W  || Target Power: 49314W
Real-time Voltage: 413.3V, Current: 81.3A, Power: 33601W  || Target Power: 49314W
Real-time Power: 33601W
Real-time Voltage: 425.0V, Current: 0.0A, Power: 0W  || Target Power: 49314W
Real-time Voltage: 413.3V, Current: 81.3A, Power: 33601W  || Target Power: 49314W
Real-time Power: 33601W
Real-time Voltage: 425.0V, Current: 0.0A, Power: 0W  || Target Power: 49314W
Real-time Voltage: 413.3V, Current: 81.3A, Power: 33601W  || Target Power: 49314W
Real-time Power: 33601W
Real-time Voltage: 425.0V, Current: 0.0A, Power: 0W  || Target Power: 49314W
Real-time Voltage: 413.3V, Current: 81.3A, Power: 33601W  || Target Power: 49314W
Real-time Power: 33601W
Real-time Voltage: 425.0V, Current: 0.0A, Power: 0W  || Target Power: 49314W
Real-time Voltage: 413.4V, Current: 81.3A, Power: 33609W  || Target Power: 49314W
Real-time Power: 33609W
Real-time Voltage: 425.0V, Current: 0.0A, Power: 0W  || Target Power: 49314W
Real-time Voltage: 413.4V, Current: 81.3A, Power: 33609W  || Target Power: 49314W
Real-time Power: 33609W
Real-time Voltage: 425.0V, Current: 0.0A, Power: 0W  || Target Power: 49314W
Real-time Voltage: 413.4V, Current: 81.3A, Power: 33609W  || Target Power: 49314W
Real-time Power: 33609W
Real-time Voltage: 425.0V, Current: 0.0A, Power: 0W  || Target Power: 49314W
Real-time Voltage: 413.4V, Current: 81.3A, Power: 33609W  || Target Power: 49314W
Real-time Power: 33609W
Real-time Voltage: 425.0V, Current: 0.0A, Power: 0W  || Target Power: 49314W
Real-time Voltage: 413.4V, Current: 81.3A, Power: 33609W  || Target Power: 49314W
Real-time Power: 33609W
Real-time Voltage: 425.0V, Current: 0.0A, Power: 0W  || Target Power: 49314W
Real-time Voltage: 413.4V, Current: 81.3A, Power: 33609W  || Target Power: 49314W
Real-time Power: 33609W
Real-time Voltage: 425.0V, Current: 0.0A, Power: 0W  || Target Power: 49314W
Real-time Voltage: 413.4V, Current: 81.3A, Power: 33609W  || Target Power: 49314W
Real-time Power: 33609W
Real-time Voltage: 425.0V, Current: 0.0A, Power: 0W  || Target Power: 49314W
Real-time Voltage: 413.4V, Current: 81.3A, Power: 33609W  || Target Power: 49314W
Real-time Power: 33609W
Real-time Voltage: 425.0V, Current: 0.0A, Power: 0W  || Target Power: 49314W
Real-time Voltage: 413.4V, Current: 81.3A, Power: 33609W  || Target Power: 49314W
Real-time Power: 33609W
Real-time Voltage: 425.0V, Current: 0.0A, Power: 0W  || Target Power: 49314W
Real-time Voltage: 413.4V, Current: 81.3A, Power: 33609W  || Target Power: 49314W
Real-time Power: 33609W
Real-time Voltage: 425.0V, Current: 0.0A, Power: 0W  || Target Power: 49314W
Real-time Voltage: 413.4V, Current: 81.3A, Power: 33609W  || Target Power: 49314W
Real-time Power: 33609W
Real-time Voltage: 425.0V, Current: 0.0A, Power: 0W  || Target Power: 49314W
Real-time Voltage: 413.4V, Current: 81.3A, Power: 33609W  || Target Power: 49314W
Real-time Power: 33609W
Real-time Voltage: 425.0V, Current: 0.0A, Power: 0W  || Target Power: 49314W
Real-time Voltage: 413.6V, Current: 81.3A, Power: 33625W  || Target Power: 49314W
Real-time Power: 33625W
Real-time Voltage: 425.0V, Current: 0.0A, Power: 0W  || Target Power: 49399W
Real-time Voltage: 413.4V, Current: 81.3A, Power: 33609W  || Target Power: 49399W
Real-time Power: 33609W
Real-time Voltage: 425.0V, Current: 0.0A, Power: 0W  || Target Power: 49399W
Real-time Voltage: 413.5V, Current: 81.3A, Power: 33617W  || Target Power: 49399W
Real-time Power: 33617W
Real-time Voltage: 425.0V, Current: 0.0A, Power: 0W  || Target Power: 49399W
Real-time Voltage: 413.5V, Current: 81.3A, Power: 33617W  || Target Power: 49399W
Real-time Power: 33617W
Real-time Voltage: 425.0V, Current: 0.0A, Power: 0W  || Target Power: 49399W
Real-time Voltage: 413.5V, Current: 81.3A, Power: 33617W  || Target Power: 49399W
Real-time Power: 33617W
Real-time Voltage: 425.0V, Current: 0.0A, Power: 0W  || Target Power: 49399W
Real-time Voltage: 413.5V, Current: 81.3A, Power: 33617W  || Target Power: 49399W
Real-time Power: 33617W
Real-time Voltage: 425.0V, Current: 0.0A, Power: 0W  || Target Power: 49422W
Real-time Voltage: 413.5V, Current: 81.3A, Power: 33617W  || Target Power: 49422W
Real-time Power: 33617W
Real-time Voltage: 425.0V, Current: 0.0A, Power: 0W  || Target Power: 49422W
Real-time Voltage: 413.5V, Current: 81.3A, Power: 33617W  || Target Power: 49422W
Real-time Power: 33617W
Real-time Voltage: 425.0V, Current: 0.0A, Power: 0W  || Target Power: 49422W
Real-time Voltage: 413.5V, Current: 81.3A, Power: 33617W  || Target Power: 49422W
Real-time Power: 33617W
Real-time Voltage: 425.0V, Current: 0.0A, Power: 0W  || Target Power: 49422W
Real-time Voltage: 413.6V, Current: 81.3A, Power: 33625W  || Target Power: 49422W
Real-time Power: 33625W
Real-time Voltage: 425.0V, Current: 0.0A, Power: 0W  || Target Power: 49464W
Real-time Voltage: 413.6V, Current: 81.3A, Power: 33625W  || Target Power: 49464W
Real-time Power: 33625W
Real-time Voltage: 425.0V, Current: 0.0A, Power: 0W  || Target Power: 49464W
Real-time Voltage: 413.6V, Current: 81.3A, Power: 33625W  || Target Power: 49464W
Real-time Power: 33625W
Real-time Voltage: 425.0V, Current: 0.0A, Power: 0W  || Target Power: 49464W
Real-time Voltage: 413.6V, Current: 81.3A, Power: 33625W  || Target Power: 49464W
Real-time Power: 33625W
Real-time Voltage: 425.0V, Current: 0.0A, Power: 0W  || Target Power: 49464W
Real-time Voltage: 413.6V, Current: 81.3A, Power: 33625W  || Target Power: 49464W
Real-time Power: 33625W
Real-time Voltage: 425.0V, Current: 0.0A, Power: 0W  || Target Power: 49476W
Real-time Voltage: 413.6V, Current: 81.3A, Power: 33625W  || Target Power: 49476W
Real-time Power: 33625W
Real-time Voltage: 425.0V, Current: 0.0A, Power: 0W  || Target Power: 49476W
Real-time Voltage: 413.6V, Current: 81.3A, Power: 33625W  || Target Power: 49476W
Real-time Power: 33625W
Real-time Voltage: 425.0V, Current: 0.0A, Power: 0W  || Target Power: 49476W
Real-time Voltage: 413.6V, Current: 81.3A, Power: 33625W  || Target Power: 49476W
Real-time Power: 33625W
Real-time Voltage: 425.0V, Current: 0.0A, Power: 0W  || Target Power: 49476W
Real-time Voltage: 413.6V, Current: 81.3A, Power: 33625W  || Target Power: 49476W
Real-time Power: 33625W
Real-time Voltage: 425.0V, Current: 0.0A, Power: 0W  || Target Power: 49476W
Real-time Voltage: 413.6V, Current: 81.3A, Power: 33625W  || Target Power: 49476W
Real-time Power: 33625W
Real-time Voltage: 425.0V, Current: 0.0A, Power: 0W  || Target Power: 49476W
Real-time Voltage: 413.6V, Current: 81.3A, Power: 33625W  || Target Power: 49476W
Real-time Power: 33625W
Real-time Voltage: 425.0V, Current: 0.0A, Power: 0W  || Target Power: 49476W
Real-time Voltage: 413.6V, Current: 81.3A, Power: 33625W  || Target Power: 49476W
Real-time Power: 33625W
Real-time Voltage: 425.0V, Current: 0.0A, Power: 0W  || Target Power: 49476W
Real-time Voltage: 413.6V, Current: 81.3A, Power: 33625W  || Target Power: 49476W
Real-time Power: 33625W
Real-time Voltage: 425.0V, Current: 0.0A, Power: 0W  || Target Power: 49476W
Real-time Voltage: 413.6V, Current: 81.3A, Power: 33625W  || Target Power: 49476W
Real-time Power: 33625W
Real-time Voltage: 425.0V, Current: 0.0A, Power: 0W  || Target Power: 49518W
Real-time Voltage: 413.6V, Current: 81.3A, Power: 33625W  || Target Power: 49518W
Real-time Power: 33625W
Real-time Voltage: 425.0V, Current: 0.0A, Power: 0W  || Target Power: 49518W
Real-time Voltage: 413.6V, Current: 81.3A, Power: 33625W  || Target Power: 49518W
Real-time Power: 33625W
Real-time Voltage: 425.0V, Current: 0.0A, Power: 0W  || Target Power: 49518W
Real-time Voltage: 413.6V, Current: 81.3A, Power: 33625W  || Target Power: 49518W
Real-time Power: 33625W
Real-time Voltage: 425.0V, Current: 0.0A, Power: 0W  || Target Power: 49518W
Real-time Voltage: 413.7V, Current: 81.3A, Power: 33633W  || Target Power: 49518W
Real-time Power: 33633W
Real-time Voltage: 425.0V, Current: 0.0A, Power: 0W  || Target Power: 49518W
Real-time Voltage: 413.7V, Current: 81.3A, Power: 33633W  || Target Power: 49518W
Real-time Power: 33633W
Real-time Voltage: 425.0V, Current: 0.0A, Power: 0W  || Target Power: 49518W
Real-time Voltage: 413.9V, Current: 81.3A, Power: 33650W  || Target Power: 49518W
Real-time Power: 33650W
Real-time Voltage: 425.0V, Current: 0.0A, Power: 0W  || Target Power: 49518W
Real-time Voltage: 413.7V, Current: 81.3A, Power: 33633W  || Target Power: 49518W
Real-time Power: 33633W
Real-time Voltage: 425.0V, Current: 0.0A, Power: 0W  || Target Power: 49530W
Real-time Voltage: 413.7V, Current: 81.3A, Power: 33633W  || Target Power: 49530W
Real-time Power: 33633W
Real-time Voltage: 425.0V, Current: 0.0A, Power: 0W  || Target Power: 49530W
Real-time Voltage: 413.7V, Current: 81.3A, Power: 33633W  || Target Power: 49530W
Real-time Power: 33633W
Real-time Voltage: 425.0V, Current: 0.0A, Power: 0W  || Target Power: 49542W
Real-time Voltage: 413.7V, Current: 81.3A, Power: 33633W  || Target Power: 49542W
Real-time Power: 33633W
Real-time Voltage: 425.0V, Current: 0.0A, Power: 0W  || Target Power: 49530W
Real-time Voltage: 413.7V, Current: 81.3A, Power: 33633W  || Target Power: 49530W
Real-time Power: 33633W
Real-time Voltage: 425.0V, Current: 0.0A, Power: 0W  || Target Power: 49530W
Real-time Voltage: 413.7V, Current: 81.3A, Power: 33633W  || Target Power: 49530W
Real-time Power: 33633W
Real-time Voltage: 425.0V, Current: 0.0A, Power: 0W  || Target Power: 49530W
Real-time Voltage: 413.7V, Current: 81.3A, Power: 33633W  || Target Power: 49530W
Real-time Power: 33633W
Real-time Voltage: 425.0V, Current: 0.0A, Power: 0W  || Target Power: 49530W
Real-time Voltage: 413.7V, Current: 81.3A, Power: 33633W  || Target Power: 49530W
Real-time Power: 33633W
Real-time Voltage: 425.0V, Current: 0.0A, Power: 0W  || Target Power: 49530W
Real-time Voltage: 413.7V, Current: 81.3A, Power: 33633W  || Target Power: 49530W
Real-time Power: 33633W
Real-time Voltage: 425.0V, Current: 0.0A, Power: 0W  || Target Power: 49530W
Real-time Voltage: 413.7V, Current: 81.3A, Power: 33633W  || Target Power: 49530W
Real-time Power: 33633W
Real-time Voltage: 425.0V, Current: 0.0A, Power: 0W  || Target Power: 49572W
Real-time Voltage: 413.8V, Current: 81.3A, Power: 33641W  || Target Power: 49572W
Real-time Power: 33641W
Real-time Voltage: 425.0V, Current: 0.0A, Power: 0W  || Target Power: 49572W
Real-time Voltage: 413.8V, Current: 81.3A, Power: 33641W  || Target Power: 49572W
Real-time Power: 33641W
Real-time Voltage: 425.0V, Current: 0.0A, Power: 0W  || Target Power: 49572W
Real-time Voltage: 413.8V, Current: 81.3A, Power: 33641W  || Target Power: 49572W
Real-time Power: 33641W
Real-time Voltage: 425.0V, Current: 0.0A, Power: 0W  || Target Power: 49572W
Real-time Voltage: 413.7V, Current: 81.3A, Power: 33633W  || Target Power: 49572W
Real-time Power: 33633W
Real-time Voltage: 425.0V, Current: 0.0A, Power: 0W  || Target Power: 49584W
Real-time Voltage: 413.8V, Current: 81.3A, Power: 33641W  || Target Power: 49584W
Real-time Power: 33641W
Real-time Voltage: 425.0V, Current: 0.0A, Power: 0W  || Target Power: 49584W
Real-time Voltage: 413.7V, Current: 81.3A, Power: 33633W  || Target Power: 49584W
Real-time Power: 33633W
Real-time Voltage: 425.0V, Current: 0.0A, Power: 0W  || Target Power: 49584W
Real-time Voltage: 413.7V, Current: 81.3A, Power: 33633W  || Target Power: 49584W
Real-time Power: 33633W
Real-time Voltage: 425.0V, Current: 0.0A, Power: 0W  || Target Power: 49584W
Real-time Voltage: 413.7V, Current: 81.3A, Power: 33633W  || Target Power: 49584W
Real-time Power: 33633W
Real-time Voltage: 425.0V, Current: 0.0A, Power: 0W  || Target Power: 49584W
Real-time Voltage: 413.7V, Current: 81.3A, Power: 33633W  || Target Power: 49584W
Real-time Power: 33633W
Real-time Voltage: 425.0V, Current: 0.0A, Power: 0W  || Target Power: 49572W
Real-time Voltage: 413.8V, Current: 81.3A, Power: 33641W  || Target Power: 49572W
Real-time Power: 33641W
Real-time Voltage: 425.0V, Current: 0.0A, Power: 0W  || Target Power: 49572W
Real-time Voltage: 413.8V, Current: 81.3A, Power: 33641W  || Target Power: 49572W
Real-time Power: 33641W
Real-time Voltage: 425.0V, Current: 0.0A, Power: 0W  || Target Power: 49572W
Real-time Voltage: 413.8V, Current: 81.3A, Power: 33641W  || Target Power: 49572W
Real-time Power: 33641W
Real-time Voltage: 425.0V, Current: 0.0A, Power: 0W  || Target Power: 49572W
Real-time Voltage: 413.8V, Current: 81.3A, Power: 33641W  || Target Power: 49572W
Real-time Power: 33641W
Real-time Voltage: 425.0V, Current: 0.0A, Power: 0W  || Target Power: 49584W
Real-time Voltage: 413.8V, Current: 81.3A, Power: 33641W  || Target Power: 49584W
Real-time Power: 33641W
Real-time Voltage: 425.0V, Current: 0.0A, Power: 0W  || Target Power: 49584W
Real-time Voltage: 413.8V, Current: 81.3A, Power: 33641W  || Target Power: 49584W
Real-time Power: 33641W
Real-time Voltage: 425.0V, Current: 0.0A, Power: 0W  || Target Power: 49584W
Real-time Voltage: 413.8V, Current: 81.3A, Power: 33641W  || Target Power: 49584W
Real-time Power: 33641W
Real-time Voltage: 425.0V, Current: 0.0A, Power: 0W  || Target Power: 49584W
Real-time Voltage: 413.8V, Current: 81.3A, Power: 33641W  || Target Power: 49584W
Real-time Power: 33641W
Real-time Voltage: 425.0V, Current: 0.0A, Power: 0W  || Target Power: 49584W
Real-time Voltage: 413.8V, Current: 81.3A, Power: 33641W  || Target Power: 49584W
Real-time Power: 33641W
Real-time Voltage: 0.0V, Current: 0.0A, Power: 0W  || Target Power: 49584W
Real-time Voltage: 413.9V, Current: 81.3A, Power: 33650W  || Target Power: 49584W
Real-time Power: 33650W
Real-time Voltage: 0.0V, Current: 0.0A, Power: 0W  || Target Power: 49584W
Real-time Voltage: 413.8V, Current: 81.3A, Power: 33641W  || Target Power: 49584W
Real-time Power: 33641W
Real-time Voltage: 7.0V, Current: 0.0A, Power: 0W  || Target Power: 49584W
Real-time Voltage: 413.9V, Current: 81.3A, Power: 33650W  || Target Power: 49584W
Real-time Power: 33650W
Real-time Voltage: 38.0V, Current: 0.0A, Power: 0W  || Target Power: 49584W
Real-time Voltage: 413.9V, Current: 81.3A, Power: 33650W  || Target Power: 49584W
Real-time Power: 33650W
Real-time Voltage: 165.0V, Current: 0.0A, Power: 0W  || Target Power: 49584W
Real-time Voltage: 413.9V, Current: 81.3A, Power: 33650W  || Target Power: 49584W
Real-time Power: 33650W
Real-time Voltage: 294.0V, Current: 0.0A, Power: 0W  || Target Power: 49584W
Real-time Voltage: 413.9V, Current: 81.3A, Power: 33650W  || Target Power: 49584W
Real-time Power: 33650W
Real-time Voltage: 421.0V, Current: 0.0A, Power: 0W  || Target Power: 49584W
Real-time Voltage: 413.9V, Current: 81.3A, Power: 33650W  || Target Power: 49584W
Real-time Power: 33650W
Real-time Voltage: 426.0V, Current: 0.0A, Power: 0W  || Target Power: 49584W
Real-time Voltage: 413.9V, Current: 81.3A, Power: 33650W  || Target Power: 49584W
Real-time Power: 33650W
Real-time Voltage: 425.0V, Current: 0.0A, Power: 0W  || Target Power: 49584W
Real-time Voltage: 413.9V, Current: 81.3A, Power: 33650W  || Target Power: 49584W
Real-time Power: 33650W
Real-time Voltage: 425.0V, Current: 0.0A, Power: 0W  || Target Power: 49584W
Real-time Voltage: 413.9V, Current: 81.3A, Power: 33650W  || Target Power: 49584W
Real-time Power: 33650W
Real-time Voltage: 425.0V, Current: 0.0A, Power: 0W  || Target Power: 49584W
Real-time Voltage: 413.9V, Current: 81.3A, Power: 33650W  || Target Power: 49584W
Real-time Power: 33650W
Real-time Voltage: 425.0V, Current: 0.0A, Power: 0W  || Target Power: 49584W
Real-time Voltage: 413.9V, Current: 81.3A, Power: 33650W  || Target Power: 49584W
Real-time Power: 33650W
Real-time Voltage: 425.0V, Current: 0.0A, Power: 0W  || Target Power: 49584W
Real-time Voltage: 413.9V, Current: 81.3A, Power: 33650W  || Target Power: 49584W
Real-time Power: 33650W
Real-time Voltage: 425.0V, Current: 0.0A, Power: 0W  || Target Power: 49584W
Real-time Voltage: 413.9V, Current: 81.3A, Power: 33650W  || Target Power: 49584W
Real-time Power: 33650W
Real-time Voltage: 425.0V, Current: 0.0A, Power: 0W  || Target Power: 49584W
Real-time Voltage: 413.9V, Current: 81.3A, Power: 33650W  || Target Power: 49584W
Real-time Power: 33650W
Real-time Voltage: 425.0V, Current: 0.0A, Power: 0W  || Target Power: 49584W
Real-time Voltage: 413.9V, Current: 81.3A, Power: 33650W  || Target Power: 49584W
Real-time Power: 33650W
Real-time Voltage: 425.0V, Current: 0.0A, Power: 0W  || Target Power: 49584W
Real-time Voltage: 413.9V, Current: 81.3A, Power: 33650W  || Target Power: 49584W
Real-time Power: 33650W
Real-time Voltage: 425.0V, Current: 0.0A, Power: 0W  || Target Power: 49584W
Real-time Voltage: 413.9V, Current: 81.3A, Power: 33650W  || Target Power: 49584W
Real-time Power: 33650W
Real-time Voltage: 425.0V, Current: 0.0A, Power: 0W  || Target Power: 49584W
Real-time Voltage: 413.9V, Current: 81.3A, Power: 33650W  || Target Power: 49584W
Real-time Power: 33650W
Real-time Voltage: 425.0V, Current: 0.0A, Power: 0W  || Target Power: 49584W
Real-time Voltage: 414.0V, Current: 81.3A, Power: 33658W  || Target Power: 49584W
Real-time Power: 33658W
Real-time Voltage: 425.0V, Current: 0.0A, Power: 0W  || Target Power: 49584W
Real-time Voltage: 413.9V, Current: 81.3A, Power: 33650W  || Target Power: 49584W
Real-time Power: 33650W
Real-time Voltage: 425.0V, Current: 0.0A, Power: 0W  || Target Power: 49584W
Real-time Voltage: 414.0V, Current: 81.3A, Power: 33658W  || Target Power: 49584W
Real-time Power: 33658W
Real-time Voltage: 425.0V, Current: 0.0A, Power: 0W  || Target Power: 49669W
Real-time Voltage: 414.0V, Current: 81.3A, Power: 33658W  || Target Power: 49669W
Real-time Power: 33658W
Real-time Voltage: 425.0V, Current: 0.0A, Power: 0W  || Target Power: 49669W
Real-time Voltage: 414.0V, Current: 81.3A, Power: 33658W  || Target Power: 49669W
Real-time Power: 33658W
Real-time Voltage: 425.0V, Current: 0.0A, Power: 0W  || Target Power: 49669W
Real-time Voltage: 414.0V, Current: 81.3A, Power: 33658W  || Target Power: 49669W
Real-time Power: 33658W
Real-time Voltage: 425.0V, Current: 0.0A, Power: 0W  || Target Power: 49692W
Real-time Voltage: 414.0V, Current: 81.3A, Power: 33658W  || Target Power: 49692W
Real-time Power: 33658W
Real-time Voltage: 425.0V, Current: 0.0A, Power: 0W  || Target Power: 49692W
Real-time Voltage: 414.0V, Current: 81.3A, Power: 33658W  || Target Power: 49692W
Real-time Power: 33658W
Real-time Voltage: 425.0V, Current: 0.0A, Power: 0W  || Target Power: 49692W
Real-time Voltage: 414.0V, Current: 81.3A, Power: 33658W  || Target Power: 49692W
Real-time Power: 33658W
Real-time Voltage: 425.0V, Current: 0.0A, Power: 0W  || Target Power: 49692W
Real-time Voltage: 414.0V, Current: 81.3A, Power: 33658W  || Target Power: 49692W
Real-time Power: 33658W
Real-time Voltage: 425.0V, Current: 0.0A, Power: 0W  || Target Power: 49692W
Real-time Voltage: 414.0V, Current: 81.3A, Power: 33658W  || Target Power: 49692W
Real-time Power: 33658W
Real-time Voltage: 425.0V, Current: 0.0A, Power: 0W  || Target Power: 49692W
Real-time Voltage: 414.0V, Current: 81.3A, Power: 33658W  || Target Power: 49692W
Real-time Power: 33658W
Real-time Voltage: 425.0V, Current: 0.0A, Power: 0W  || Target Power: 49692W
Real-time Voltage: 414.0V, Current: 81.3A, Power: 33658W  || Target Power: 49692W
Real-time Power: 33658W
Real-time Voltage: 425.0V, Current: 0.0A, Power: 0W  || Target Power: 49692W
Real-time Voltage: 414.0V, Current: 81.3A, Power: 33658W  || Target Power: 49692W
Real-time Power: 33658W
Real-time Voltage: 425.0V, Current: 0.0A, Power: 0W  || Target Power: 49692W
Real-time Voltage: 413.9V, Current: 81.3A, Power: 33650W  || Target Power: 49692W
Real-time Power: 33650W
Real-time Voltage: 425.0V, Current: 0.0A, Power: 0W  || Target Power: 49692W
Real-time Voltage: 413.9V, Current: 81.3A, Power: 33650W  || Target Power: 49692W
Real-time Power: 33650W
Real-time Voltage: 425.0V, Current: 0.0A, Power: 0W  || Target Power: 49692W
Real-time Voltage: 413.9V, Current: 81.3A, Power: 33650W  || Target Power: 49692W
Real-time Power: 33650W
Real-time Voltage: 425.0V, Current: 0.0A, Power: 0W  || Target Power: 49669W
Real-time Voltage: 413.9V, Current: 81.3A, Power: 33650W  || Target Power: 49669W
Real-time Power: 33650W
Real-time Voltage: 425.0V, Current: 0.0A, Power: 0W  || Target Power: 49669W
Real-time Voltage: 413.9V, Current: 81.3A, Power: 33650W  || Target Power: 49669W
Real-time Power: 33650W
Real-time Voltage: 425.0V, Current: 0.0A, Power: 0W  || Target Power: 49669W
Real-time Voltage: 413.9V, Current: 81.3A, Power: 33650W  || Target Power: 49669W
Real-time Power: 33650W
Real-time Voltage: 425.0V, Current: 0.0A, Power: 0W  || Target Power: 49669W
Real-time Voltage: 413.9V, Current: 81.3A, Power: 33650W  || Target Power: 49669W
Real-time Power: 33650W
Real-time Voltage: 425.0V, Current: 0.0A, Power: 0W  || Target Power: 49669W
Real-time Voltage: 413.9V, Current: 81.3A, Power: 33650W  || Target Power: 49669W
Real-time Power: 33650W
Real-time Voltage: 425.0V, Current: 0.0A, Power: 0W  || Target Power: 49669W
Real-time Voltage: 413.9V, Current: 81.3A, Power: 33650W  || Target Power: 49669W
Real-time Power: 33650W
Real-time Voltage: 425.0V, Current: 0.0A, Power: 0W  || Target Power: 49711W
Real-time Voltage: 413.9V, Current: 81.3A, Power: 33650W  || Target Power: 49711W
Real-time Power: 33650W
Real-time Voltage: 425.0V, Current: 0.0A, Power: 0W  || Target Power: 49711W
Real-time Voltage: 413.9V, Current: 81.3A, Power: 33650W  || Target Power: 49711W
Real-time Power: 33650W
Real-time Voltage: 425.0V, Current: 0.0A, Power: 0W  || Target Power: 49711W
Real-time Voltage: 413.9V, Current: 81.3A, Power: 33650W  || Target Power: 49711W
Real-time Power: 33650W
Real-time Voltage: 425.0V, Current: 0.0A, Power: 0W  || Target Power: 49711W
Real-time Voltage: 413.9V, Current: 81.3A, Power: 33650W  || Target Power: 49711W
Real-time Power: 33650W
Real-time Voltage: 425.0V, Current: 0.0A, Power: 0W  || Target Power: 49711W
Real-time Voltage: 413.9V, Current: 81.3A, Power: 33650W  || Target Power: 49711W
Real-time Power: 33650W
Real-time Voltage: 425.0V, Current: 0.0A, Power: 0W  || Target Power: 49711W
Real-time Voltage: 413.9V, Current: 81.3A, Power: 33650W  || Target Power: 49711W
Real-time Power: 33650W
Real-time Voltage: 425.0V, Current: 0.0A, Power: 0W  || Target Power: 49711W
Real-time Voltage: 413.9V, Current: 81.3A, Power: 33650W  || Target Power: 49711W
Real-time Power: 33650W
Real-time Voltage: 425.0V, Current: 0.0A, Power: 0W  || Target Power: 49711W
Real-time Voltage: 414.0V, Current: 81.3A, Power: 33658W  || Target Power: 49711W
Real-time Power: 33658W
Real-time Voltage: 425.0V, Current: 0.0A, Power: 0W  || Target Power: 49711W
Real-time Voltage: 413.9V, Current: 81.3A, Power: 33650W  || Target Power: 49711W
Real-time Power: 33650W
Real-time Voltage: 425.0V, Current: 0.0A, Power: 0W  || Target Power: 49711W
Real-time Voltage: 413.9V, Current: 81.3A, Power: 33650W  || Target Power: 49711W
Real-time Power: 33650W
Real-time Voltage: 425.0V, Current: 0.0A, Power: 0W  || Target Power: 49711W
Real-time Voltage: 414.0V, Current: 81.3A, Power: 33658W  || Target Power: 49711W
Real-time Power: 33658W
Real-time Voltage: 425.0V, Current: 0.0A, Power: 0W  || Target Power: 49735W
Real-time Voltage: 414.0V, Current: 81.3A, Power: 33658W  || Target Power: 49735W
Real-time Power: 33658W
Real-time Voltage: 425.0V, Current: 0.0A, Power: 0W  || Target Power: 49735W
Real-time Voltage: 413.9V, Current: 81.3A, Power: 33650W  || Target Power: 49735W
Real-time Power: 33650W
Real-time Voltage: 425.0V, Current: 0.0A, Power: 0W  || Target Power: 49711W
Real-time Voltage: 413.9V, Current: 81.3A, Power: 33650W  || Target Power: 49711W
Real-time Power: 33650W
Real-time Voltage: 425.0V, Current: 0.0A, Power: 0W  || Target Power: 49735W
Real-time Voltage: 413.9V, Current: 81.3A, Power: 33650W  || Target Power: 49735W
Real-time Power: 33650W
Real-time Voltage: 425.0V, Current: 0.0A, Power: 0W  || Target Power: 49735W
Real-time Voltage: 413.9V, Current: 81.3A, Power: 33650W  || Target Power: 49735W
Real-time Power: 33650W
Real-time Voltage: 425.0V, Current: 0.0A, Power: 0W  || Target Power: 49711W
Real-time Voltage: 414.0V, Current: 81.3A, Power: 33658W  || Target Power: 49711W
Real-time Power: 33658W
Real-time Voltage: 425.0V, Current: 0.0A, Power: 0W  || Target Power: 49711W
Real-time Voltage: 413.9V, Current: 81.3A, Power: 33650W  || Target Power: 49711W
Real-time Power: 33650W
Real-time Voltage: 425.0V, Current: 0.0A, Power: 0W  || Target Power: 49711W
Real-time Voltage: 413.9V, Current: 81.3A, Power: 33650W  || Target Power: 49711W
Real-time Power: 33650W
Real-time Voltage: 425.0V, Current: 0.0A, Power: 0W  || Target Power: 49711W
Real-time Voltage: 413.9V, Current: 81.3A, Power: 33650W  || Target Power: 49711W
Real-time Power: 33650W
Real-time Voltage: 425.0V, Current: 0.0A, Power: 0W  || Target Power: 49735W
Real-time Voltage: 414.0V, Current: 81.3A, Power: 33658W  || Target Power: 49735W
Real-time Power: 33658W
Real-time Voltage: 425.0V, Current: 0.0A, Power: 0W  || Target Power: 49735W
Real-time Voltage: 413.9V, Current: 81.3A, Power: 33650W  || Target Power: 49735W
Real-time Power: 33650W
Real-time Voltage: 425.0V, Current: 0.0A, Power: 0W  || Target Power: 49711W
Real-time Voltage: 414.0V, Current: 81.3A, Power: 33658W  || Target Power: 49711W
Real-time Power: 33658W
Real-time Voltage: 425.0V, Current: 0.0A, Power: 0W  || Target Power: 49735W
Real-time Voltage: 414.0V, Current: 81.3A, Power: 33658W  || Target Power: 49735W
Real-time Power: 33658W
Real-time Voltage: 425.0V, Current: 0.0A, Power: 0W  || Target Power: 49735W
Real-time Voltage: 414.0V, Current: 81.3A, Power: 33658W  || Target Power: 49735W
Real-time Power: 33658W
Real-time Voltage: 425.0V, Current: 0.0A, Power: 0W  || Target Power: 49735W
Real-time Voltage: 414.0V, Current: 81.3A, Power: 33658W  || Target Power: 49735W
Real-time Power: 33658W
Real-time Voltage: 425.0V, Current: 0.0A, Power: 0W  || Target Power: 49735W
Real-time Voltage: 414.0V, Current: 81.3A, Power: 33658W  || Target Power: 49735W
Real-time Power: 33658W
Real-time Voltage: 425.0V, Current: 0.0A, Power: 0W  || Target Power: 49735W
Real-time Voltage: 414.0V, Current: 81.3A, Power: 33658W  || Target Power: 49735W
Real-time Power: 33658W
Real-time Voltage: 425.0V, Current: 0.0A, Power: 0W  || Target Power: 49735W
Real-time Voltage: 414.0V, Current: 81.3A, Power: 33658W  || Target Power: 49735W
Real-time Power: 33658W
Real-time Voltage: 425.0V, Current: 0.0A, Power: 0W  || Target Power: 49735W
Real-time Voltage: 414.0V, Current: 81.3A, Power: 33658W  || Target Power: 49735W
Real-time Power: 33658W
Real-time Voltage: 425.0V, Current: 0.0A, Power: 0W  || Target Power: 49735W
Real-time Voltage: 414.0V, Current: 81.3A, Power: 33658W  || Target Power: 49735W
Real-time Power: 33658W
Real-time Voltage: 425.0V, Current: 0.0A, Power: 0W  || Target Power: 49777W
Real-time Voltage: 414.0V, Current: 81.3A, Power: 33658W  || Target Power: 49777W
Real-time Power: 33658W
Real-time Voltage: 425.0V, Current: 0.0A, Power: 0W  || Target Power: 49777W
Real-time Voltage: 414.0V, Current: 81.3A, Power: 33658W  || Target Power: 49777W
Real-time Power: 33658W
Real-time Voltage: 425.0V, Current: 0.0A, Power: 0W  || Target Power: 49777W
Real-time Voltage: 414.0V, Current: 81.3A, Power: 33658W  || Target Power: 49777W
Real-time Power: 33658W
Real-time Voltage: 425.0V, Current: 0.0A, Power: 0W  || Target Power: 49777W
Real-time Voltage: 414.0V, Current: 81.3A, Power: 33658W  || Target Power: 49777W
Real-time Power: 33658W
Real-time Voltage: 425.0V, Current: 0.0A, Power: 0W  || Target Power: 49777W
Real-time Voltage: 414.0V, Current: 81.3A, Power: 33658W  || Target Power: 49777W
Real-time Power: 33658W
Real-time Voltage: 425.0V, Current: 0.0A, Power: 0W  || Target Power: 49777W
Real-time Voltage: 414.0V, Current: 81.3A, Power: 33658W  || Target Power: 49777W
Real-time Power: 33658W
Real-time Voltage: 425.0V, Current: 0.0A, Power: 0W  || Target Power: 49777W
Real-time Voltage: 414.0V, Current: 81.3A, Power: 33658W  || Target Power: 49777W
Real-time Power: 33658W
Real-time Voltage: 425.0V, Current: 0.0A, Power: 0W  || Target Power: 49777W
Real-time Voltage: 414.0V, Current: 81.3A, Power: 33658W  || Target Power: 49777W
Real-time Power: 33658W
Real-time Voltage: 425.0V, Current: 0.0A, Power: 0W  || Target Power: 49777W
Real-time Voltage: 414.0V, Current: 81.3A, Power: 33658W  || Target Power: 49777W
Real-time Power: 33658W
Real-time Voltage: 425.0V, Current: 0.0A, Power: 0W  || Target Power: 49777W
Real-time Voltage: 414.0V, Current: 81.3A, Power: 33658W  || Target Power: 49777W
Real-time Power: 33658W
Real-time Voltage: 425.0V, Current: 0.0A, Power: 0W  || Target Power: 49777W
Real-time Voltage: 414.4V, Current: 81.3A, Power: 33690W  || Target Power: 49777W
Real-time Power: 33690W
Real-time Voltage: 425.0V, Current: 0.0A, Power: 0W  || Target Power: 49777W
Real-time Voltage: 414.0V, Current: 81.3A, Power: 33658W  || Target Power: 49777W
Real-time Power: 33658W
Real-time Voltage: 425.0V, Current: 0.0A, Power: 0W  || Target Power: 49777W
Real-time Voltage: 414.0V, Current: 81.3A, Power: 33658W  || Target Power: 49777W
Real-time Power: 33658W
Real-time Voltage: 425.0V, Current: 0.0A, Power: 0W  || Target Power: 49777W
Real-time Voltage: 414.0V, Current: 81.3A, Power: 33658W  || Target Power: 49777W
Real-time Power: 33658W
Real-time Voltage: 425.0V, Current: 0.0A, Power: 0W  || Target Power: 49777W
Real-time Voltage: 414.0V, Current: 81.3A, Power: 33658W  || Target Power: 49777W
Real-time Power: 33658W
Real-time Voltage: 425.0V, Current: 0.0A, Power: 0W  || Target Power: 49777W
Real-time Voltage: 414.1V, Current: 81.3A, Power: 33666W  || Target Power: 49777W
Real-time Power: 33666W
Real-time Voltage: 425.0V, Current: 0.0A, Power: 0W  || Target Power: 49777W
Real-time Voltage: 414.1V, Current: 81.3A, Power: 33666W  || Target Power: 49777W
Real-time Power: 33666W
Real-time Voltage: 425.0V, Current: 0.0A, Power: 0W  || Target Power: 49777W
Real-time Voltage: 414.1V, Current: 81.3A, Power: 33666W  || Target Power: 49777W
Real-time Power: 33666W
Real-time Voltage: 425.0V, Current: 0.0A, Power: 0W  || Target Power: 49777W
Real-time Voltage: 414.1V, Current: 81.3A, Power: 33666W  || Target Power: 49777W
Real-time Power: 33666W
Real-time Voltage: 425.0V, Current: 0.0A, Power: 0W  || Target Power: 49777W
Real-time Voltage: 414.1V, Current: 81.3A, Power: 33666W  || Target Power: 49777W
Real-time Power: 33666W
Real-time Voltage: 425.0V, Current: 0.0A, Power: 0W  || Target Power: 49789W
Real-time Voltage: 414.1V, Current: 81.3A, Power: 33666W  || Target Power: 49789W
Real-time Power: 33666W
Real-time Voltage: 425.0V, Current: 0.0A, Power: 0W  || Target Power: 49789W
Real-time Voltage: 414.1V, Current: 81.3A, Power: 33666W  || Target Power: 49789W
Real-time Power: 33666W
Real-time Voltage: 425.0V, Current: 0.0A, Power: 0W  || Target Power: 49789W
Real-time Voltage: 414.1V, Current: 81.3A, Power: 33666W  || Target Power: 49789W
Real-time Power: 33666W
Real-time Voltage: 425.0V, Current: 0.0A, Power: 0W  || Target Power: 49789W
Real-time Voltage: 414.1V, Current: 81.3A, Power: 33666W  || Target Power: 49789W
Real-time Power: 33666W
Real-time Voltage: 425.0V, Current: 0.0A, Power: 0W  || Target Power: 49789W
Real-time Voltage: 414.1V, Current: 81.3A, Power: 33666W  || Target Power: 49789W
Real-time Power: 33666W
Real-time Voltage: 425.0V, Current: 0.0A, Power: 0W  || Target Power: 49789W
Real-time Voltage: 414.1V, Current: 81.3A, Power: 33666W  || Target Power: 49789W
Real-time Power: 33666W
Real-time Voltage: 425.0V, Current: 0.0A, Power: 0W  || Target Power: 49789W
Real-time Voltage: 414.1V, Current: 81.3A, Power: 33666W  || Target Power: 49789W
Real-time Power: 33666W
Real-time Voltage: 425.0V, Current: 0.0A, Power: 0W  || Target Power: 49789W
Real-time Voltage: 414.1V, Current: 81.3A, Power: 33666W  || Target Power: 49789W
Real-time Power: 33666W
Real-time Voltage: 425.0V, Current: 0.0A, Power: 0W  || Target Power: 49789W
Real-time Voltage: 414.1V, Current: 81.3A, Power: 33666W  || Target Power: 49789W
Real-time Power: 33666W
Real-time Voltage: 425.0V, Current: 0.0A, Power: 0W  || Target Power: 49789W
Real-time Voltage: 414.1V, Current: 81.3A, Power: 33666W  || Target Power: 49789W
Real-time Power: 33666W
Real-time Voltage: 425.0V, Current: 0.0A, Power: 0W  || Target Power: 49789W
Real-time Voltage: 414.1V, Current: 81.3A, Power: 33666W  || Target Power: 49789W
Real-time Power: 33666W
Real-time Voltage: 425.0V, Current: 0.0A, Power: 0W  || Target Power: 49789W
Real-time Voltage: 414.1V, Current: 81.3A, Power: 33666W  || Target Power: 49789W
Real-time Power: 33666W
Real-time Voltage: 425.0V, Current: 0.0A, Power: 0W  || Target Power: 49789W
Real-time Voltage: 414.1V, Current: 81.3A, Power: 33666W  || Target Power: 49789W
Real-time Power: 33666W
Real-time Voltage: 425.0V, Current: 0.0A, Power: 0W  || Target Power: 49789W
Real-time Voltage: 414.1V, Current: 81.3A, Power: 33666W  || Target Power: 49789W
Real-time Power: 33666W
Real-time Voltage: 425.0V, Current: 0.0A, Power: 0W  || Target Power: 49789W
Real-time Voltage: 414.1V, Current: 81.3A, Power: 33666W  || Target Power: 49789W
Real-time Power: 33666W
Real-time Voltage: 425.0V, Current: 0.0A, Power: 0W  || Target Power: 49789W
Real-time Voltage: 414.1V, Current: 81.3A, Power: 33666W  || Target Power: 49789W
Real-time Power: 33666W
Real-time Voltage: 425.0V, Current: 0.0A, Power: 0W  || Target Power: 49831W
Real-time Voltage: 414.1V, Current: 81.3A, Power: 33666W  || Target Power: 49831W
Real-time Power: 33666W
Real-time Voltage: 425.0V, Current: 0.0A, Power: 0W  || Target Power: 49831W
Real-time Voltage: 414.1V, Current: 81.3A, Power: 33666W  || Target Power: 49831W
Real-time Power: 33666W
Real-time Voltage: 425.0V, Current: 0.0A, Power: 0W  || Target Power: 49831W
Real-time Voltage: 414.1V, Current: 81.3A, Power: 33666W  || Target Power: 49831W
Real-time Power: 33666W
Real-time Voltage: 425.0V, Current: 0.0A, Power: 0W  || Target Power: 49831W
Real-time Voltage: 414.1V, Current: 81.3A, Power: 33666W  || Target Power: 49831W
Real-time Power: 33666W
Real-time Voltage: 425.0V, Current: 0.0A, Power: 0W  || Target Power: 49831W
Real-time Voltage: 414.1V, Current: 81.3A, Power: 33666W  || Target Power: 49831W
Real-time Power: 33666W
Real-time Voltage: 425.0V, Current: 0.0A, Power: 0W  || Target Power: 49831W
Real-time Voltage: 414.1V, Current: 81.3A, Power: 33666W  || Target Power: 49831W
Real-time Power: 33666W
Real-time Voltage: 425.0V, Current: 0.0A, Power: 0W  || Target Power: 49831W
Real-time Voltage: 414.1V, Current: 81.3A, Power: 33666W  || Target Power: 49831W
Real-time Power: 33666W
Real-time Voltage: 425.0V, Current: 0.0A, Power: 0W  || Target Power: 49831W
Real-time Voltage: 414.1V, Current: 81.3A, Power: 33666W  || Target Power: 49831W
Real-time Power: 33666W
Real-time Voltage: 425.0V, Current: 0.0A, Power: 0W  || Target Power: 49831W
Real-time Voltage: 414.1V, Current: 81.3A, Power: 33666W  || Target Power: 49831W
Real-time Power: 33666W
Real-time Voltage: 425.0V, Current: 0.0A, Power: 0W  || Target Power: 49831W
Real-time Voltage: 414.1V, Current: 81.3A, Power: 33666W  || Target Power: 49831W
Real-time Power: 33666W
Real-time Voltage: 425.0V, Current: 0.0A, Power: 0W  || Target Power: 49831W
Real-time Voltage: 414.1V, Current: 81.3A, Power: 33666W  || Target Power: 49831W
Real-time Power: 33666W
Real-time Voltage: 425.0V, Current: 0.0A, Power: 0W  || Target Power: 49831W
Real-time Voltage: 414.1V, Current: 81.3A, Power: 33666W  || Target Power: 49831W
Real-time Power: 33666W
Real-time Voltage: 425.0V, Current: 0.0A, Power: 0W  || Target Power: 49831W
Real-time Voltage: 414.1V, Current: 81.3A, Power: 33666W  || Target Power: 49831W
Real-time Power: 33666W
Real-time Voltage: 425.0V, Current: 0.0A, Power: 0W  || Target Power: 49831W
Real-time Voltage: 414.1V, Current: 81.3A, Power: 33666W  || Target Power: 49831W
Real-time Power: 33666W
Real-time Voltage: 425.0V, Current: 0.0A, Power: 0W  || Target Power: 49831W
Real-time Voltage: 414.1V, Current: 81.3A, Power: 33666W  || Target Power: 49831W
Real-time Power: 33666W
Real-time Voltage: 425.0V, Current: 0.0A, Power: 0W  || Target Power: 49831W
Real-time Voltage: 414.1V, Current: 81.3A, Power: 33666W  || Target Power: 49831W
Real-time Power: 33666W
Real-time Voltage: 425.0V, Current: 0.0A, Power: 0W  || Target Power: 49831W
Real-time Voltage: 414.1V, Current: 81.3A, Power: 33666W  || Target Power: 49831W
Real-time Power: 33666W
Real-time Voltage: 425.0V, Current: 0.0A, Power: 0W  || Target Power: 49831W
Real-time Voltage: 414.1V, Current: 81.3A, Power: 33666W  || Target Power: 49831W
Real-time Power: 33666W
Real-time Voltage: 425.0V, Current: 0.0A, Power: 0W  || Target Power: 49831W
Real-time Voltage: 414.2V, Current: 81.3A, Power: 33674W  || Target Power: 49831W
Real-time Power: 33674W
Real-time Voltage: 425.0V, Current: 0.0A, Power: 0W  || Target Power: 49831W
Real-time Voltage: 414.2V, Current: 81.3A, Power: 33674W  || Target Power: 49831W
Real-time Power: 33674W
Real-time Voltage: 425.0V, Current: 0.0A, Power: 0W  || Target Power: 49831W
Real-time Voltage: 414.2V, Current: 81.3A, Power: 33674W  || Target Power: 49831W
Real-time Power: 33674W
Real-time Voltage: 425.0V, Current: 0.0A, Power: 0W  || Target Power: 49831W
Real-time Voltage: 414.2V, Current: 81.3A, Power: 33674W  || Target Power: 49831W
Real-time Power: 33674W
Real-time Voltage: 425.0V, Current: 0.0A, Power: 0W  || Target Power: 49843W
Real-time Voltage: 414.2V, Current: 81.3A, Power: 33674W  || Target Power: 49843W
Real-time Power: 33674W
Real-time Voltage: 425.0V, Current: 0.0A, Power: 0W  || Target Power: 49843W
Real-time Voltage: 414.2V, Current: 81.3A, Power: 33674W  || Target Power: 49843W
Real-time Power: 33674W
Real-time Voltage: 425.0V, Current: 0.0A, Power: 0W  || Target Power: 49843W
Real-time Voltage: 414.2V, Current: 81.3A, Power: 33674W  || Target Power: 49843W
Real-time Power: 33674W
Real-time Voltage: 425.0V, Current: 0.0A, Power: 0W  || Target Power: 49843W
Real-time Voltage: 414.2V, Current: 81.3A, Power: 33674W  || Target Power: 49843W
Real-time Power: 33674W
Real-time Voltage: 425.0V, Current: 0.0A, Power: 0W  || Target Power: 49843W
Real-time Voltage: 414.2V, Current: 81.3A, Power: 33674W  || Target Power: 49843W
Real-time Power: 33674W
Real-time Voltage: 425.0V, Current: 0.0A, Power: 0W  || Target Power: 49843W
Real-time Voltage: 414.2V, Current: 81.3A, Power: 33674W  || Target Power: 49843W
Real-time Power: 33674W
Real-time Voltage: 425.0V, Current: 0.0A, Power: 0W  || Target Power: 49843W
Real-time Voltage: 414.2V, Current: 81.3A, Power: 33674W  || Target Power: 49843W
Real-time Power: 33674W
Real-time Voltage: 425.0V, Current: 0.0A, Power: 0W  || Target Power: 49843W
Real-time Voltage: 414.2V, Current: 81.3A, Power: 33674W  || Target Power: 49843W
Real-time Power: 33674W
Real-time Voltage: 425.0V, Current: 0.0A, Power: 0W  || Target Power: 49843W
Real-time Voltage: 414.2V, Current: 81.3A, Power: 33674W  || Target Power: 49843W
Real-time Power: 33674W
Real-time Voltage: 425.0V, Current: 0.0A, Power: 0W  || Target Power: 49843W
Real-time Voltage: 414.2V, Current: 81.3A, Power: 33674W  || Target Power: 49843W
Real-time Power: 33674W
Real-time Voltage: 425.0V, Current: 0.0A, Power: 0W  || Target Power: 49843W
Real-time Voltage: 414.2V, Current: 81.3A, Power: 33674W  || Target Power: 49843W
Real-time Power: 33674W
Real-time Voltage: 425.0V, Current: 0.0A, Power: 0W  || Target Power: 49843W
Real-time Voltage: 414.2V, Current: 81.3A, Power: 33674W  || Target Power: 49843W
Real-time Power: 33674W
Real-time Voltage: 425.0V, Current: 0.0A, Power: 0W  || Target Power: 49843W
Real-time Voltage: 414.2V, Current: 81.3A, Power: 33674W  || Target Power: 49843W
Real-time Power: 33674W
Real-time Voltage: 425.0V, Current: 0.0A, Power: 0W  || Target Power: 49843W
Real-time Voltage: 414.2V, Current: 81.3A, Power: 33674W  || Target Power: 49843W
Real-time Power: 33674W
Real-time Voltage: 425.0V, Current: 0.0A, Power: 0W  || Target Power: 49843W
Real-time Voltage: 414.2V, Current: 81.3A, Power: 33674W  || Target Power: 49843W
Real-time Power: 33674W
Real-time Voltage: 425.0V, Current: 0.0A, Power: 0W  || Target Power: 49843W
Real-time Voltage: 414.2V, Current: 81.3A, Power: 33674W  || Target Power: 49843W
Real-time Power: 33674W
Real-time Voltage: 425.0V, Current: 0.0A, Power: 0W  || Target Power: 49843W
Real-time Voltage: 414.2V, Current: 81.3A, Power: 33674W  || Target Power: 49843W
Real-time Power: 33674W
Real-time Voltage: 425.0V, Current: 0.0A, Power: 0W  || Target Power: 49843W
Real-time Voltage: 414.2V, Current: 81.3A, Power: 33674W  || Target Power: 49843W
Real-time Power: 33674W
Real-time Voltage: 425.0V, Current: 0.0A, Power: 0W  || Target Power: 49843W
Real-time Voltage: 414.2V, Current: 81.3A, Power: 33674W  || Target Power: 49843W
Real-time Power: 33674W
Real-time Voltage: 425.0V, Current: 0.0A, Power: 0W  || Target Power: 49843W
Real-time Voltage: 414.2V, Current: 81.3A, Power: 33674W  || Target Power: 49843W
Real-time Power: 33674W
Real-time Voltage: 425.0V, Current: 0.0A, Power: 0W  || Target Power: 49843W
Real-time Voltage: 414.2V, Current: 81.3A, Power: 33674W  || Target Power: 49843W
Real-time Power: 33674W
Real-time Voltage: 425.0V, Current: 0.0A, Power: 0W  || Target Power: 49843W
Real-time Voltage: 414.2V, Current: 81.3A, Power: 33674W  || Target Power: 49843W
Real-time Power: 33674W
Real-time Voltage: 425.0V, Current: 0.0A, Power: 0W  || Target Power: 49843W
Real-time Voltage: 414.2V, Current: 81.3A, Power: 33674W  || Target Power: 49843W
Real-time Power: 33674W
Real-time Voltage: 425.0V, Current: 0.0A, Power: 0W  || Target Power: 49843W
Real-time Voltage: 414.2V, Current: 81.3A, Power: 33674W  || Target Power: 49843W
Real-time Power: 33674W
Real-time Voltage: 425.0V, Current: 0.0A, Power: 0W  || Target Power: 49843W
Real-time Voltage: 414.2V, Current: 81.3A, Power: 33674W  || Target Power: 49843W
Real-time Power: 33674W
Real-time Voltage: 425.0V, Current: 0.0A, Power: 0W  || Target Power: 49843W
Real-time Voltage: 414.2V, Current: 81.3A, Power: 33674W  || Target Power: 49843W
Real-time Power: 33674W
Real-time Voltage: 425.0V, Current: 0.0A, Power: 0W  || Target Power: 49843W
Real-time Voltage: 414.2V, Current: 81.3A, Power: 33674W  || Target Power: 49843W
Real-time Power: 33674W
Real-time Voltage: 425.0V, Current: 0.0A, Power: 0W  || Target Power: 49843W
Real-time Voltage: 414.2V, Current: 81.3A, Power: 33674W  || Target Power: 49843W
Real-time Power: 33674W
Real-time Voltage: 425.0V, Current: 0.0A, Power: 0W  || Target Power: 49843W
Real-time Voltage: 414.2V, Current: 81.3A, Power: 33674W  || Target Power: 49843W
Real-time Power: 33674W
Real-time Voltage: 425.0V, Current: 0.0A, Power: 0W  || Target Power: 49843W
Real-time Voltage: 414.2V, Current: 81.3A, Power: 33674W  || Target Power: 49843W
Real-time Power: 33674W
Real-time Voltage: 425.0V, Current: 0.0A, Power: 0W  || Target Power: 49843W
Real-time Voltage: 414.2V, Current: 81.3A, Power: 33674W  || Target Power: 49843W
Real-time Power: 33674W
Real-time Voltage: 425.0V, Current: 0.0A, Power: 0W  || Target Power: 49843W
Real-time Voltage: 414.2V, Current: 81.3A, Power: 33674W  || Target Power: 49843W
Real-time Power: 33674W
Real-time Voltage: 425.0V, Current: 0.0A, Power: 0W  || Target Power: 49843W
Real-time Voltage: 414.2V, Current: 81.3A, Power: 33674W  || Target Power: 49843W
Real-time Power: 33674W
Real-time Voltage: 425.0V, Current: 0.0A, Power: 0W  || Target Power: 49843W
Real-time Voltage: 414.2V, Current: 81.3A, Power: 33674W  || Target Power: 49843W
Real-time Power: 33674W
Real-time Voltage: 425.0V, Current: 0.0A, Power: 0W  || Target Power: 49843W
Real-time Voltage: 414.2V, Current: 81.3A, Power: 33674W  || Target Power: 49843W
Real-time Power: 33674W
Real-time Voltage: 425.0V, Current: 0.0A, Power: 0W  || Target Power: 0W
Real-time Voltage: 0.0V, Current: 0.0A, Power: 0W  || Target Power: 0W
Real-time Power: 0W
Real-time Voltage: 427.0V, Current: 1.9A, Power: 811W  || Target Power: 0W
Real-time Voltage: 0.0V, Current: 0.0A, Power: 0W  || Target Power: 0W
Real-time Power: 0W
Real-time Voltage: 429.0V, Current: 4.0A, Power: 1716W  || Target Power: 0W
Real-time Voltage: 0.0V, Current: 0.0A, Power: 0W  || Target Power: 0W
Real-time Power: 0W
Real-time Voltage: 430.0V, Current: 10.5A, Power: 4515W  || Target Power: 0W
Real-time Voltage: 0.0V, Current: 0.0A, Power: 0W  || Target Power: 0W
Real-time Power: 0W
Real-time Voltage: 430.0V, Current: 17.3A, Power: 7439W  || Target Power: 0W
Real-time Voltage: 0.0V, Current: 0.0A, Power: 0W  || Target Power: 0W
Real-time Power: 0W
Real-time Voltage: 430.0V, Current: 22.6A, Power: 9718W  || Target Power: 0W
Real-time Voltage: 0.0V, Current: 0.0A, Power: 0W  || Target Power: 0W
Real-time Power: 0W
Real-time Voltage: 430.0V, Current: 26.4A, Power: 11352W  || Target Power: 0W
Real-time Voltage: 0.0V, Current: 0.0A, Power: 0W  || Target Power: 0W
Real-time Power: 0W
Real-time Voltage: 430.0V, Current: 29.5A, Power: 12685W  || Target Power: 0W
Real-time Voltage: 0.0V, Current: 0.0A, Power: 0W  || Target Power: 0W
Real-time Power: 0W
Real-time Voltage: 430.0V, Current: 31.9A, Power: 13717W  || Target Power: 0W
Real-time Voltage: 0.0V, Current: 0.0A, Power: 0W  || Target Power: 0W
Real-time Power: 0W
Real-time Voltage: 430.0V, Current: 33.7A, Power: 14491W  || Target Power: 0W
Real-time Voltage: 0.0V, Current: 0.0A, Power: 0W  || Target Power: 0W
Real-time Power: 0W
Real-time Voltage: 430.0V, Current: 35.2A, Power: 15136W  || Target Power: 0W
Real-time Voltage: 0.0V, Current: 0.0A, Power: 0W  || Target Power: 0W
Real-time Power: 0W
Real-time Voltage: 430.0V, Current: 36.3A, Power: 15608W  || Target Power: 0W
Real-time Voltage: 0.0V, Current: 0.0A, Power: 0W  || Target Power: 0W
Real-time Power: 0W
Real-time Voltage: 430.0V, Current: 37.1A, Power: 15953W  || Target Power: 0W
Real-time Voltage: 0.0V, Current: 0.0A, Power: 0W  || Target Power: 0W
Real-time Power: 0W
Real-time Voltage: 431.0V, Current: 38.3A, Power: 16507W  || Target Power: 0W
Real-time Voltage: 0.0V, Current: 0.0A, Power: 0W  || Target Power: 0W
Real-time Power: 0W
Real-time Voltage: 431.0V, Current: 40.0A, Power: 17240W  || Target Power: 0W
Real-time Voltage: 0.0V, Current: 0.0A, Power: 0W  || Target Power: 0W
Real-time Power: 0W
Real-time Voltage: 431.0V, Current: 42.4A, Power: 18274W  || Target Power: 0W
Real-time Voltage: 0.0V, Current: 0.0A, Power: 0W  || Target Power: 0W
Real-time Power: 0W
Real-time Voltage: 432.0V, Current: 45.3A, Power: 19569W  || Target Power: 0W
Real-time Voltage: 0.0V, Current: 0.0A, Power: 0W  || Target Power: 0W
Real-time Power: 0W
Real-time Voltage: 432.0V, Current: 48.5A, Power: 20952W  || Target Power: 0W
Real-time Voltage: 0.0V, Current: 0.0A, Power: 0W  || Target Power: 0W
Real-time Power: 0W
Real-time Voltage: 428.0V, Current: 39.4A, Power: 16863W  || Target Power: 0W
Real-time Voltage: 0.0V, Current: 0.0A, Power: 0W  || Target Power: 0W
Real-time Power: 0W
Real-time Voltage: 428.0V, Current: 30.3A, Power: 12968W  || Target Power: 0W
Real-time Voltage: 0.0V, Current: 0.0A, Power: 0W  || Target Power: 0W
Real-time Power: 0W
Real-time Voltage: 428.0V, Current: 23.0A, Power: 9844W  || Target Power: 0W
Real-time Voltage: 0.0V, Current: 0.0A, Power: 0W  || Target Power: 0W
Real-time Power: 0W
Real-time Voltage: 428.0V, Current: 18.1A, Power: 7746W  || Target Power: 0W
Real-time Voltage: 0.0V, Current: 0.0A, Power: 0W  || Target Power: 0W
Real-time Power: 0W
Real-time Voltage: 428.0V, Current: 13.9A, Power: 5949W  || Target Power: 0W
Real-time Voltage: 0.0V, Current: 0.0A, Power: 0W  || Target Power: 0W
Real-time Power: 0W
Real-time Voltage: 428.0V, Current: 10.8A, Power: 4622W  || Target Power: 0W
Real-time Voltage: 0.0V, Current: 0.0A, Power: 0W  || Target Power: 0W
Real-time Power: 0W
Real-time Voltage: 428.0V, Current: 8.4A, Power: 3595W  || Target Power: 0W
Real-time Voltage: 0.0V, Current: 0.0A, Power: 0W  || Target Power: 0W
Real-time Power: 0W
Real-time Voltage: 428.0V, Current: 6.5A, Power: 2782W  || Target Power: 0W
Real-time Voltage: 0.0V, Current: 0.0A, Power: 0W  || Target Power: 0W
Real-time Power: 0W
Real-time Voltage: 428.0V, Current: 5.1A, Power: 2182W  || Target Power: 0W
Real-time Voltage: 0.0V, Current: 0.0A, Power: 0W  || Target Power: 0W
Real-time Power: 0W
Real-time Voltage: 428.0V, Current: 4.0A, Power: 1712W  || Target Power: 0W
Real-time Voltage: 0.0V, Current: 0.0A, Power: 0W  || Target Power: 0W
Real-time Power: 0W
Real-time Voltage: 428.0V, Current: 3.2A, Power: 1369W  || Target Power: 0W
Real-time Voltage: 0.0V, Current: 0.0A, Power: 0W  || Target Power: 0W
Real-time Power: 0W
Real-time Voltage: 428.0V, Current: 2.5A, Power: 1070W  || Target Power: 0W
Real-time Voltage: 0.0V, Current: 0.0A, Power: 0W  || Target Power: 0W
Real-time Power: 0W
Real-time Voltage: 428.0V, Current: 2.1A, Power: 898W  || Target Power: 0W
Real-time Voltage: 0.0V, Current: 0.0A, Power: 0W  || Target Power: 0W
Real-time Power: 0W
Real-time Voltage: 428.0V, Current: 1.7A, Power: 727W  || Target Power: 0W
Real-time Voltage: 0.0V, Current: 0.0A, Power: 0W  || Target Power: 0W
Real-time Power: 0W
Real-time Voltage: 428.0V, Current: 1.4A, Power: 599W  || Target Power: 0W
Real-time Voltage: 0.0V, Current: 0.0A, Power: 0W  || Target Power: 0W
Real-time Power: 0W
Real-time Voltage: 428.0V, Current: 1.2A, Power: 513W  || Target Power: 0W
Real-time Voltage: 0.0V, Current: 0.0A, Power: 0W  || Target Power: 0W
Real-time Power: 0W
Real-time Voltage: 428.0V, Current: 1.0A, Power: 428W  || Target Power: 0W
Real-time Voltage: 0.0V, Current: 0.0A, Power: 0W  || Target Power: 0W
Real-time Power: 0W
Real-time Voltage: 428.0V, Current: 0.9A, Power: 385W  || Target Power: 0W
Real-time Voltage: 0.0V, Current: 0.0A, Power: 0W  || Target Power: 0W
Real-time Power: 0W
Real-time Voltage: 0.0V, Current: 0.0A, Power: 0W  || Target Power: 0W
Real-time Voltage: 0.0V, Current: 0.0A, Power: 0W  || Target Power: 0W
Real-time Power: 0W
Real-time Voltage: 0.0V, Current: 0.0A, Power: 0W  || Target Power: 0W
Real-time Voltage: 0.0V, Current: 0.0A, Power: 0W  || Target Power: 0W
Real-time Power: 0W
Real-time Voltage: 0.0V, Current: 0.0A, Power: 0W  || Target Power: 0W
Real-time Voltage: 0.0V, Current: 0.0A, Power: 0W  || Target Power: 0W
Real-time Power: 0W
Real-time Voltage: 0.0V, Current: 0.0A, Power: 0W  || Target Power: 0W
Real-time Voltage: 0.0V, Current: 0.0A, Power: 0W  || Target Power: 0W
Real-time Power: 0W
Real-time Voltage: 0.0V, Current: 0.0A, Power: 0W  || Target Power: 0W
Real-time Voltage: 0.0V, Current: 0.0A, Power: 0W  || Target Power: 0W
Real-time Power: 0W
Real-time Voltage: 0.0V, Current: 0.0A, Power: 0W  || Target Power: 0W
Real-time Voltage: 0.0V, Current: 0.0A, Power: 0W  || Target Power: 0W
Real-time Power: 0W
Real-time Voltage: 0.0V, Current: 0.0A, Power: 0W  || Target Power: 0W
Real-time Voltage: 0.0V, Current: 0.0A, Power: 0W  || Target Power: 0W
Real-time Power: 0W
Real-time Voltage: 0.0V, Current: 0.0A, Power: 0W  || Target Power: 0W
Real-time Voltage: 0.0V, Current: 0.0A, Power: 0W  || Target Power: 0W
Real-time Power: 0W
Real-time Voltage: 0.0V, Current: 0.0A, Power: 0W  || Target Power: 0W
Real-time Voltage: 0.0V, Current: 0.0A, Power: 0W  || Target Power: 0W
Real-time Power: 0W
Real-time Voltage: 0.0V, Current: 0.0A, Power: 0W  || Target Power: 0W
Real-time Voltage: 0.0V, Current: 0.0A, Power: 0W  || Target Power: 0W
Real-time Power: 0W
Real-time Voltage: 0.0V, Current: 0.0A, Power: 0W  || Target Power: 0W
Real-time Voltage: 0.0V, Current: 0.0A, Power: 0W  || Target Power: 0W
Real-time Power: 0W
Real-time Voltage: 0.0V, Current: 0.0A, Power: 0W  || Target Power: 0W
Real-time Voltage: 0.0V, Current: 0.0A, Power: 0W  || Target Power: 0W
Real-time Power: 0W
Real-time Voltage: 0.0V, Current: 0.0A, Power: 0W  || Target Power: 0W
Real-time Voltage: 0.0V, Current: 0.0A, Power: 0W  || Target Power: 0W
Real-time Power: 0W
Real-time Voltage: 0.0V, Current: 0.0A, Power: 0W  || Target Power: 0W
Real-time Voltage: 0.0V, Current: 0.0A, Power: 0W  || Target Power: 0W
Real-time Power: 0W
Real-time Voltage: 0.0V, Current: 0.0A, Power: 0W  || Target Power: 0W
Real-time Voltage: 0.0V, Current: 0.0A, Power: 0W  || Target Power: 0W
Real-time Power: 0W
Real-time Voltage: 0.0V, Current: 0.0A, Power: 0W  || Target Power: 0W
Real-time Voltage: 0.0V, Current: 0.0A, Power: 0W  || Target Power: 0W
Real-time Power: 0W
Real-time Voltage: 0.0V, Current: 0.0A, Power: 0W  || Target Power: 0W
Real-time Voltage: 0.0V, Current: 0.0A, Power: 0W  || Target Power: 0W
Real-time Power: 0W
Real-time Voltage: 0.0V, Current: 0.0A, Power: 0W  || Target Power: 0W
Real-time Voltage: 0.0V, Current: 0.0A, Power: 0W  || Target Power: 0W
Real-time Power: 0W
Real-time Voltage: 0.0V, Current: 0.0A, Power: 0W  || Target Power: 0W
Real-time Voltage: 0.0V, Current: 0.0A, Power: 0W  || Target Power: 0W
Real-time Power: 0W
Real-time Voltage: 0.0V, Current: 0.0A, Power: 0W  || Target Power: 0W
Real-time Voltage: 0.0V, Current: 0.0A, Power: 0W  || Target Power: 0W
Real-time Power: 0W
Real-time Voltage: 0.0V, Current: 0.0A, Power: 0W  || Target Power: 0W
Real-time Voltage: 0.0V, Current: 0.0A, Power: 0W  || Target Power: 0W
Real-time Power: 0W
Real-time Voltage: 0.0V, Current: 0.0A, Power: 0W  || Target Power: 0W
Real-time Power: 0W
Real-time Voltage: 0.0V, Current: 0.0A, Power: 0W  || Target Power: 0W
Real-time Voltage: 0.0V, Current: 0.0A, Power: 0W  || Target Power: 0W
Real-time Power: 0W
Real-time Voltage: 0.0V, Current: 0.0A, Power: 0W  || Target Power: 0W
Real-time Voltage: 0.0V, Current: 0.0A, Power: 0W  || Target Power: 0W
Real-time Power: 0W
Real-time Voltage: 0.0V, Current: 0.0A, Power: 0W  || Target Power: 0W
Real-time Voltage: 0.0V, Current: 0.0A, Power: 0W  || Target Power: 0W
Real-time Power: 0W
Real-time Voltage: 0.0V, Current: 0.0A, Power: 0W  || Target Power: 0W
Real-time Voltage: 0.0V, Current: 0.0A, Power: 0W  || Target Power: 0W
Real-time Power: 0W
Real-time Voltage: 0.0V, Current: 0.0A, Power: 0W  || Target Power: 0W
Real-time Voltage: 0.0V, Current: 0.0A, Power: 0W  || Target Power: 0W
Real-time Power: 0W
Real-time Voltage: 0.0V, Current: 0.0A, Power: 0W  || Target Power: 0W
Real-time Voltage: 0.0V, Current: 0.0A, Power: 0W  || Target Power: 0W
Real-time Power: 0W
Real-time Voltage: 0.0V, Current: 0.0A, Power: 0W  || Target Power: 0W
Real-time Voltage: 0.0V, Current: 0.0A, Power: 0W  || Target Power: 0W
Real-time Power: 0W
Real-time Voltage: 0.0V, Current: 0.0A, Power: 0W  || Target Power: 0W
Real-time Voltage: 0.0V, Current: 0.0A, Power: 0W  || Target Power: 0W
Real-time Power: 0W
Real-time Voltage: 0.0V, Current: 0.0A, Power: 0W  || Target Power: 0W
Real-time Voltage: 0.0V, Current: 0.0A, Power: 0W  || Target Power: 0W
Real-time Power: 0W
Real-time Voltage: 0.0V, Current: 0.0A, Power: 0W  || Target Power: 0W
Real-time Voltage: 0.0V, Current: 0.0A, Power: 0W  || Target Power: 0W
Real-time Power: 0W
Real-time Voltage: 0.0V, Current: 0.0A, Power: 0W  || Target Power: 0W
Real-time Voltage: 0.0V, Current: 0.0A, Power: 0W  || Target Power: 0W
Real-time Power: 0W
Real-time Voltage: 0.0V, Current: 0.0A, Power: 0W  || Target Power: 0W
Real-time Voltage: 0.0V, Current: 0.0A, Power: 0W  || Target Power: 0W
Real-time Power: 0W
Real-time Voltage: 0.0V, Current: 0.0A, Power: 0W  || Target Power: 0W
Real-time Voltage: 0.0V, Current: 0.0A, Power: 0W  || Target Power: 0W
Real-time Power: 0W
Real-time Voltage: 0.0V, Current: 0.0A, Power: 0W  || Target Power: 0W
Real-time Voltage: 0.0V, Current: 0.0A, Power: 0W  || Target Power: 0W
Real-time Power: 0W
Real-time Voltage: 0.0V, Current: 0.0A, Power: 0W  || Target Power: 0W
Real-time Voltage: 0.0V, Current: 0.0A, Power: 0W  || Target Power: 0W
Real-time Power: 0W
Real-time Voltage: 0.0V, Current: 0.0A, Power: 0W  || Target Power: 0W
Real-time Voltage: 0.0V, Current: 0.0A, Power: 0W  || Target Power: 0W
Real-time Power: 0W
Real-time Voltage: 0.0V, Current: 0.0A, Power: 0W  || Target Power: 0W
Real-time Voltage: 0.0V, Current: 0.0A, Power: 0W  || Target Power: 0W
Real-time Power: 0W
Real-time Voltage: 0.0V, Current: 0.0A, Power: 0W  || Target Power: 0W
Real-time Voltage: 0.0V, Current: 0.0A, Power: 0W  || Target Power: 0W
Real-time Power: 0W
Real-time Voltage: 0.0V, Current: 0.0A, Power: 0W  || Target Power: 0W
Real-time Voltage: 0.0V, Current: 0.0A, Power: 0W  || Target Power: 0W
Real-time Power: 0W
Real-time Voltage: 0.0V, Current: 0.0A, Power: 0W  || Target Power: 0W
Real-time Voltage: 0.0V, Current: 0.0A, Power: 0W  || Target Power: 0W
Real-time Power: 0W
Real-time Voltage: 0.0V, Current: 0.0A, Power: 0W  || Target Power: 0W
Real-time Voltage: 0.0V, Current: 0.0A, Power: 0W  || Target Power: 0W
Real-time Power: 0W
Real-time Voltage: 0.0V, Current: 0.0A, Power: 0W  || Target Power: 0W
Real-time Voltage: 0.0V, Current: 0.0A, Power: 0W  || Target Power: 0W
Real-time Power: 0W
Real-time Voltage: 0.0V, Current: 0.0A, Power: 0W  || Target Power: 0W
Real-time Voltage: 0.0V, Current: 0.0A, Power: 0W  || Target Power: 0W
Real-time Power: 0W
Real-time Voltage: 0.0V, Current: 0.0A, Power: 0W  || Target Power: 0W
Real-time Voltage: 0.0V, Current: 0.0A, Power: 0W  || Target Power: 0W
Real-time Power: 0W
Real-time Voltage: 0.0V, Current: 0.0A, Power: 0W  || Target Power: 0W
Real-time Voltage: 0.0V, Current: 0.0A, Power: 0W  || Target Power: 0W
Real-time Power: 0W
Real-time Voltage: 0.0V, Current: 0.0A, Power: 0W  || Target Power: 0W
Real-time Voltage: 0.0V, Current: 0.0A, Power: 0W  || Target Power: 0W
Real-time Power: 0W
Real-time Voltage: 0.0V, Current: 0.0A, Power: 0W  || Target Power: 0W
Real-time Voltage: 0.0V, Current: 0.0A, Power: 0W  || Target Power: 0W
Real-time Power: 0W
Real-time Voltage: 0.0V, Current: 0.0A, Power: 0W  || Target Power: 0W
Real-time Voltage: 0.0V, Current: 0.0A, Power: 0W  || Target Power: 0W
Real-time Power: 0W
Real-time Voltage: 0.0V, Current: 0.0A, Power: 0W  || Target Power: 0W
Real-time Voltage: 0.0V, Current: 0.0A, Power: 0W  || Target Power: 0W
Real-time Power: 0W
Real-time Voltage: 0.0V, Current: 0.0A, Power: 0W  || Target Power: 0W
Real-time Voltage: 0.0V, Current: 0.0A, Power: 0W  || Target Power: 0W
Real-time Power: 0W
Real-time Voltage: 0.0V, Current: 0.0A, Power: 0W  || Target Power: 0W
Real-time Voltage: 0.0V, Current: 0.0A, Power: 0W  || Target Power: 0W
Real-time Power: 0W
Real-time Voltage: 0.0V, Current: 0.0A, Power: 0W  || Target Power: 0W
Real-time Voltage: 0.0V, Current: 0.0A, Power: 0W  || Target Power: 0W
Real-time Power: 0W
Real-time Voltage: 0.0V, Current: 0.0A, Power: 0W  || Target Power: 0W
^CTraceback (most recent call last):
  File "/home/UFC_160_v1/main.py", line 36, in <module>
    perform_action()
  File "/home/UFC_160_v1/power_120kw/dynamicsharing.py", line 24, in perform_action
    readFromCan()
  File "/home/UFC_160_v1/power_120kw/dynamicsharing.py", line 18, in readFromCan
    for m in bus:
  File "/usr/lib/python3.10/site-packages/can/bus.py", line 318, in __iter__
    msg = self.recv(timeout=1.0)
  File "/usr/lib/python3.10/site-packages/can/bus.py", line 94, in recv
    msg, already_filtered = self._recv_internal(timeout=time_left)
  File "/usr/lib/python3.10/site-packages/can/interfaces/socketcan/socketcan.py", line 716, in _recv_internal
    ready_receive_sockets, _, _ = select.select([self.socket], [], [], timeout)
KeyboardInterrupt
^Z
[1]+  Stopped(SIGTSTP)        python3 main.py
root@phyboard-pollux-imx8mp-3:UFC_160_v1#